<?xml version="1.0" encoding="UTF-8"?>
<testsuite name="co.com.konex.certification.login.backoffice.runners.RunnerTags" tests="9" skipped="0" failures="0" errors="0" timestamp="2023-04-20T21:03:33" hostname="DESKTOP-SECB7O7" time="134.909">
  <properties/>
  <testcase name="Verificar el ingreso correcto con uno o diferentes usuarios #1" classname="co.com.konex.certification.login.backoffice.runners.RunnerTags" time="27.358"/>
  <testcase name="Verificar el ingreso correcto con uno o diferentes usuarios #2" classname="co.com.konex.certification.login.backoffice.runners.RunnerTags" time="16.968"/>
  <testcase name="Verificar el ingreso correcto con uno o diferentes usuarios #3" classname="co.com.konex.certification.login.backoffice.runners.RunnerTags" time="16.181"/>
  <testcase name="Verificar el ingreso de un usuario de manera erronea #1" classname="co.com.konex.certification.login.backoffice.runners.RunnerTags" time="12.945"/>
  <testcase name="Verificar el ingreso de un usuario de manera erronea #2" classname="co.com.konex.certification.login.backoffice.runners.RunnerTags" time="12.278"/>
  <testcase name="Verificar el ingreso de un usuario de manera erronea #3" classname="co.com.konex.certification.login.backoffice.runners.RunnerTags" time="12.578"/>
  <testcase name="Verificar el ingreso de un usuario de manera erronea #4" classname="co.com.konex.certification.login.backoffice.runners.RunnerTags" time="11.973"/>
  <testcase name="Verificar el ingreso de un usuario de manera erronea #5" classname="co.com.konex.certification.login.backoffice.runners.RunnerTags" time="12.897"/>
  <testcase name="Verificar el ingreso de un usuario de manera erronea #6" classname="co.com.konex.certification.login.backoffice.runners.RunnerTags" time="11.722"/>
  <system-out><![CDATA[16:03:33.384 [Test worker] INFO io.cucumber.core.plugin.SerenityReporter - Running feature from file:///C:/Users/johan/OneDrive/Documentos/KONEX/Pruebas%20automatizadas/automatizacion_login_backoffice_1v/src/test/resources/features/login_backoffice.feature
16:03:33.568 [Test worker] INFO  - ?[96m

-------------------------------------------------------------------------------------
     _______. _______ .______       _______ .__   __.  __  .___________.____    ____ 
    /       ||   ____||   _  \     |   ____||  \ |  | |  | |           |\   \  /   / 
   |   (----`|  |__   |  |_)  |    |  |__   |   \|  | |  | `---|  |----` \   \/   /  
    \   \    |   __|  |      /     |   __|  |  . `  | |  |     |  |       \_    _/   
.----)   |   |  |____ |  |\  \----.|  |____ |  |\   | |  |     |  |         |  |     
|_______/    |_______|| _| `._____||_______||__| \__| |__|     |__|         |__|    
                                                                                     
 News and tutorials at http://www.serenity-bdd.info                                  
 Documentation at https://wakaleo.gitbooks.io/the-serenity-book/content/             
 Join the Serenity Community on Gitter: https://gitter.im/serenity-bdd/serenity-core 
 Serenity BDD Support and Training at http://serenity-bdd.info/#/trainingandsupport  
-------------------------------------------------------------------------------------
?[0m
16:03:33.578 [Test worker] DEBUG net.thucydides.core.steps.StepEventBus - Test suite started for story net.thucydides.core.model.Story@128aecad
16:03:33.585 [Test worker] INFO  - Test Suite Started: verificar el login con diferentes usuarios
16:03:33.639 [Test worker] INFO io.cucumber.core.plugin.SerenityReporter - Running feature from file:///C:/Users/johan/OneDrive/Documentos/KONEX/Pruebas%20automatizadas/automatizacion_login_backoffice_1v/src/test/resources/features/login_backoffice.feature
16:03:33.645 [Test worker] DEBUG net.thucydides.core.steps.StepEventBus - Test suite started for story net.thucydides.core.model.Story@128aecad
16:03:33.647 [Test worker] INFO  - Test Suite Started: verificar el login con diferentes usuarios
16:03:33.843 [Test worker] INFO io.cucumber.core.plugin.SerenityReporter - Running feature from file:///C:/Users/johan/OneDrive/Documentos/KONEX/Pruebas%20automatizadas/automatizacion_login_backoffice_1v/src/test/resources/features/login_backoffice.feature
16:03:33.902 [Test worker] INFO  - 
  _____   ___   ___   _____     ___   _____     _     ___   _____   ___   ___  
 |_   _| | __| / __| |_   _|   / __| |_   _|   /_\   | _ \ |_   _| | __| |   \ 
   | |   | _|  \__ \   | |     \__ \   | |    / _ \  |   /   | |   | _|  | |) |
   |_|   |___| |___/   |_|     |___/   |_|   /_/ \_\ |_|_\   |_|   |___| |___/ 

Verificar el ingreso correcto con uno o diferentes usuarios(verificar-el-login-con-diferentes-usuarios;verificar-el-ingreso-correcto-con-uno-o-diferentes-usuarios)
--------------------------------------------------------------------------------
16:03:35.095 [Test worker] DEBUG net.thucydides.core.steps.StepInterceptor - STARTING STEP: MyStepdefinitions.queElUsuarioIngresaAlBackoffice - performAs
16:03:35.135 [Test worker] DEBUG net.thucydides.core.steps.StepInterceptor - STARTING STEP: AbrirPag.performAs - {0} opens the #targetPage
16:03:35.267 [Test worker] INFO net.serenitybdd.core.webdriver.driverproviders.ChromeDriverProvider - Using automatically driver download
16:03:36.835 [Test worker] DEBUG io.github.bonigarcia.wdm.cache.ResolutionCache - Resolution chrome=112 in cache (valid until 16:37:15 20/04/2023 COT)
16:03:36.836 [Test worker] DEBUG io.github.bonigarcia.wdm.cache.ResolutionCache - Resolution chrome112=112.0.5615.49 in cache (valid until 15:46:23 21/04/2023 COT)
16:03:36.837 [Test worker] INFO io.github.bonigarcia.wdm.WebDriverManager - Using chromedriver 112.0.5615.49 (resolved driver for Chrome 112)
16:03:36.843 [Test worker] DEBUG io.github.bonigarcia.wdm.WebDriverManager - Driver chromedriver 112.0.5615.49 found in cache
16:03:36.843 [Test worker] INFO io.github.bonigarcia.wdm.WebDriverManager - Exporting webdriver.chrome.driver as C:\Users\johan\.cache\selenium\chromedriver\win32\112.0.5615.49\chromedriver.exe
16:03:36.990 [Test worker] DEBUG net.thucydides.core.reflection.ClassFinder - Could not load class .co.com.konex.certification.login.backoffice.runners.RunnerTags
16:03:36.990 [Test worker] DEBUG net.thucydides.core.reflection.ClassFinder - Could not load class .co.com.konex.certification.login.backoffice.stepdefinitions.MyStepdefinitions
16:03:36.990 [Test worker] DEBUG net.thucydides.core.reflection.ClassFinder - Could not load class .co.com.konex.cetificacion.login.backoffice.Main
16:03:36.990 [Test worker] DEBUG net.thucydides.core.reflection.ClassFinder - Could not load class .co.com.konex.cetificacion.login.backoffice.models.TablaUsuarios
16:03:36.991 [Test worker] DEBUG net.thucydides.core.reflection.ClassFinder - Could not load class .co.com.konex.cetificacion.login.backoffice.questions.Validar
16:03:36.991 [Test worker] DEBUG net.thucydides.core.reflection.ClassFinder - Could not load class .co.com.konex.cetificacion.login.backoffice.questions.Verificar
16:03:36.991 [Test worker] DEBUG net.thucydides.core.reflection.ClassFinder - Could not load class .co.com.konex.cetificacion.login.backoffice.tasks.AbrirPag
16:03:36.991 [Test worker] DEBUG net.thucydides.core.reflection.ClassFinder - Could not load class .co.com.konex.cetificacion.login.backoffice.tasks.IngresarBack
16:03:36.991 [Test worker] DEBUG net.thucydides.core.reflection.ClassFinder - Could not load class .co.com.konex.cetificacion.login.backoffice.tasks.Seleccionarem
16:03:36.991 [Test worker] DEBUG net.thucydides.core.reflection.ClassFinder - Could not load class .co.com.konex.cetificacion.login.backoffice.userinterfaces.ContenedorDeObjetosLogin
16:03:36.991 [Test worker] DEBUG net.thucydides.core.reflection.ClassFinder - Could not load class .co.com.konex.cetificacion.login.backoffice.userinterfaces.PaginaBackoffice
16:03:36.992 [Test worker] DEBUG net.thucydides.core.reflection.ClassFinder - Could not load class .co.com.konex.cetificacion.login.backoffice.util.MetodosFuncionales
16:03:37.093 [Test worker] DEBUG net.serenitybdd.core.webdriver.driverproviders.ProvideNewDriver - Instantiating driver
16:03:37.093 [Test worker] DEBUG net.serenitybdd.core.webdriver.driverproviders.ProvideNewDriver - Driver capabilities: Capabilities {acceptInsecureCerts: false, autodownload: true, browserName: chrome, chrome.silentOutput: true, driver: chrome, goog:chromeOptions: {args: [--start-maximized --disable...], extensions: []}}
16:03:37.202 [Test worker] DEBUG io.netty.util.internal.logging.InternalLoggerFactory - Using SLF4J as the default logging framework
16:03:37.208 [Test worker] DEBUG io.netty.util.ResourceLeakDetector - -Dio.netty.leakDetection.level: simple
16:03:37.208 [Test worker] DEBUG io.netty.util.ResourceLeakDetector - -Dio.netty.leakDetection.targetRecords: 4
16:03:37.215 [Test worker] DEBUG io.netty.util.ResourceLeakDetectorFactory - Loaded default ResourceLeakDetector: io.netty.util.ResourceLeakDetector@6588b715
16:03:37.243 [Test worker] DEBUG io.netty.util.internal.PlatformDependent0 - -Dio.netty.noUnsafe: false
16:03:37.243 [Test worker] DEBUG io.netty.util.internal.PlatformDependent0 - Java version: 8
16:03:37.244 [Test worker] DEBUG io.netty.util.internal.PlatformDependent0 - sun.misc.Unsafe.theUnsafe: available
16:03:37.245 [Test worker] DEBUG io.netty.util.internal.PlatformDependent0 - sun.misc.Unsafe.copyMemory: available
16:03:37.246 [Test worker] DEBUG io.netty.util.internal.PlatformDependent0 - java.nio.Buffer.address: available
16:03:37.246 [Test worker] DEBUG io.netty.util.internal.PlatformDependent0 - direct buffer constructor: available
16:03:37.247 [Test worker] DEBUG io.netty.util.internal.PlatformDependent0 - java.nio.Bits.unaligned: available, true
16:03:37.247 [Test worker] DEBUG io.netty.util.internal.PlatformDependent0 - jdk.internal.misc.Unsafe.allocateUninitializedArray(int): unavailable prior to Java9
16:03:37.247 [Test worker] DEBUG io.netty.util.internal.PlatformDependent0 - java.nio.DirectByteBuffer.<init>(long, int): available
16:03:37.247 [Test worker] DEBUG io.netty.util.internal.PlatformDependent - sun.misc.Unsafe: available
16:03:37.248 [Test worker] DEBUG io.netty.util.internal.PlatformDependent - -Dio.netty.tmpdir: C:\Users\johan\AppData\Local\Temp (java.io.tmpdir)
16:03:37.248 [Test worker] DEBUG io.netty.util.internal.PlatformDependent - -Dio.netty.bitMode: 64 (sun.arch.data.model)
16:03:37.248 [Test worker] DEBUG io.netty.util.internal.PlatformDependent - Platform: Windows
16:03:37.249 [Test worker] DEBUG io.netty.util.internal.PlatformDependent - -Dio.netty.maxDirectMemory: 477626368 bytes
16:03:37.249 [Test worker] DEBUG io.netty.util.internal.PlatformDependent - -Dio.netty.uninitializedArrayAllocationThreshold: -1
16:03:37.251 [Test worker] DEBUG io.netty.util.internal.CleanerJava6 - java.nio.ByteBuffer.cleaner(): available
16:03:37.251 [Test worker] DEBUG io.netty.util.internal.PlatformDependent - -Dio.netty.noPreferDirect: false
16:03:37.263 [Test worker] DEBUG io.netty.util.internal.PlatformDependent - org.jctools-core.MpscChunkedArrayQueue: available
16:03:37.295 [Test worker] DEBUG io.netty.util.internal.InternalThreadLocalMap - -Dio.netty.threadLocalMap.stringBuilder.initialSize: 1024
16:03:37.295 [Test worker] DEBUG io.netty.util.internal.InternalThreadLocalMap - -Dio.netty.threadLocalMap.stringBuilder.maxSize: 4096
16:03:37.340 [Test worker] DEBUG io.netty.handler.ssl.JdkSslContext - Default protocols (JDK): [TLSv1.2, TLSv1.1, TLSv1] 
16:03:37.340 [Test worker] DEBUG io.netty.handler.ssl.JdkSslContext - Default cipher suites (JDK): [TLS_ECDHE_ECDSA_WITH_AES_256_GCM_SHA384, TLS_ECDHE_ECDSA_WITH_AES_128_GCM_SHA256, TLS_ECDHE_RSA_WITH_AES_128_GCM_SHA256, TLS_ECDHE_RSA_WITH_AES_256_GCM_SHA384, TLS_ECDHE_RSA_WITH_AES_128_CBC_SHA, TLS_ECDHE_RSA_WITH_AES_256_CBC_SHA, TLS_RSA_WITH_AES_128_GCM_SHA256, TLS_RSA_WITH_AES_128_CBC_SHA, TLS_RSA_WITH_AES_256_CBC_SHA]
16:03:37.387 [Test worker] DEBUG io.netty.channel.MultithreadEventLoopGroup - -Dio.netty.eventLoopThreads: 16
16:03:37.402 [Test worker] DEBUG io.netty.channel.nio.NioEventLoop - -Dio.netty.noKeySetOptimization: false
16:03:37.403 [Test worker] DEBUG io.netty.channel.nio.NioEventLoop - -Dio.netty.selectorAutoRebuildThreshold: 512
16:03:37.470 [Test worker] DEBUG io.netty.buffer.PooledByteBufAllocator - -Dio.netty.allocator.numHeapArenas: 1
16:03:37.470 [Test worker] DEBUG io.netty.buffer.PooledByteBufAllocator - -Dio.netty.allocator.numDirectArenas: 1
16:03:37.470 [Test worker] DEBUG io.netty.buffer.PooledByteBufAllocator - -Dio.netty.allocator.pageSize: 8192
16:03:37.470 [Test worker] DEBUG io.netty.buffer.PooledByteBufAllocator - -Dio.netty.allocator.maxOrder: 11
16:03:37.470 [Test worker] DEBUG io.netty.buffer.PooledByteBufAllocator - -Dio.netty.allocator.chunkSize: 16777216
16:03:37.471 [Test worker] DEBUG io.netty.buffer.PooledByteBufAllocator - -Dio.netty.allocator.smallCacheSize: 256
16:03:37.471 [Test worker] DEBUG io.netty.buffer.PooledByteBufAllocator - -Dio.netty.allocator.normalCacheSize: 64
16:03:37.471 [Test worker] DEBUG io.netty.buffer.PooledByteBufAllocator - -Dio.netty.allocator.maxCachedBufferCapacity: 32768
16:03:37.471 [Test worker] DEBUG io.netty.buffer.PooledByteBufAllocator - -Dio.netty.allocator.cacheTrimInterval: 8192
16:03:37.472 [Test worker] DEBUG io.netty.buffer.PooledByteBufAllocator - -Dio.netty.allocator.cacheTrimIntervalMillis: 600000
16:03:37.472 [Test worker] DEBUG io.netty.buffer.PooledByteBufAllocator - -Dio.netty.allocator.useCacheForAllThreads: false
16:03:37.472 [Test worker] DEBUG io.netty.buffer.PooledByteBufAllocator - -Dio.netty.allocator.maxCachedByteBuffersPerChunk: 1023
16:03:37.496 [Test worker] DEBUG io.netty.buffer.ByteBufUtil - -Dio.netty.allocator.type: pooled
16:03:37.496 [Test worker] DEBUG io.netty.buffer.ByteBufUtil - -Dio.netty.threadLocalDirectBufferSize: 0
16:03:37.496 [Test worker] DEBUG io.netty.buffer.ByteBufUtil - -Dio.netty.maxThreadLocalCharBufferSize: 16384
16:03:38.664 [Forwarding newSession on session null to remote] DEBUG io.netty.channel.DefaultChannelId - -Dio.netty.processId: 39460 (user-set)
16:03:38.667 [Forwarding newSession on session null to remote] DEBUG io.netty.channel.DefaultChannelId - -Dio.netty.machineId: 28:f0:76:ff:fe:16:65:0e (user-set)
16:03:38.861 [AsyncHttpClient-1-2] DEBUG io.netty.buffer.AbstractByteBuf - -Dio.netty.buffer.checkAccessible: true
16:03:38.861 [AsyncHttpClient-1-2] DEBUG io.netty.buffer.AbstractByteBuf - -Dio.netty.buffer.checkBounds: true
16:03:38.861 [AsyncHttpClient-1-2] DEBUG io.netty.util.ResourceLeakDetectorFactory - Loaded default ResourceLeakDetector: io.netty.util.ResourceLeakDetector@7c46cb7b
16:03:38.900 [AsyncHttpClient-1-2] DEBUG org.asynchttpclient.netty.channel.NettyConnectListener - Using new Channel '[id: 0x7d8f5a2d, L:/127.0.0.1:53408 - R:localhost/127.0.0.1:56023]' for 'POST' to '/session'
16:03:38.953 [AsyncHttpClient-1-2] DEBUG io.netty.util.Recycler - -Dio.netty.recycler.maxCapacityPerThread: 4096
16:03:38.953 [AsyncHttpClient-1-2] DEBUG io.netty.util.Recycler - -Dio.netty.recycler.ratio: 8
16:03:38.953 [AsyncHttpClient-1-2] DEBUG io.netty.util.Recycler - -Dio.netty.recycler.chunkSize: 32
16:03:38.953 [AsyncHttpClient-1-2] DEBUG io.netty.util.Recycler - -Dio.netty.recycler.blocking: false
16:03:41.923 [AsyncHttpClient-1-2] DEBUG io.netty.handler.codec.compression.Brotli - brotli4j not in the classpath; Brotli support will be unavailable.
16:03:41.923 [AsyncHttpClient-1-2] DEBUG org.asynchttpclient.netty.handler.HttpHandler - 

Request DefaultHttpRequest(decodeResult: success, version: HTTP/1.1)
POST /session HTTP/1.1
User-Agent: selenium/4.1.2 (java windows)
Content-Length: 776
Content-Type: application/json; charset=utf-8
host: localhost:56023
accept: */*

Response DefaultHttpResponse(decodeResult: success, version: HTTP/1.1)
HTTP/1.1 200 OK
Content-Type: application/json; charset=utf-8
cache-control: no-cache
content-length: 859

16:03:41.942 [AsyncHttpClient-1-2] DEBUG org.asynchttpclient.netty.channel.ChannelManager - Adding key: http://localhost:56023 for channel [id: 0x7d8f5a2d, L:/127.0.0.1:53408 - R:localhost/127.0.0.1:56023]
16:03:42.104 [AsyncHttpClient-1-3] DEBUG org.asynchttpclient.netty.channel.NettyConnectListener - Using new Channel '[id: 0xe0eb4dbc, L:/127.0.0.1:53418 - R:localhost/127.0.0.1:53411]' for 'GET' to '/json/version'
16:03:42.107 [AsyncHttpClient-1-3] DEBUG org.asynchttpclient.netty.handler.HttpHandler - 

Request DefaultFullHttpRequest(decodeResult: success, version: HTTP/1.1, content: EmptyByteBufBE)
GET /json/version HTTP/1.1
User-Agent: selenium/4.1.2 (java windows)
host: localhost:53411
accept: */*

Response DefaultHttpResponse(decodeResult: success, version: HTTP/1.1)
HTTP/1.1 200 OK
Content-Security-Policy: frame-ancestors 'none'
Content-Type: application/json; charset=UTF-8
content-length: 424

16:03:42.108 [AsyncHttpClient-1-3] DEBUG org.asynchttpclient.netty.channel.ChannelManager - Adding key: http://localhost:53411 for channel [id: 0xe0eb4dbc, L:/127.0.0.1:53418 - R:localhost/127.0.0.1:53411]
16:03:42.122 [Test worker] DEBUG io.netty.util.internal.ThreadLocalRandom - -Dio.netty.initialSeedUniquifier: 0x6c398ac2de3d5c80
16:03:42.128 [AsyncHttpClient-1-4] DEBUG org.asynchttpclient.netty.channel.NettyConnectListener - Using new Channel '[id: 0x4a24ef5e, L:/127.0.0.1:53419 - R:localhost/127.0.0.1:53411]' for 'GET' to '/devtools/browser/2ab86b79-e749-4ca8-84a5-50d4d155d680'
16:03:42.130 [AsyncHttpClient-1-4] DEBUG org.asynchttpclient.netty.handler.WebSocketHandler - 

Request DefaultFullHttpRequest(decodeResult: success, version: HTTP/1.1, content: EmptyByteBufBE)
GET /devtools/browser/2ab86b79-e749-4ca8-84a5-50d4d155d680 HTTP/1.1
upgrade: websocket
connection: upgrade
sec-websocket-key: Msna2PUY9kbjFF46O0L9Ug==
sec-websocket-version: 13
origin: http://localhost:53411
host: localhost:53411
accept: */*
user-agent: AHC/2.1

Response DefaultHttpResponse(decodeResult: success, version: HTTP/1.1)
HTTP/1.1 101 WebSocket Protocol Handshake
Upgrade: WebSocket
Connection: Upgrade
Sec-WebSocket-Accept: vrUWoWsIoLSwLT5SSgteFJ4DG4w=

16:03:42.398 [Test worker] DEBUG net.thucydides.core.reflection.ClassFinder - Could not load class .co.com.konex.certification.login.backoffice.runners.RunnerTags
16:03:42.399 [Test worker] DEBUG net.thucydides.core.reflection.ClassFinder - Could not load class .co.com.konex.certification.login.backoffice.stepdefinitions.MyStepdefinitions
16:03:42.399 [Test worker] DEBUG net.thucydides.core.reflection.ClassFinder - Could not load class .co.com.konex.cetificacion.login.backoffice.Main
16:03:42.399 [Test worker] DEBUG net.thucydides.core.reflection.ClassFinder - Could not load class .co.com.konex.cetificacion.login.backoffice.models.TablaUsuarios
16:03:42.399 [Test worker] DEBUG net.thucydides.core.reflection.ClassFinder - Could not load class .co.com.konex.cetificacion.login.backoffice.questions.Validar
16:03:42.399 [Test worker] DEBUG net.thucydides.core.reflection.ClassFinder - Could not load class .co.com.konex.cetificacion.login.backoffice.questions.Verificar
16:03:42.399 [Test worker] DEBUG net.thucydides.core.reflection.ClassFinder - Could not load class .co.com.konex.cetificacion.login.backoffice.tasks.AbrirPag
16:03:42.400 [Test worker] DEBUG net.thucydides.core.reflection.ClassFinder - Could not load class .co.com.konex.cetificacion.login.backoffice.tasks.IngresarBack
16:03:42.400 [Test worker] DEBUG net.thucydides.core.reflection.ClassFinder - Could not load class .co.com.konex.cetificacion.login.backoffice.tasks.Seleccionarem
16:03:42.400 [Test worker] DEBUG net.thucydides.core.reflection.ClassFinder - Could not load class .co.com.konex.cetificacion.login.backoffice.userinterfaces.ContenedorDeObjetosLogin
16:03:42.400 [Test worker] DEBUG net.thucydides.core.reflection.ClassFinder - Could not load class .co.com.konex.cetificacion.login.backoffice.userinterfaces.PaginaBackoffice
16:03:42.400 [Test worker] DEBUG net.thucydides.core.reflection.ClassFinder - Could not load class .co.com.konex.cetificacion.login.backoffice.util.MetodosFuncionales
16:03:42.413 [Forwarding get on session 7a76c51b001f256e46736fc78fb96381 to remote] DEBUG org.asynchttpclient.netty.request.NettyRequestSender - Using pooled Channel '[id: 0x7d8f5a2d, L:/127.0.0.1:53408 - R:localhost/127.0.0.1:56023]' for 'POST' to 'http://localhost:56023/session/7a76c51b001f256e46736fc78fb96381/url'
16:03:42.414 [Forwarding get on session 7a76c51b001f256e46736fc78fb96381 to remote] DEBUG org.asynchttpclient.netty.request.NettyRequestSender - Using open Channel [id: 0x7d8f5a2d, L:/127.0.0.1:53408 - R:localhost/127.0.0.1:56023] for POST '/session/7a76c51b001f256e46736fc78fb96381/url'
16:03:42.770 [AsyncHttpClient-1-1] DEBUG org.asynchttpclient.netty.channel.DefaultChannelPool - Entry count for : http://localhost:53411 : 1
16:03:43.873 [AsyncHttpClient-1-1] DEBUG org.asynchttpclient.netty.channel.DefaultChannelPool - Entry count for : http://localhost:53411 : 1
16:03:44.978 [AsyncHttpClient-1-1] DEBUG org.asynchttpclient.netty.channel.DefaultChannelPool - Entry count for : http://localhost:53411 : 1
16:03:46.069 [AsyncHttpClient-1-1] DEBUG org.asynchttpclient.netty.channel.DefaultChannelPool - Entry count for : http://localhost:53411 : 1
16:03:47.172 [AsyncHttpClient-1-1] DEBUG org.asynchttpclient.netty.channel.DefaultChannelPool - Entry count for : http://localhost:53411 : 1
16:03:48.276 [AsyncHttpClient-1-1] DEBUG org.asynchttpclient.netty.channel.DefaultChannelPool - Entry count for : http://localhost:53411 : 1
16:03:48.462 [AsyncHttpClient-1-2] DEBUG org.asynchttpclient.netty.handler.HttpHandler - 

Request DefaultHttpRequest(decodeResult: success, version: HTTP/1.1)
POST /session/7a76c51b001f256e46736fc78fb96381/url HTTP/1.1
User-Agent: selenium/4.1.2 (java windows)
Content-Length: 80
Content-Type: application/json; charset=utf-8
host: localhost:56023
accept: */*

Response DefaultHttpResponse(decodeResult: success, version: HTTP/1.1)
HTTP/1.1 200 OK
Content-Type: application/json; charset=utf-8
cache-control: no-cache
content-length: 14

16:03:48.463 [AsyncHttpClient-1-2] DEBUG org.asynchttpclient.netty.channel.ChannelManager - Adding key: http://localhost:56023 for channel [id: 0x7d8f5a2d, L:/127.0.0.1:53408 - R:localhost/127.0.0.1:56023]
16:03:48.470 [Forwarding setTimeout on session 7a76c51b001f256e46736fc78fb96381 to remote] DEBUG org.asynchttpclient.netty.request.NettyRequestSender - Using pooled Channel '[id: 0x7d8f5a2d, L:/127.0.0.1:53408 - R:localhost/127.0.0.1:56023]' for 'POST' to 'http://localhost:56023/session/7a76c51b001f256e46736fc78fb96381/timeouts'
16:03:48.470 [Forwarding setTimeout on session 7a76c51b001f256e46736fc78fb96381 to remote] DEBUG org.asynchttpclient.netty.request.NettyRequestSender - Using open Channel [id: 0x7d8f5a2d, L:/127.0.0.1:53408 - R:localhost/127.0.0.1:56023] for POST '/session/7a76c51b001f256e46736fc78fb96381/timeouts'
16:03:48.472 [AsyncHttpClient-1-2] DEBUG org.asynchttpclient.netty.handler.HttpHandler - 

Request DefaultHttpRequest(decodeResult: success, version: HTTP/1.1)
POST /session/7a76c51b001f256e46736fc78fb96381/timeouts HTTP/1.1
User-Agent: selenium/4.1.2 (java windows)
Content-Length: 22
Content-Type: application/json; charset=utf-8
host: localhost:56023
accept: */*

Response DefaultHttpResponse(decodeResult: success, version: HTTP/1.1)
HTTP/1.1 200 OK
Content-Type: application/json; charset=utf-8
cache-control: no-cache
content-length: 14

16:03:48.472 [AsyncHttpClient-1-2] DEBUG org.asynchttpclient.netty.channel.ChannelManager - Adding key: http://localhost:56023 for channel [id: 0x7d8f5a2d, L:/127.0.0.1:53408 - R:localhost/127.0.0.1:56023]
16:03:48.495 [Forwarding getCurrentUrl on session 7a76c51b001f256e46736fc78fb96381 to remote] DEBUG org.asynchttpclient.netty.request.NettyRequestSender - Using pooled Channel '[id: 0x7d8f5a2d, L:/127.0.0.1:53408 - R:localhost/127.0.0.1:56023]' for 'GET' to 'http://localhost:56023/session/7a76c51b001f256e46736fc78fb96381/url'
16:03:48.495 [Forwarding getCurrentUrl on session 7a76c51b001f256e46736fc78fb96381 to remote] DEBUG org.asynchttpclient.netty.request.NettyRequestSender - Using open Channel [id: 0x7d8f5a2d, L:/127.0.0.1:53408 - R:localhost/127.0.0.1:56023] for GET '/session/7a76c51b001f256e46736fc78fb96381/url'
16:03:48.502 [AsyncHttpClient-1-2] DEBUG org.asynchttpclient.netty.handler.HttpHandler - 

Request DefaultFullHttpRequest(decodeResult: success, version: HTTP/1.1, content: EmptyByteBufBE)
GET /session/7a76c51b001f256e46736fc78fb96381/url HTTP/1.1
User-Agent: selenium/4.1.2 (java windows)
Cache-Control: no-cache
Content-Type: application/json; charset=utf-8
host: localhost:56023
accept: */*

Response DefaultHttpResponse(decodeResult: success, version: HTTP/1.1)
HTTP/1.1 200 OK
Content-Type: application/json; charset=utf-8
cache-control: no-cache
content-length: 57

16:03:48.502 [AsyncHttpClient-1-2] DEBUG org.asynchttpclient.netty.channel.ChannelManager - Adding key: http://localhost:56023 for channel [id: 0x7d8f5a2d, L:/127.0.0.1:53408 - R:localhost/127.0.0.1:56023]
16:03:48.523 [Forwarding getCurrentUrl on session 7a76c51b001f256e46736fc78fb96381 to remote] DEBUG org.asynchttpclient.netty.request.NettyRequestSender - Using pooled Channel '[id: 0x7d8f5a2d, L:/127.0.0.1:53408 - R:localhost/127.0.0.1:56023]' for 'GET' to 'http://localhost:56023/session/7a76c51b001f256e46736fc78fb96381/url'
16:03:48.523 [Forwarding getCurrentUrl on session 7a76c51b001f256e46736fc78fb96381 to remote] DEBUG org.asynchttpclient.netty.request.NettyRequestSender - Using open Channel [id: 0x7d8f5a2d, L:/127.0.0.1:53408 - R:localhost/127.0.0.1:56023] for GET '/session/7a76c51b001f256e46736fc78fb96381/url'
16:03:48.528 [AsyncHttpClient-1-2] DEBUG org.asynchttpclient.netty.handler.HttpHandler - 

Request DefaultFullHttpRequest(decodeResult: success, version: HTTP/1.1, content: EmptyByteBufBE)
GET /session/7a76c51b001f256e46736fc78fb96381/url HTTP/1.1
User-Agent: selenium/4.1.2 (java windows)
Cache-Control: no-cache
Content-Type: application/json; charset=utf-8
host: localhost:56023
accept: */*

Response DefaultHttpResponse(decodeResult: success, version: HTTP/1.1)
HTTP/1.1 200 OK
Content-Type: application/json; charset=utf-8
cache-control: no-cache
content-length: 57

16:03:48.528 [AsyncHttpClient-1-2] DEBUG org.asynchttpclient.netty.channel.ChannelManager - Adding key: http://localhost:56023 for channel [id: 0x7d8f5a2d, L:/127.0.0.1:53408 - R:localhost/127.0.0.1:56023]
16:03:48.563 [Test worker] DEBUG net.serenitybdd.core.photography.Darkroom - Opening darkroom
16:03:48.564 [Darkroom Processing Line] DEBUG net.serenitybdd.core.photography.DarkroomProcessingLine - Darkroom processing line starting up
16:03:48.567 [Forwarding screenshot on session 7a76c51b001f256e46736fc78fb96381 to remote] DEBUG org.asynchttpclient.netty.request.NettyRequestSender - Using pooled Channel '[id: 0x7d8f5a2d, L:/127.0.0.1:53408 - R:localhost/127.0.0.1:56023]' for 'GET' to 'http://localhost:56023/session/7a76c51b001f256e46736fc78fb96381/screenshot'
16:03:48.567 [Forwarding screenshot on session 7a76c51b001f256e46736fc78fb96381 to remote] DEBUG org.asynchttpclient.netty.request.NettyRequestSender - Using open Channel [id: 0x7d8f5a2d, L:/127.0.0.1:53408 - R:localhost/127.0.0.1:56023] for GET '/session/7a76c51b001f256e46736fc78fb96381/screenshot'
16:03:48.773 [AsyncHttpClient-1-2] DEBUG org.asynchttpclient.netty.handler.HttpHandler - 

Request DefaultFullHttpRequest(decodeResult: success, version: HTTP/1.1, content: EmptyByteBufBE)
GET /session/7a76c51b001f256e46736fc78fb96381/screenshot HTTP/1.1
User-Agent: selenium/4.1.2 (java windows)
Cache-Control: no-cache
Content-Type: application/json; charset=utf-8
host: localhost:56023
accept: */*

Response DefaultHttpResponse(decodeResult: success, version: HTTP/1.1)
HTTP/1.1 200 OK
Content-Type: application/json; charset=utf-8
cache-control: no-cache
content-length: 379772

16:03:48.780 [AsyncHttpClient-1-2] DEBUG org.asynchttpclient.netty.channel.ChannelManager - Adding key: http://localhost:56023 for channel [id: 0x7d8f5a2d, L:/127.0.0.1:53408 - R:localhost/127.0.0.1:56023]
16:03:48.920 [Test worker] DEBUG net.serenitybdd.core.photography.Darkroom - Send negative for processing for C:\Users\johan\OneDrive\Documentos\KONEX\Pruebas automatizadas\automatizacion_login_backoffice_1v\target\827eba772fc8c0a7b9dfb33684fbbfab2dbf1f790c8339d229e180e243a6dda7.png
16:03:49.041 [Test worker] DEBUG net.thucydides.core.steps.StepInterceptor - STEP DONE: {0} opens the #targetPage
16:03:49.161 [Forwarding screenshot on session 7a76c51b001f256e46736fc78fb96381 to remote] DEBUG org.asynchttpclient.netty.request.NettyRequestSender - Using pooled Channel '[id: 0x7d8f5a2d, L:/127.0.0.1:53408 - R:localhost/127.0.0.1:56023]' for 'GET' to 'http://localhost:56023/session/7a76c51b001f256e46736fc78fb96381/screenshot'
16:03:49.161 [Forwarding screenshot on session 7a76c51b001f256e46736fc78fb96381 to remote] DEBUG org.asynchttpclient.netty.request.NettyRequestSender - Using open Channel [id: 0x7d8f5a2d, L:/127.0.0.1:53408 - R:localhost/127.0.0.1:56023] for GET '/session/7a76c51b001f256e46736fc78fb96381/screenshot'
16:03:49.358 [AsyncHttpClient-1-2] DEBUG org.asynchttpclient.netty.handler.HttpHandler - 

Request DefaultFullHttpRequest(decodeResult: success, version: HTTP/1.1, content: EmptyByteBufBE)
GET /session/7a76c51b001f256e46736fc78fb96381/screenshot HTTP/1.1
User-Agent: selenium/4.1.2 (java windows)
Cache-Control: no-cache
Content-Type: application/json; charset=utf-8
host: localhost:56023
accept: */*

Response DefaultHttpResponse(decodeResult: success, version: HTTP/1.1)
HTTP/1.1 200 OK
Content-Type: application/json; charset=utf-8
cache-control: no-cache
content-length: 379740

16:03:49.362 [AsyncHttpClient-1-2] DEBUG org.asynchttpclient.netty.channel.ChannelManager - Adding key: http://localhost:56023 for channel [id: 0x7d8f5a2d, L:/127.0.0.1:53408 - R:localhost/127.0.0.1:56023]
16:03:49.375 [AsyncHttpClient-1-1] DEBUG org.asynchttpclient.netty.channel.DefaultChannelPool - Entry count for : http://localhost:56023 : 1
16:03:49.375 [AsyncHttpClient-1-1] DEBUG org.asynchttpclient.netty.channel.DefaultChannelPool - Entry count for : http://localhost:53411 : 1
16:03:49.381 [Test worker] DEBUG net.serenitybdd.core.photography.Darkroom - Send negative for processing for C:\Users\johan\OneDrive\Documentos\KONEX\Pruebas automatizadas\automatizacion_login_backoffice_1v\target\2906e0e514c90d11ffaf03067b12110de544ee879fa76ed63b517fad1e2e3380.png
16:03:49.484 [Test worker] DEBUG net.thucydides.core.steps.StepInterceptor - STEP DONE: performAs
16:03:49.543 [Forwarding screenshot on session 7a76c51b001f256e46736fc78fb96381 to remote] DEBUG org.asynchttpclient.netty.request.NettyRequestSender - Using pooled Channel '[id: 0x7d8f5a2d, L:/127.0.0.1:53408 - R:localhost/127.0.0.1:56023]' for 'GET' to 'http://localhost:56023/session/7a76c51b001f256e46736fc78fb96381/screenshot'
16:03:49.543 [Forwarding screenshot on session 7a76c51b001f256e46736fc78fb96381 to remote] DEBUG org.asynchttpclient.netty.request.NettyRequestSender - Using open Channel [id: 0x7d8f5a2d, L:/127.0.0.1:53408 - R:localhost/127.0.0.1:56023] for GET '/session/7a76c51b001f256e46736fc78fb96381/screenshot'
16:03:49.735 [AsyncHttpClient-1-2] DEBUG org.asynchttpclient.netty.handler.HttpHandler - 

Request DefaultFullHttpRequest(decodeResult: success, version: HTTP/1.1, content: EmptyByteBufBE)
GET /session/7a76c51b001f256e46736fc78fb96381/screenshot HTTP/1.1
User-Agent: selenium/4.1.2 (java windows)
Cache-Control: no-cache
Content-Type: application/json; charset=utf-8
host: localhost:56023
accept: */*

Response DefaultHttpResponse(decodeResult: success, version: HTTP/1.1)
HTTP/1.1 200 OK
Content-Type: application/json; charset=utf-8
cache-control: no-cache
content-length: 379740

16:03:49.738 [AsyncHttpClient-1-2] DEBUG org.asynchttpclient.netty.channel.ChannelManager - Adding key: http://localhost:56023 for channel [id: 0x7d8f5a2d, L:/127.0.0.1:53408 - R:localhost/127.0.0.1:56023]
16:03:49.752 [Test worker] DEBUG net.serenitybdd.core.photography.Darkroom - Send negative for processing for C:\Users\johan\OneDrive\Documentos\KONEX\Pruebas automatizadas\automatizacion_login_backoffice_1v\target\2906e0e514c90d11ffaf03067b12110de544ee879fa76ed63b517fad1e2e3380.png
16:03:49.875 [Forwarding screenshot on session 7a76c51b001f256e46736fc78fb96381 to remote] DEBUG org.asynchttpclient.netty.request.NettyRequestSender - Using pooled Channel '[id: 0x7d8f5a2d, L:/127.0.0.1:53408 - R:localhost/127.0.0.1:56023]' for 'GET' to 'http://localhost:56023/session/7a76c51b001f256e46736fc78fb96381/screenshot'
16:03:49.875 [Forwarding screenshot on session 7a76c51b001f256e46736fc78fb96381 to remote] DEBUG org.asynchttpclient.netty.request.NettyRequestSender - Using open Channel [id: 0x7d8f5a2d, L:/127.0.0.1:53408 - R:localhost/127.0.0.1:56023] for GET '/session/7a76c51b001f256e46736fc78fb96381/screenshot'
16:03:50.090 [AsyncHttpClient-1-2] DEBUG org.asynchttpclient.netty.handler.HttpHandler - 

Request DefaultFullHttpRequest(decodeResult: success, version: HTTP/1.1, content: EmptyByteBufBE)
GET /session/7a76c51b001f256e46736fc78fb96381/screenshot HTTP/1.1
User-Agent: selenium/4.1.2 (java windows)
Cache-Control: no-cache
Content-Type: application/json; charset=utf-8
host: localhost:56023
accept: */*

Response DefaultHttpResponse(decodeResult: success, version: HTTP/1.1)
HTTP/1.1 200 OK
Content-Type: application/json; charset=utf-8
cache-control: no-cache
content-length: 379772

16:03:50.094 [AsyncHttpClient-1-2] DEBUG org.asynchttpclient.netty.channel.ChannelManager - Adding key: http://localhost:56023 for channel [id: 0x7d8f5a2d, L:/127.0.0.1:53408 - R:localhost/127.0.0.1:56023]
16:03:50.137 [Test worker] DEBUG net.serenitybdd.core.photography.Darkroom - Send negative for processing for C:\Users\johan\OneDrive\Documentos\KONEX\Pruebas automatizadas\automatizacion_login_backoffice_1v\target\827eba772fc8c0a7b9dfb33684fbbfab2dbf1f790c8339d229e180e243a6dda7.png
16:03:50.180 [Test worker] DEBUG net.thucydides.core.steps.StepInterceptor - STARTING STEP: MyStepdefinitions.digitaUsuarioYContrasennaDelUsuario - performAs
16:03:50.244 [Forwarding screenshot on session 7a76c51b001f256e46736fc78fb96381 to remote] DEBUG org.asynchttpclient.netty.request.NettyRequestSender - Using pooled Channel '[id: 0x7d8f5a2d, L:/127.0.0.1:53408 - R:localhost/127.0.0.1:56023]' for 'GET' to 'http://localhost:56023/session/7a76c51b001f256e46736fc78fb96381/screenshot'
16:03:50.244 [Forwarding screenshot on session 7a76c51b001f256e46736fc78fb96381 to remote] DEBUG org.asynchttpclient.netty.request.NettyRequestSender - Using open Channel [id: 0x7d8f5a2d, L:/127.0.0.1:53408 - R:localhost/127.0.0.1:56023] for GET '/session/7a76c51b001f256e46736fc78fb96381/screenshot'
16:03:50.440 [AsyncHttpClient-1-2] DEBUG org.asynchttpclient.netty.handler.HttpHandler - 

Request DefaultFullHttpRequest(decodeResult: success, version: HTTP/1.1, content: EmptyByteBufBE)
GET /session/7a76c51b001f256e46736fc78fb96381/screenshot HTTP/1.1
User-Agent: selenium/4.1.2 (java windows)
Cache-Control: no-cache
Content-Type: application/json; charset=utf-8
host: localhost:56023
accept: */*

Response DefaultHttpResponse(decodeResult: success, version: HTTP/1.1)
HTTP/1.1 200 OK
Content-Type: application/json; charset=utf-8
cache-control: no-cache
content-length: 379740

16:03:50.444 [AsyncHttpClient-1-2] DEBUG org.asynchttpclient.netty.channel.ChannelManager - Adding key: http://localhost:56023 for channel [id: 0x7d8f5a2d, L:/127.0.0.1:53408 - R:localhost/127.0.0.1:56023]
16:03:50.460 [Test worker] DEBUG net.serenitybdd.core.photography.Darkroom - Send negative for processing for C:\Users\johan\OneDrive\Documentos\KONEX\Pruebas automatizadas\automatizacion_login_backoffice_1v\target\2906e0e514c90d11ffaf03067b12110de544ee879fa76ed63b517fad1e2e3380.png
16:03:50.461 [Test worker] DEBUG net.thucydides.core.steps.StepInterceptor - STARTING STEP: IngresarBack.performAs - {0} enters #theTextAsAString into #target
16:03:50.477 [AsyncHttpClient-1-1] DEBUG org.asynchttpclient.netty.channel.DefaultChannelPool - Entry count for : http://localhost:56023 : 1
16:03:50.477 [AsyncHttpClient-1-1] DEBUG org.asynchttpclient.netty.channel.DefaultChannelPool - Entry count for : http://localhost:53411 : 1
16:03:50.932 [Test worker] DEBUG net.serenitybdd.screenplay.targets.IFrameSwitcher - default content already selected for Datos para campo de usuario
16:03:50.932 [Test worker] DEBUG net.serenitybdd.core.pages.WebElementFacadeImpl - Type '[Ljava.lang.CharSequence;@27358a19' : By.id: username
16:03:51.009 [Forwarding findElement on session 7a76c51b001f256e46736fc78fb96381 to remote] DEBUG org.asynchttpclient.netty.request.NettyRequestSender - Using pooled Channel '[id: 0x7d8f5a2d, L:/127.0.0.1:53408 - R:localhost/127.0.0.1:56023]' for 'POST' to 'http://localhost:56023/session/7a76c51b001f256e46736fc78fb96381/element'
16:03:51.009 [Forwarding findElement on session 7a76c51b001f256e46736fc78fb96381 to remote] DEBUG org.asynchttpclient.netty.request.NettyRequestSender - Using open Channel [id: 0x7d8f5a2d, L:/127.0.0.1:53408 - R:localhost/127.0.0.1:56023] for POST '/session/7a76c51b001f256e46736fc78fb96381/element'
16:03:51.034 [AsyncHttpClient-1-2] DEBUG org.asynchttpclient.netty.handler.HttpHandler - 

Request DefaultHttpRequest(decodeResult: success, version: HTTP/1.1)
POST /session/7a76c51b001f256e46736fc78fb96381/element HTTP/1.1
User-Agent: selenium/4.1.2 (java windows)
Content-Length: 53
Content-Type: application/json; charset=utf-8
host: localhost:56023
accept: */*

Response DefaultHttpResponse(decodeResult: success, version: HTTP/1.1)
HTTP/1.1 200 OK
Content-Type: application/json; charset=utf-8
cache-control: no-cache
content-length: 88

16:03:51.035 [AsyncHttpClient-1-2] DEBUG org.asynchttpclient.netty.channel.ChannelManager - Adding key: http://localhost:56023 for channel [id: 0x7d8f5a2d, L:/127.0.0.1:53408 - R:localhost/127.0.0.1:56023]
16:03:51.042 [Forwarding clearElement on session 7a76c51b001f256e46736fc78fb96381 to remote] DEBUG org.asynchttpclient.netty.request.NettyRequestSender - Using pooled Channel '[id: 0x7d8f5a2d, L:/127.0.0.1:53408 - R:localhost/127.0.0.1:56023]' for 'POST' to 'http://localhost:56023/session/7a76c51b001f256e46736fc78fb96381/element/75dcab8d-0d60-494d-be69-a04394dd69cb/clear'
16:03:51.043 [Forwarding clearElement on session 7a76c51b001f256e46736fc78fb96381 to remote] DEBUG org.asynchttpclient.netty.request.NettyRequestSender - Using open Channel [id: 0x7d8f5a2d, L:/127.0.0.1:53408 - R:localhost/127.0.0.1:56023] for POST '/session/7a76c51b001f256e46736fc78fb96381/element/75dcab8d-0d60-494d-be69-a04394dd69cb/clear'
16:03:51.114 [AsyncHttpClient-1-2] DEBUG org.asynchttpclient.netty.handler.HttpHandler - 

Request DefaultHttpRequest(decodeResult: success, version: HTTP/1.1)
POST /session/7a76c51b001f256e46736fc78fb96381/element/75dcab8d-0d60-494d-be69-a04394dd69cb/clear HTTP/1.1
User-Agent: selenium/4.1.2 (java windows)
Content-Length: 50
Content-Type: application/json; charset=utf-8
host: localhost:56023
accept: */*

Response DefaultHttpResponse(decodeResult: success, version: HTTP/1.1)
HTTP/1.1 200 OK
Content-Type: application/json; charset=utf-8
cache-control: no-cache
content-length: 14

16:03:51.115 [AsyncHttpClient-1-2] DEBUG org.asynchttpclient.netty.channel.ChannelManager - Adding key: http://localhost:56023 for channel [id: 0x7d8f5a2d, L:/127.0.0.1:53408 - R:localhost/127.0.0.1:56023]
16:03:51.146 [Forwarding sendKeysToElement on session 7a76c51b001f256e46736fc78fb96381 to remote] DEBUG org.asynchttpclient.netty.request.NettyRequestSender - Using pooled Channel '[id: 0x7d8f5a2d, L:/127.0.0.1:53408 - R:localhost/127.0.0.1:56023]' for 'POST' to 'http://localhost:56023/session/7a76c51b001f256e46736fc78fb96381/element/75dcab8d-0d60-494d-be69-a04394dd69cb/value'
16:03:51.147 [Forwarding sendKeysToElement on session 7a76c51b001f256e46736fc78fb96381 to remote] DEBUG org.asynchttpclient.netty.request.NettyRequestSender - Using open Channel [id: 0x7d8f5a2d, L:/127.0.0.1:53408 - R:localhost/127.0.0.1:56023] for POST '/session/7a76c51b001f256e46736fc78fb96381/element/75dcab8d-0d60-494d-be69-a04394dd69cb/value'
16:03:51.231 [AsyncHttpClient-1-2] DEBUG org.asynchttpclient.netty.handler.HttpHandler - 

Request DefaultHttpRequest(decodeResult: success, version: HTTP/1.1)
POST /session/7a76c51b001f256e46736fc78fb96381/element/75dcab8d-0d60-494d-be69-a04394dd69cb/value HTTP/1.1
User-Agent: selenium/4.1.2 (java windows)
Content-Length: 191
Content-Type: application/json; charset=utf-8
host: localhost:56023
accept: */*

Response DefaultHttpResponse(decodeResult: success, version: HTTP/1.1)
HTTP/1.1 200 OK
Content-Type: application/json; charset=utf-8
cache-control: no-cache
content-length: 14

16:03:51.232 [AsyncHttpClient-1-2] DEBUG org.asynchttpclient.netty.channel.ChannelManager - Adding key: http://localhost:56023 for channel [id: 0x7d8f5a2d, L:/127.0.0.1:53408 - R:localhost/127.0.0.1:56023]
16:03:51.285 [Forwarding screenshot on session 7a76c51b001f256e46736fc78fb96381 to remote] DEBUG org.asynchttpclient.netty.request.NettyRequestSender - Using pooled Channel '[id: 0x7d8f5a2d, L:/127.0.0.1:53408 - R:localhost/127.0.0.1:56023]' for 'GET' to 'http://localhost:56023/session/7a76c51b001f256e46736fc78fb96381/screenshot'
16:03:51.285 [Forwarding screenshot on session 7a76c51b001f256e46736fc78fb96381 to remote] DEBUG org.asynchttpclient.netty.request.NettyRequestSender - Using open Channel [id: 0x7d8f5a2d, L:/127.0.0.1:53408 - R:localhost/127.0.0.1:56023] for GET '/session/7a76c51b001f256e46736fc78fb96381/screenshot'
16:03:51.571 [AsyncHttpClient-1-1] DEBUG org.asynchttpclient.netty.channel.DefaultChannelPool - Entry count for : http://localhost:53411 : 1
16:03:51.703 [AsyncHttpClient-1-2] DEBUG org.asynchttpclient.netty.handler.HttpHandler - 

Request DefaultFullHttpRequest(decodeResult: success, version: HTTP/1.1, content: EmptyByteBufBE)
GET /session/7a76c51b001f256e46736fc78fb96381/screenshot HTTP/1.1
User-Agent: selenium/4.1.2 (java windows)
Cache-Control: no-cache
Content-Type: application/json; charset=utf-8
host: localhost:56023
accept: */*

Response DefaultHttpResponse(decodeResult: success, version: HTTP/1.1)
HTTP/1.1 200 OK
Content-Type: application/json; charset=utf-8
cache-control: no-cache
content-length: 378572

16:03:51.708 [AsyncHttpClient-1-2] DEBUG org.asynchttpclient.netty.channel.ChannelManager - Adding key: http://localhost:56023 for channel [id: 0x7d8f5a2d, L:/127.0.0.1:53408 - R:localhost/127.0.0.1:56023]
16:03:51.737 [Test worker] DEBUG net.serenitybdd.core.photography.Darkroom - Send negative for processing for C:\Users\johan\OneDrive\Documentos\KONEX\Pruebas automatizadas\automatizacion_login_backoffice_1v\target\006b24e5412277c5de3e2de51cd21d98827689b6fa88dab4e7de0ed1afc6cbb1.png
16:03:51.797 [Forwarding screenshot on session 7a76c51b001f256e46736fc78fb96381 to remote] DEBUG org.asynchttpclient.netty.request.NettyRequestSender - Using pooled Channel '[id: 0x7d8f5a2d, L:/127.0.0.1:53408 - R:localhost/127.0.0.1:56023]' for 'GET' to 'http://localhost:56023/session/7a76c51b001f256e46736fc78fb96381/screenshot'
16:03:51.797 [Forwarding screenshot on session 7a76c51b001f256e46736fc78fb96381 to remote] DEBUG org.asynchttpclient.netty.request.NettyRequestSender - Using open Channel [id: 0x7d8f5a2d, L:/127.0.0.1:53408 - R:localhost/127.0.0.1:56023] for GET '/session/7a76c51b001f256e46736fc78fb96381/screenshot'
16:03:52.201 [AsyncHttpClient-1-2] DEBUG org.asynchttpclient.netty.handler.HttpHandler - 

Request DefaultFullHttpRequest(decodeResult: success, version: HTTP/1.1, content: EmptyByteBufBE)
GET /session/7a76c51b001f256e46736fc78fb96381/screenshot HTTP/1.1
User-Agent: selenium/4.1.2 (java windows)
Cache-Control: no-cache
Content-Type: application/json; charset=utf-8
host: localhost:56023
accept: */*

Response DefaultHttpResponse(decodeResult: success, version: HTTP/1.1)
HTTP/1.1 200 OK
Content-Type: application/json; charset=utf-8
cache-control: no-cache
content-length: 378548

16:03:52.205 [AsyncHttpClient-1-2] DEBUG org.asynchttpclient.netty.channel.ChannelManager - Adding key: http://localhost:56023 for channel [id: 0x7d8f5a2d, L:/127.0.0.1:53408 - R:localhost/127.0.0.1:56023]
16:03:52.237 [Test worker] DEBUG net.serenitybdd.core.photography.Darkroom - Send negative for processing for C:\Users\johan\OneDrive\Documentos\KONEX\Pruebas automatizadas\automatizacion_login_backoffice_1v\target\593c02f2b79ab573dd722198271769da9d69a7badc725eaf18bb77823c363d3f.png
16:03:52.339 [Test worker] DEBUG net.thucydides.core.steps.StepInterceptor - STEP DONE: {0} enters #theTextAsAString into #target
16:03:52.385 [Forwarding screenshot on session 7a76c51b001f256e46736fc78fb96381 to remote] DEBUG org.asynchttpclient.netty.request.NettyRequestSender - Using pooled Channel '[id: 0x7d8f5a2d, L:/127.0.0.1:53408 - R:localhost/127.0.0.1:56023]' for 'GET' to 'http://localhost:56023/session/7a76c51b001f256e46736fc78fb96381/screenshot'
16:03:52.385 [Forwarding screenshot on session 7a76c51b001f256e46736fc78fb96381 to remote] DEBUG org.asynchttpclient.netty.request.NettyRequestSender - Using open Channel [id: 0x7d8f5a2d, L:/127.0.0.1:53408 - R:localhost/127.0.0.1:56023] for GET '/session/7a76c51b001f256e46736fc78fb96381/screenshot'
16:03:52.671 [AsyncHttpClient-1-1] DEBUG org.asynchttpclient.netty.channel.DefaultChannelPool - Entry count for : http://localhost:53411 : 1
16:03:52.792 [AsyncHttpClient-1-2] DEBUG org.asynchttpclient.netty.handler.HttpHandler - 

Request DefaultFullHttpRequest(decodeResult: success, version: HTTP/1.1, content: EmptyByteBufBE)
GET /session/7a76c51b001f256e46736fc78fb96381/screenshot HTTP/1.1
User-Agent: selenium/4.1.2 (java windows)
Cache-Control: no-cache
Content-Type: application/json; charset=utf-8
host: localhost:56023
accept: */*

Response DefaultHttpResponse(decodeResult: success, version: HTTP/1.1)
HTTP/1.1 200 OK
Content-Type: application/json; charset=utf-8
cache-control: no-cache
content-length: 378572

16:03:52.796 [AsyncHttpClient-1-2] DEBUG org.asynchttpclient.netty.channel.ChannelManager - Adding key: http://localhost:56023 for channel [id: 0x7d8f5a2d, L:/127.0.0.1:53408 - R:localhost/127.0.0.1:56023]
16:03:52.824 [Test worker] DEBUG net.serenitybdd.core.photography.Darkroom - Send negative for processing for C:\Users\johan\OneDrive\Documentos\KONEX\Pruebas automatizadas\automatizacion_login_backoffice_1v\target\006b24e5412277c5de3e2de51cd21d98827689b6fa88dab4e7de0ed1afc6cbb1.png
16:03:52.826 [Test worker] DEBUG net.thucydides.core.steps.StepInterceptor - STARTING STEP: IngresarBack.performAs - {0} enters #theTextAsAString into #target
16:03:52.849 [Test worker] DEBUG net.serenitybdd.screenplay.targets.IFrameSwitcher - default content already selected for Datos para campo contrasenna
16:03:52.849 [Test worker] DEBUG net.serenitybdd.core.pages.WebElementFacadeImpl - Type '[Ljava.lang.CharSequence;@15994b0b' : By.id: clave
16:03:52.932 [Forwarding findElement on session 7a76c51b001f256e46736fc78fb96381 to remote] DEBUG org.asynchttpclient.netty.request.NettyRequestSender - Using pooled Channel '[id: 0x7d8f5a2d, L:/127.0.0.1:53408 - R:localhost/127.0.0.1:56023]' for 'POST' to 'http://localhost:56023/session/7a76c51b001f256e46736fc78fb96381/element'
16:03:52.932 [Forwarding findElement on session 7a76c51b001f256e46736fc78fb96381 to remote] DEBUG org.asynchttpclient.netty.request.NettyRequestSender - Using open Channel [id: 0x7d8f5a2d, L:/127.0.0.1:53408 - R:localhost/127.0.0.1:56023] for POST '/session/7a76c51b001f256e46736fc78fb96381/element'
16:03:52.952 [AsyncHttpClient-1-2] DEBUG org.asynchttpclient.netty.handler.HttpHandler - 

Request DefaultHttpRequest(decodeResult: success, version: HTTP/1.1)
POST /session/7a76c51b001f256e46736fc78fb96381/element HTTP/1.1
User-Agent: selenium/4.1.2 (java windows)
Content-Length: 50
Content-Type: application/json; charset=utf-8
host: localhost:56023
accept: */*

Response DefaultHttpResponse(decodeResult: success, version: HTTP/1.1)
HTTP/1.1 200 OK
Content-Type: application/json; charset=utf-8
cache-control: no-cache
content-length: 88

16:03:52.952 [AsyncHttpClient-1-2] DEBUG org.asynchttpclient.netty.channel.ChannelManager - Adding key: http://localhost:56023 for channel [id: 0x7d8f5a2d, L:/127.0.0.1:53408 - R:localhost/127.0.0.1:56023]
16:03:52.955 [Forwarding clearElement on session 7a76c51b001f256e46736fc78fb96381 to remote] DEBUG org.asynchttpclient.netty.request.NettyRequestSender - Using pooled Channel '[id: 0x7d8f5a2d, L:/127.0.0.1:53408 - R:localhost/127.0.0.1:56023]' for 'POST' to 'http://localhost:56023/session/7a76c51b001f256e46736fc78fb96381/element/727725ca-1e11-4505-9fa3-9b0f33a44cc6/clear'
16:03:52.955 [Forwarding clearElement on session 7a76c51b001f256e46736fc78fb96381 to remote] DEBUG org.asynchttpclient.netty.request.NettyRequestSender - Using open Channel [id: 0x7d8f5a2d, L:/127.0.0.1:53408 - R:localhost/127.0.0.1:56023] for POST '/session/7a76c51b001f256e46736fc78fb96381/element/727725ca-1e11-4505-9fa3-9b0f33a44cc6/clear'
16:03:52.987 [AsyncHttpClient-1-2] DEBUG org.asynchttpclient.netty.handler.HttpHandler - 

Request DefaultHttpRequest(decodeResult: success, version: HTTP/1.1)
POST /session/7a76c51b001f256e46736fc78fb96381/element/727725ca-1e11-4505-9fa3-9b0f33a44cc6/clear HTTP/1.1
User-Agent: selenium/4.1.2 (java windows)
Content-Length: 50
Content-Type: application/json; charset=utf-8
host: localhost:56023
accept: */*

Response DefaultHttpResponse(decodeResult: success, version: HTTP/1.1)
HTTP/1.1 200 OK
Content-Type: application/json; charset=utf-8
cache-control: no-cache
content-length: 14

16:03:52.988 [AsyncHttpClient-1-2] DEBUG org.asynchttpclient.netty.channel.ChannelManager - Adding key: http://localhost:56023 for channel [id: 0x7d8f5a2d, L:/127.0.0.1:53408 - R:localhost/127.0.0.1:56023]
16:03:53.001 [Forwarding sendKeysToElement on session 7a76c51b001f256e46736fc78fb96381 to remote] DEBUG org.asynchttpclient.netty.request.NettyRequestSender - Using pooled Channel '[id: 0x7d8f5a2d, L:/127.0.0.1:53408 - R:localhost/127.0.0.1:56023]' for 'POST' to 'http://localhost:56023/session/7a76c51b001f256e46736fc78fb96381/element/727725ca-1e11-4505-9fa3-9b0f33a44cc6/value'
16:03:53.001 [Forwarding sendKeysToElement on session 7a76c51b001f256e46736fc78fb96381 to remote] DEBUG org.asynchttpclient.netty.request.NettyRequestSender - Using open Channel [id: 0x7d8f5a2d, L:/127.0.0.1:53408 - R:localhost/127.0.0.1:56023] for POST '/session/7a76c51b001f256e46736fc78fb96381/element/727725ca-1e11-4505-9fa3-9b0f33a44cc6/value'
16:03:53.064 [AsyncHttpClient-1-2] DEBUG org.asynchttpclient.netty.handler.HttpHandler - 

Request DefaultHttpRequest(decodeResult: success, version: HTTP/1.1)
POST /session/7a76c51b001f256e46736fc78fb96381/element/727725ca-1e11-4505-9fa3-9b0f33a44cc6/value HTTP/1.1
User-Agent: selenium/4.1.2 (java windows)
Content-Length: 181
Content-Type: application/json; charset=utf-8
host: localhost:56023
accept: */*

Response DefaultHttpResponse(decodeResult: success, version: HTTP/1.1)
HTTP/1.1 200 OK
Content-Type: application/json; charset=utf-8
cache-control: no-cache
content-length: 14

16:03:53.064 [AsyncHttpClient-1-2] DEBUG org.asynchttpclient.netty.channel.ChannelManager - Adding key: http://localhost:56023 for channel [id: 0x7d8f5a2d, L:/127.0.0.1:53408 - R:localhost/127.0.0.1:56023]
16:03:53.086 [Forwarding screenshot on session 7a76c51b001f256e46736fc78fb96381 to remote] DEBUG org.asynchttpclient.netty.request.NettyRequestSender - Using pooled Channel '[id: 0x7d8f5a2d, L:/127.0.0.1:53408 - R:localhost/127.0.0.1:56023]' for 'GET' to 'http://localhost:56023/session/7a76c51b001f256e46736fc78fb96381/screenshot'
16:03:53.086 [Forwarding screenshot on session 7a76c51b001f256e46736fc78fb96381 to remote] DEBUG org.asynchttpclient.netty.request.NettyRequestSender - Using open Channel [id: 0x7d8f5a2d, L:/127.0.0.1:53408 - R:localhost/127.0.0.1:56023] for GET '/session/7a76c51b001f256e46736fc78fb96381/screenshot'
16:03:53.274 [AsyncHttpClient-1-2] DEBUG org.asynchttpclient.netty.handler.HttpHandler - 

Request DefaultFullHttpRequest(decodeResult: success, version: HTTP/1.1, content: EmptyByteBufBE)
GET /session/7a76c51b001f256e46736fc78fb96381/screenshot HTTP/1.1
User-Agent: selenium/4.1.2 (java windows)
Cache-Control: no-cache
Content-Type: application/json; charset=utf-8
host: localhost:56023
accept: */*

Response DefaultHttpResponse(decodeResult: success, version: HTTP/1.1)
HTTP/1.1 200 OK
Content-Type: application/json; charset=utf-8
cache-control: no-cache
content-length: 376452

16:03:53.276 [AsyncHttpClient-1-2] DEBUG org.asynchttpclient.netty.channel.ChannelManager - Adding key: http://localhost:56023 for channel [id: 0x7d8f5a2d, L:/127.0.0.1:53408 - R:localhost/127.0.0.1:56023]
16:03:53.301 [Test worker] DEBUG net.serenitybdd.core.photography.Darkroom - Send negative for processing for C:\Users\johan\OneDrive\Documentos\KONEX\Pruebas automatizadas\automatizacion_login_backoffice_1v\target\6409296d25c248aedb7da1477f84c275db0599f87c2e3eeb6f484850a149a03f.png
16:03:53.437 [Test worker] DEBUG net.thucydides.core.steps.StepInterceptor - STEP DONE: {0} enters #theTextAsAString into #target
16:03:53.452 [Forwarding screenshot on session 7a76c51b001f256e46736fc78fb96381 to remote] DEBUG org.asynchttpclient.netty.request.NettyRequestSender - Using pooled Channel '[id: 0x7d8f5a2d, L:/127.0.0.1:53408 - R:localhost/127.0.0.1:56023]' for 'GET' to 'http://localhost:56023/session/7a76c51b001f256e46736fc78fb96381/screenshot'
16:03:53.452 [Forwarding screenshot on session 7a76c51b001f256e46736fc78fb96381 to remote] DEBUG org.asynchttpclient.netty.request.NettyRequestSender - Using open Channel [id: 0x7d8f5a2d, L:/127.0.0.1:53408 - R:localhost/127.0.0.1:56023] for GET '/session/7a76c51b001f256e46736fc78fb96381/screenshot'
16:03:53.637 [AsyncHttpClient-1-2] DEBUG org.asynchttpclient.netty.handler.HttpHandler - 

Request DefaultFullHttpRequest(decodeResult: success, version: HTTP/1.1, content: EmptyByteBufBE)
GET /session/7a76c51b001f256e46736fc78fb96381/screenshot HTTP/1.1
User-Agent: selenium/4.1.2 (java windows)
Cache-Control: no-cache
Content-Type: application/json; charset=utf-8
host: localhost:56023
accept: */*

Response DefaultHttpResponse(decodeResult: success, version: HTTP/1.1)
HTTP/1.1 200 OK
Content-Type: application/json; charset=utf-8
cache-control: no-cache
content-length: 376452

16:03:53.639 [AsyncHttpClient-1-2] DEBUG org.asynchttpclient.netty.channel.ChannelManager - Adding key: http://localhost:56023 for channel [id: 0x7d8f5a2d, L:/127.0.0.1:53408 - R:localhost/127.0.0.1:56023]
16:03:53.656 [Test worker] DEBUG net.serenitybdd.core.photography.Darkroom - Send negative for processing for C:\Users\johan\OneDrive\Documentos\KONEX\Pruebas automatizadas\automatizacion_login_backoffice_1v\target\6409296d25c248aedb7da1477f84c275db0599f87c2e3eeb6f484850a149a03f.png
16:03:53.657 [Test worker] DEBUG net.thucydides.core.steps.StepInterceptor - STARTING STEP: IngresarBack.performAs - {0} clicks on #target
16:03:53.658 [Test worker] DEBUG net.serenitybdd.screenplay.targets.IFrameSwitcher - default content already selected for Boton iniciar sesion
16:03:53.721 [Forwarding findElement on session 7a76c51b001f256e46736fc78fb96381 to remote] DEBUG org.asynchttpclient.netty.request.NettyRequestSender - Using pooled Channel '[id: 0x7d8f5a2d, L:/127.0.0.1:53408 - R:localhost/127.0.0.1:56023]' for 'POST' to 'http://localhost:56023/session/7a76c51b001f256e46736fc78fb96381/element'
16:03:53.721 [Forwarding findElement on session 7a76c51b001f256e46736fc78fb96381 to remote] DEBUG org.asynchttpclient.netty.request.NettyRequestSender - Using open Channel [id: 0x7d8f5a2d, L:/127.0.0.1:53408 - R:localhost/127.0.0.1:56023] for POST '/session/7a76c51b001f256e46736fc78fb96381/element'
16:03:53.743 [AsyncHttpClient-1-2] DEBUG org.asynchttpclient.netty.handler.HttpHandler - 

Request DefaultHttpRequest(decodeResult: success, version: HTTP/1.1)
POST /session/7a76c51b001f256e46736fc78fb96381/element HTTP/1.1
User-Agent: selenium/4.1.2 (java windows)
Content-Length: 89
Content-Type: application/json; charset=utf-8
host: localhost:56023
accept: */*

Response DefaultHttpResponse(decodeResult: success, version: HTTP/1.1)
HTTP/1.1 200 OK
Content-Type: application/json; charset=utf-8
cache-control: no-cache
content-length: 88

16:03:53.744 [AsyncHttpClient-1-2] DEBUG org.asynchttpclient.netty.channel.ChannelManager - Adding key: http://localhost:56023 for channel [id: 0x7d8f5a2d, L:/127.0.0.1:53408 - R:localhost/127.0.0.1:56023]
16:03:53.769 [Forwarding isElementDisplayed on session 7a76c51b001f256e46736fc78fb96381 to remote] DEBUG org.asynchttpclient.netty.request.NettyRequestSender - Using pooled Channel '[id: 0x7d8f5a2d, L:/127.0.0.1:53408 - R:localhost/127.0.0.1:56023]' for 'POST' to 'http://localhost:56023/session/7a76c51b001f256e46736fc78fb96381/execute/sync'
16:03:53.769 [Forwarding isElementDisplayed on session 7a76c51b001f256e46736fc78fb96381 to remote] DEBUG org.asynchttpclient.netty.request.NettyRequestSender - Using open Channel [id: 0x7d8f5a2d, L:/127.0.0.1:53408 - R:localhost/127.0.0.1:56023] for POST '/session/7a76c51b001f256e46736fc78fb96381/execute/sync'
16:03:53.771 [AsyncHttpClient-1-1] DEBUG org.asynchttpclient.netty.channel.DefaultChannelPool - Entry count for : http://localhost:53411 : 1
16:03:53.787 [AsyncHttpClient-1-2] DEBUG org.asynchttpclient.netty.handler.HttpHandler - 

Request DefaultHttpRequest(decodeResult: success, version: HTTP/1.1)
POST /session/7a76c51b001f256e46736fc78fb96381/execute/sync HTTP/1.1
User-Agent: selenium/4.1.2 (java windows)
Content-Length: 48780
Content-Type: application/json; charset=utf-8
host: localhost:56023
accept: */*

Response DefaultHttpResponse(decodeResult: success, version: HTTP/1.1)
HTTP/1.1 200 OK
Content-Type: application/json; charset=utf-8
cache-control: no-cache
content-length: 14

16:03:53.788 [AsyncHttpClient-1-2] DEBUG org.asynchttpclient.netty.channel.ChannelManager - Adding key: http://localhost:56023 for channel [id: 0x7d8f5a2d, L:/127.0.0.1:53408 - R:localhost/127.0.0.1:56023]
16:03:53.789 [Test worker] DEBUG net.serenitybdd.core.pages.WebElementFacadeImpl - click : By.xpath: //span[contains(text(),'INICIAR SESIÓN')]
16:03:53.808 [Forwarding findElement on session 7a76c51b001f256e46736fc78fb96381 to remote] DEBUG org.asynchttpclient.netty.request.NettyRequestSender - Using pooled Channel '[id: 0x7d8f5a2d, L:/127.0.0.1:53408 - R:localhost/127.0.0.1:56023]' for 'POST' to 'http://localhost:56023/session/7a76c51b001f256e46736fc78fb96381/element'
16:03:53.808 [Forwarding findElement on session 7a76c51b001f256e46736fc78fb96381 to remote] DEBUG org.asynchttpclient.netty.request.NettyRequestSender - Using open Channel [id: 0x7d8f5a2d, L:/127.0.0.1:53408 - R:localhost/127.0.0.1:56023] for POST '/session/7a76c51b001f256e46736fc78fb96381/element'
16:03:53.816 [AsyncHttpClient-1-2] DEBUG org.asynchttpclient.netty.handler.HttpHandler - 

Request DefaultHttpRequest(decodeResult: success, version: HTTP/1.1)
POST /session/7a76c51b001f256e46736fc78fb96381/element HTTP/1.1
User-Agent: selenium/4.1.2 (java windows)
Content-Length: 89
Content-Type: application/json; charset=utf-8
host: localhost:56023
accept: */*

Response DefaultHttpResponse(decodeResult: success, version: HTTP/1.1)
HTTP/1.1 200 OK
Content-Type: application/json; charset=utf-8
cache-control: no-cache
content-length: 88

16:03:53.816 [AsyncHttpClient-1-2] DEBUG org.asynchttpclient.netty.channel.ChannelManager - Adding key: http://localhost:56023 for channel [id: 0x7d8f5a2d, L:/127.0.0.1:53408 - R:localhost/127.0.0.1:56023]
16:03:53.818 [Forwarding clickElement on session 7a76c51b001f256e46736fc78fb96381 to remote] DEBUG org.asynchttpclient.netty.request.NettyRequestSender - Using pooled Channel '[id: 0x7d8f5a2d, L:/127.0.0.1:53408 - R:localhost/127.0.0.1:56023]' for 'POST' to 'http://localhost:56023/session/7a76c51b001f256e46736fc78fb96381/element/77547189-8541-4bc0-89e2-47a6cdbebb09/click'
16:03:53.818 [Forwarding clickElement on session 7a76c51b001f256e46736fc78fb96381 to remote] DEBUG org.asynchttpclient.netty.request.NettyRequestSender - Using open Channel [id: 0x7d8f5a2d, L:/127.0.0.1:53408 - R:localhost/127.0.0.1:56023] for POST '/session/7a76c51b001f256e46736fc78fb96381/element/77547189-8541-4bc0-89e2-47a6cdbebb09/click'
16:03:53.882 [AsyncHttpClient-1-2] DEBUG org.asynchttpclient.netty.handler.HttpHandler - 

Request DefaultHttpRequest(decodeResult: success, version: HTTP/1.1)
POST /session/7a76c51b001f256e46736fc78fb96381/element/77547189-8541-4bc0-89e2-47a6cdbebb09/click HTTP/1.1
User-Agent: selenium/4.1.2 (java windows)
Content-Length: 50
Content-Type: application/json; charset=utf-8
host: localhost:56023
accept: */*

Response DefaultHttpResponse(decodeResult: success, version: HTTP/1.1)
HTTP/1.1 200 OK
Content-Type: application/json; charset=utf-8
cache-control: no-cache
content-length: 14

16:03:53.883 [AsyncHttpClient-1-2] DEBUG org.asynchttpclient.netty.channel.ChannelManager - Adding key: http://localhost:56023 for channel [id: 0x7d8f5a2d, L:/127.0.0.1:53408 - R:localhost/127.0.0.1:56023]
16:03:53.906 [Forwarding screenshot on session 7a76c51b001f256e46736fc78fb96381 to remote] DEBUG org.asynchttpclient.netty.request.NettyRequestSender - Using pooled Channel '[id: 0x7d8f5a2d, L:/127.0.0.1:53408 - R:localhost/127.0.0.1:56023]' for 'GET' to 'http://localhost:56023/session/7a76c51b001f256e46736fc78fb96381/screenshot'
16:03:53.906 [Forwarding screenshot on session 7a76c51b001f256e46736fc78fb96381 to remote] DEBUG org.asynchttpclient.netty.request.NettyRequestSender - Using open Channel [id: 0x7d8f5a2d, L:/127.0.0.1:53408 - R:localhost/127.0.0.1:56023] for GET '/session/7a76c51b001f256e46736fc78fb96381/screenshot'
16:03:54.103 [AsyncHttpClient-1-2] DEBUG org.asynchttpclient.netty.handler.HttpHandler - 

Request DefaultFullHttpRequest(decodeResult: success, version: HTTP/1.1, content: EmptyByteBufBE)
GET /session/7a76c51b001f256e46736fc78fb96381/screenshot HTTP/1.1
User-Agent: selenium/4.1.2 (java windows)
Cache-Control: no-cache
Content-Type: application/json; charset=utf-8
host: localhost:56023
accept: */*

Response DefaultHttpResponse(decodeResult: success, version: HTTP/1.1)
HTTP/1.1 200 OK
Content-Type: application/json; charset=utf-8
cache-control: no-cache
content-length: 356264

16:03:54.105 [AsyncHttpClient-1-2] DEBUG org.asynchttpclient.netty.channel.ChannelManager - Adding key: http://localhost:56023 for channel [id: 0x7d8f5a2d, L:/127.0.0.1:53408 - R:localhost/127.0.0.1:56023]
16:03:54.121 [Test worker] DEBUG net.serenitybdd.core.photography.Darkroom - Send negative for processing for C:\Users\johan\OneDrive\Documentos\KONEX\Pruebas automatizadas\automatizacion_login_backoffice_1v\target\58276f190b06a2962d702a4637088e2509617d7eeb30630cab12d97019bf3d19.png
16:03:54.122 [Darkroom Processing Line] DEBUG net.serenitybdd.core.photography.DarkroomProcessingLine - Processing screenshot image in /var/screenshots/screenshot-5428599551845782643
16:03:54.122 [Darkroom Processing Line] DEBUG net.serenitybdd.core.photography.DarkroomProcessingLine - Saving screenshot to C:\Users\johan\OneDrive\Documentos\KONEX\Pruebas automatizadas\automatizacion_login_backoffice_1v\target\58276f190b06a2962d702a4637088e2509617d7eeb30630cab12d97019bf3d19.png
16:03:54.255 [Test worker] DEBUG net.thucydides.core.steps.StepInterceptor - STEP DONE: {0} clicks on #target
16:03:54.279 [Forwarding screenshot on session 7a76c51b001f256e46736fc78fb96381 to remote] DEBUG org.asynchttpclient.netty.request.NettyRequestSender - Using pooled Channel '[id: 0x7d8f5a2d, L:/127.0.0.1:53408 - R:localhost/127.0.0.1:56023]' for 'GET' to 'http://localhost:56023/session/7a76c51b001f256e46736fc78fb96381/screenshot'
16:03:54.279 [Forwarding screenshot on session 7a76c51b001f256e46736fc78fb96381 to remote] DEBUG org.asynchttpclient.netty.request.NettyRequestSender - Using open Channel [id: 0x7d8f5a2d, L:/127.0.0.1:53408 - R:localhost/127.0.0.1:56023] for GET '/session/7a76c51b001f256e46736fc78fb96381/screenshot'
16:03:54.504 [AsyncHttpClient-1-2] DEBUG org.asynchttpclient.netty.handler.HttpHandler - 

Request DefaultFullHttpRequest(decodeResult: success, version: HTTP/1.1, content: EmptyByteBufBE)
GET /session/7a76c51b001f256e46736fc78fb96381/screenshot HTTP/1.1
User-Agent: selenium/4.1.2 (java windows)
Cache-Control: no-cache
Content-Type: application/json; charset=utf-8
host: localhost:56023
accept: */*

Response DefaultHttpResponse(decodeResult: success, version: HTTP/1.1)
HTTP/1.1 200 OK
Content-Type: application/json; charset=utf-8
cache-control: no-cache
content-length: 356156

16:03:54.505 [AsyncHttpClient-1-2] DEBUG org.asynchttpclient.netty.channel.ChannelManager - Adding key: http://localhost:56023 for channel [id: 0x7d8f5a2d, L:/127.0.0.1:53408 - R:localhost/127.0.0.1:56023]
16:03:54.517 [Test worker] DEBUG net.serenitybdd.core.photography.Darkroom - Send negative for processing for C:\Users\johan\OneDrive\Documentos\KONEX\Pruebas automatizadas\automatizacion_login_backoffice_1v\target\a59b4a2ea93bf9c0728d9e4c1f4f670931107897a17d7b96b5cf23d5c9028917.png
16:03:54.517 [Darkroom Processing Line] DEBUG net.serenitybdd.core.photography.DarkroomProcessingLine - Processing screenshot image in /var/screenshots/screenshot-2864715095178579316
16:03:54.517 [Darkroom Processing Line] DEBUG net.serenitybdd.core.photography.DarkroomProcessingLine - Saving screenshot to C:\Users\johan\OneDrive\Documentos\KONEX\Pruebas automatizadas\automatizacion_login_backoffice_1v\target\a59b4a2ea93bf9c0728d9e4c1f4f670931107897a17d7b96b5cf23d5c9028917.png
16:03:54.620 [Test worker] DEBUG net.thucydides.core.steps.StepInterceptor - STEP DONE: performAs
16:03:54.646 [Forwarding screenshot on session 7a76c51b001f256e46736fc78fb96381 to remote] DEBUG org.asynchttpclient.netty.request.NettyRequestSender - Using pooled Channel '[id: 0x7d8f5a2d, L:/127.0.0.1:53408 - R:localhost/127.0.0.1:56023]' for 'GET' to 'http://localhost:56023/session/7a76c51b001f256e46736fc78fb96381/screenshot'
16:03:54.646 [Forwarding screenshot on session 7a76c51b001f256e46736fc78fb96381 to remote] DEBUG org.asynchttpclient.netty.request.NettyRequestSender - Using open Channel [id: 0x7d8f5a2d, L:/127.0.0.1:53408 - R:localhost/127.0.0.1:56023] for GET '/session/7a76c51b001f256e46736fc78fb96381/screenshot'
16:03:54.866 [AsyncHttpClient-1-2] DEBUG org.asynchttpclient.netty.handler.HttpHandler - 

Request DefaultFullHttpRequest(decodeResult: success, version: HTTP/1.1, content: EmptyByteBufBE)
GET /session/7a76c51b001f256e46736fc78fb96381/screenshot HTTP/1.1
User-Agent: selenium/4.1.2 (java windows)
Cache-Control: no-cache
Content-Type: application/json; charset=utf-8
host: localhost:56023
accept: */*

Response DefaultHttpResponse(decodeResult: success, version: HTTP/1.1)
HTTP/1.1 200 OK
Content-Type: application/json; charset=utf-8
cache-control: no-cache
content-length: 356236

16:03:54.868 [AsyncHttpClient-1-2] DEBUG org.asynchttpclient.netty.channel.ChannelManager - Adding key: http://localhost:56023 for channel [id: 0x7d8f5a2d, L:/127.0.0.1:53408 - R:localhost/127.0.0.1:56023]
16:03:54.870 [AsyncHttpClient-1-1] DEBUG org.asynchttpclient.netty.channel.DefaultChannelPool - Entry count for : http://localhost:56023 : 1
16:03:54.870 [AsyncHttpClient-1-1] DEBUG org.asynchttpclient.netty.channel.DefaultChannelPool - Entry count for : http://localhost:53411 : 1
16:03:54.880 [Test worker] DEBUG net.serenitybdd.core.photography.Darkroom - Send negative for processing for C:\Users\johan\OneDrive\Documentos\KONEX\Pruebas automatizadas\automatizacion_login_backoffice_1v\target\2b37641ec0af2d473b33fee027baabfdda0b3e6a5fdd068828185db50d162633.png
16:03:54.881 [Darkroom Processing Line] DEBUG net.serenitybdd.core.photography.DarkroomProcessingLine - Processing screenshot image in /var/screenshots/screenshot-1912804201899521145
16:03:54.881 [Darkroom Processing Line] DEBUG net.serenitybdd.core.photography.DarkroomProcessingLine - Saving screenshot to C:\Users\johan\OneDrive\Documentos\KONEX\Pruebas automatizadas\automatizacion_login_backoffice_1v\target\2b37641ec0af2d473b33fee027baabfdda0b3e6a5fdd068828185db50d162633.png
16:03:55.012 [Forwarding screenshot on session 7a76c51b001f256e46736fc78fb96381 to remote] DEBUG org.asynchttpclient.netty.request.NettyRequestSender - Using pooled Channel '[id: 0x7d8f5a2d, L:/127.0.0.1:53408 - R:localhost/127.0.0.1:56023]' for 'GET' to 'http://localhost:56023/session/7a76c51b001f256e46736fc78fb96381/screenshot'
16:03:55.012 [Forwarding screenshot on session 7a76c51b001f256e46736fc78fb96381 to remote] DEBUG org.asynchttpclient.netty.request.NettyRequestSender - Using open Channel [id: 0x7d8f5a2d, L:/127.0.0.1:53408 - R:localhost/127.0.0.1:56023] for GET '/session/7a76c51b001f256e46736fc78fb96381/screenshot'
16:03:55.444 [AsyncHttpClient-1-2] DEBUG org.asynchttpclient.netty.handler.HttpHandler - 

Request DefaultFullHttpRequest(decodeResult: success, version: HTTP/1.1, content: EmptyByteBufBE)
GET /session/7a76c51b001f256e46736fc78fb96381/screenshot HTTP/1.1
User-Agent: selenium/4.1.2 (java windows)
Cache-Control: no-cache
Content-Type: application/json; charset=utf-8
host: localhost:56023
accept: */*

Response DefaultHttpResponse(decodeResult: success, version: HTTP/1.1)
HTTP/1.1 200 OK
Content-Type: application/json; charset=utf-8
cache-control: no-cache
content-length: 356144

16:03:55.449 [AsyncHttpClient-1-2] DEBUG org.asynchttpclient.netty.channel.ChannelManager - Adding key: http://localhost:56023 for channel [id: 0x7d8f5a2d, L:/127.0.0.1:53408 - R:localhost/127.0.0.1:56023]
16:03:55.476 [Test worker] DEBUG net.serenitybdd.core.photography.Darkroom - Send negative for processing for C:\Users\johan\OneDrive\Documentos\KONEX\Pruebas automatizadas\automatizacion_login_backoffice_1v\target\0826aededb55ed2dc63494841c1c24e2d1acccd233b19c89e0745bdd17db117c.png
16:03:55.477 [Darkroom Processing Line] DEBUG net.serenitybdd.core.photography.DarkroomProcessingLine - Processing screenshot image in /var/screenshots/screenshot-5247414128553090238
16:03:55.477 [Darkroom Processing Line] DEBUG net.serenitybdd.core.photography.DarkroomProcessingLine - Saving screenshot to C:\Users\johan\OneDrive\Documentos\KONEX\Pruebas automatizadas\automatizacion_login_backoffice_1v\target\0826aededb55ed2dc63494841c1c24e2d1acccd233b19c89e0745bdd17db117c.png
16:03:55.566 [Forwarding screenshot on session 7a76c51b001f256e46736fc78fb96381 to remote] DEBUG org.asynchttpclient.netty.request.NettyRequestSender - Using pooled Channel '[id: 0x7d8f5a2d, L:/127.0.0.1:53408 - R:localhost/127.0.0.1:56023]' for 'GET' to 'http://localhost:56023/session/7a76c51b001f256e46736fc78fb96381/screenshot'
16:03:55.567 [Forwarding screenshot on session 7a76c51b001f256e46736fc78fb96381 to remote] DEBUG org.asynchttpclient.netty.request.NettyRequestSender - Using open Channel [id: 0x7d8f5a2d, L:/127.0.0.1:53408 - R:localhost/127.0.0.1:56023] for GET '/session/7a76c51b001f256e46736fc78fb96381/screenshot'
16:03:55.960 [AsyncHttpClient-1-2] DEBUG org.asynchttpclient.netty.handler.HttpHandler - 

Request DefaultFullHttpRequest(decodeResult: success, version: HTTP/1.1, content: EmptyByteBufBE)
GET /session/7a76c51b001f256e46736fc78fb96381/screenshot HTTP/1.1
User-Agent: selenium/4.1.2 (java windows)
Cache-Control: no-cache
Content-Type: application/json; charset=utf-8
host: localhost:56023
accept: */*

Response DefaultHttpResponse(decodeResult: success, version: HTTP/1.1)
HTTP/1.1 200 OK
Content-Type: application/json; charset=utf-8
cache-control: no-cache
content-length: 357748

16:03:55.964 [AsyncHttpClient-1-2] DEBUG org.asynchttpclient.netty.channel.ChannelManager - Adding key: http://localhost:56023 for channel [id: 0x7d8f5a2d, L:/127.0.0.1:53408 - R:localhost/127.0.0.1:56023]
16:03:55.971 [AsyncHttpClient-1-1] DEBUG org.asynchttpclient.netty.channel.DefaultChannelPool - Entry count for : http://localhost:56023 : 1
16:03:55.971 [AsyncHttpClient-1-1] DEBUG org.asynchttpclient.netty.channel.DefaultChannelPool - Entry count for : http://localhost:53411 : 1
16:03:55.990 [Test worker] DEBUG net.serenitybdd.core.photography.Darkroom - Send negative for processing for C:\Users\johan\OneDrive\Documentos\KONEX\Pruebas automatizadas\automatizacion_login_backoffice_1v\target\ade7105eaaa65009ff90a10db17f3ce0d4eaab753793b532cca190ba5a0964ad.png
16:03:55.991 [Test worker] DEBUG net.thucydides.core.steps.StepInterceptor - STARTING STEP: MyStepdefinitions.seleccionaEmpresa - performAs
16:03:56.033 [Test worker] DEBUG net.thucydides.core.steps.StepInterceptor - STARTING STEP: Seleccionarem.performAs - {0} clicks on #target
16:03:56.034 [Test worker] DEBUG net.serenitybdd.screenplay.targets.IFrameSwitcher - default content already selected for empresa
16:03:56.182 [Forwarding findElement on session 7a76c51b001f256e46736fc78fb96381 to remote] DEBUG org.asynchttpclient.netty.request.NettyRequestSender - Using pooled Channel '[id: 0x7d8f5a2d, L:/127.0.0.1:53408 - R:localhost/127.0.0.1:56023]' for 'POST' to 'http://localhost:56023/session/7a76c51b001f256e46736fc78fb96381/element'
16:03:56.182 [Forwarding findElement on session 7a76c51b001f256e46736fc78fb96381 to remote] DEBUG org.asynchttpclient.netty.request.NettyRequestSender - Using open Channel [id: 0x7d8f5a2d, L:/127.0.0.1:53408 - R:localhost/127.0.0.1:56023] for POST '/session/7a76c51b001f256e46736fc78fb96381/element'
16:03:56.202 [AsyncHttpClient-1-2] DEBUG org.asynchttpclient.netty.handler.HttpHandler - 

Request DefaultHttpRequest(decodeResult: success, version: HTTP/1.1)
POST /session/7a76c51b001f256e46736fc78fb96381/element HTTP/1.1
User-Agent: selenium/4.1.2 (java windows)
Content-Length: 84
Content-Type: application/json; charset=utf-8
host: localhost:56023
accept: */*

Response DefaultHttpResponse(decodeResult: success, version: HTTP/1.1)
HTTP/1.1 200 OK
Content-Type: application/json; charset=utf-8
cache-control: no-cache
content-length: 88

16:03:56.202 [AsyncHttpClient-1-2] DEBUG org.asynchttpclient.netty.channel.ChannelManager - Adding key: http://localhost:56023 for channel [id: 0x7d8f5a2d, L:/127.0.0.1:53408 - R:localhost/127.0.0.1:56023]
16:03:56.235 [Forwarding isElementDisplayed on session 7a76c51b001f256e46736fc78fb96381 to remote] DEBUG org.asynchttpclient.netty.request.NettyRequestSender - Using pooled Channel '[id: 0x7d8f5a2d, L:/127.0.0.1:53408 - R:localhost/127.0.0.1:56023]' for 'POST' to 'http://localhost:56023/session/7a76c51b001f256e46736fc78fb96381/execute/sync'
16:03:56.235 [Forwarding isElementDisplayed on session 7a76c51b001f256e46736fc78fb96381 to remote] DEBUG org.asynchttpclient.netty.request.NettyRequestSender - Using open Channel [id: 0x7d8f5a2d, L:/127.0.0.1:53408 - R:localhost/127.0.0.1:56023] for POST '/session/7a76c51b001f256e46736fc78fb96381/execute/sync'
16:03:56.267 [AsyncHttpClient-1-2] DEBUG org.asynchttpclient.netty.handler.HttpHandler - 

Request DefaultHttpRequest(decodeResult: success, version: HTTP/1.1)
POST /session/7a76c51b001f256e46736fc78fb96381/execute/sync HTTP/1.1
User-Agent: selenium/4.1.2 (java windows)
Content-Length: 48780
Content-Type: application/json; charset=utf-8
host: localhost:56023
accept: */*

Response DefaultHttpResponse(decodeResult: success, version: HTTP/1.1)
HTTP/1.1 200 OK
Content-Type: application/json; charset=utf-8
cache-control: no-cache
content-length: 14

16:03:56.267 [AsyncHttpClient-1-2] DEBUG org.asynchttpclient.netty.channel.ChannelManager - Adding key: http://localhost:56023 for channel [id: 0x7d8f5a2d, L:/127.0.0.1:53408 - R:localhost/127.0.0.1:56023]
16:03:56.269 [Test worker] DEBUG net.serenitybdd.core.pages.WebElementFacadeImpl - click : By.xpath: //span[contains(text(),'11601 - GO')]
16:03:56.320 [Forwarding findElement on session 7a76c51b001f256e46736fc78fb96381 to remote] DEBUG org.asynchttpclient.netty.request.NettyRequestSender - Using pooled Channel '[id: 0x7d8f5a2d, L:/127.0.0.1:53408 - R:localhost/127.0.0.1:56023]' for 'POST' to 'http://localhost:56023/session/7a76c51b001f256e46736fc78fb96381/element'
16:03:56.320 [Forwarding findElement on session 7a76c51b001f256e46736fc78fb96381 to remote] DEBUG org.asynchttpclient.netty.request.NettyRequestSender - Using open Channel [id: 0x7d8f5a2d, L:/127.0.0.1:53408 - R:localhost/127.0.0.1:56023] for POST '/session/7a76c51b001f256e46736fc78fb96381/element'
16:03:56.334 [AsyncHttpClient-1-2] DEBUG org.asynchttpclient.netty.handler.HttpHandler - 

Request DefaultHttpRequest(decodeResult: success, version: HTTP/1.1)
POST /session/7a76c51b001f256e46736fc78fb96381/element HTTP/1.1
User-Agent: selenium/4.1.2 (java windows)
Content-Length: 84
Content-Type: application/json; charset=utf-8
host: localhost:56023
accept: */*

Response DefaultHttpResponse(decodeResult: success, version: HTTP/1.1)
HTTP/1.1 200 OK
Content-Type: application/json; charset=utf-8
cache-control: no-cache
content-length: 88

16:03:56.335 [AsyncHttpClient-1-2] DEBUG org.asynchttpclient.netty.channel.ChannelManager - Adding key: http://localhost:56023 for channel [id: 0x7d8f5a2d, L:/127.0.0.1:53408 - R:localhost/127.0.0.1:56023]
16:03:56.339 [Forwarding clickElement on session 7a76c51b001f256e46736fc78fb96381 to remote] DEBUG org.asynchttpclient.netty.request.NettyRequestSender - Using pooled Channel '[id: 0x7d8f5a2d, L:/127.0.0.1:53408 - R:localhost/127.0.0.1:56023]' for 'POST' to 'http://localhost:56023/session/7a76c51b001f256e46736fc78fb96381/element/a06cd5dc-c78f-4027-a3cb-667a728e03f0/click'
16:03:56.340 [Forwarding clickElement on session 7a76c51b001f256e46736fc78fb96381 to remote] DEBUG org.asynchttpclient.netty.request.NettyRequestSender - Using open Channel [id: 0x7d8f5a2d, L:/127.0.0.1:53408 - R:localhost/127.0.0.1:56023] for POST '/session/7a76c51b001f256e46736fc78fb96381/element/a06cd5dc-c78f-4027-a3cb-667a728e03f0/click'
16:03:56.416 [AsyncHttpClient-1-2] DEBUG org.asynchttpclient.netty.handler.HttpHandler - 

Request DefaultHttpRequest(decodeResult: success, version: HTTP/1.1)
POST /session/7a76c51b001f256e46736fc78fb96381/element/a06cd5dc-c78f-4027-a3cb-667a728e03f0/click HTTP/1.1
User-Agent: selenium/4.1.2 (java windows)
Content-Length: 50
Content-Type: application/json; charset=utf-8
host: localhost:56023
accept: */*

Response DefaultHttpResponse(decodeResult: success, version: HTTP/1.1)
HTTP/1.1 200 OK
Content-Type: application/json; charset=utf-8
cache-control: no-cache
content-length: 14

16:03:56.416 [AsyncHttpClient-1-2] DEBUG org.asynchttpclient.netty.channel.ChannelManager - Adding key: http://localhost:56023 for channel [id: 0x7d8f5a2d, L:/127.0.0.1:53408 - R:localhost/127.0.0.1:56023]
16:03:56.473 [Forwarding screenshot on session 7a76c51b001f256e46736fc78fb96381 to remote] DEBUG org.asynchttpclient.netty.request.NettyRequestSender - Using pooled Channel '[id: 0x7d8f5a2d, L:/127.0.0.1:53408 - R:localhost/127.0.0.1:56023]' for 'GET' to 'http://localhost:56023/session/7a76c51b001f256e46736fc78fb96381/screenshot'
16:03:56.474 [Forwarding screenshot on session 7a76c51b001f256e46736fc78fb96381 to remote] DEBUG org.asynchttpclient.netty.request.NettyRequestSender - Using open Channel [id: 0x7d8f5a2d, L:/127.0.0.1:53408 - R:localhost/127.0.0.1:56023] for GET '/session/7a76c51b001f256e46736fc78fb96381/screenshot'
16:03:56.896 [AsyncHttpClient-1-2] DEBUG org.asynchttpclient.netty.handler.HttpHandler - 

Request DefaultFullHttpRequest(decodeResult: success, version: HTTP/1.1, content: EmptyByteBufBE)
GET /session/7a76c51b001f256e46736fc78fb96381/screenshot HTTP/1.1
User-Agent: selenium/4.1.2 (java windows)
Cache-Control: no-cache
Content-Type: application/json; charset=utf-8
host: localhost:56023
accept: */*

Response DefaultHttpResponse(decodeResult: success, version: HTTP/1.1)
HTTP/1.1 200 OK
Content-Type: application/json; charset=utf-8
cache-control: no-cache
content-length: 357780

[...]
	at io.netty.channel.socket.nio.NioSocketChannel.doReadBytes(NioSocketChannel.java:350)
	at io.netty.channel.nio.AbstractNioByteChannel$NioByteUnsafe.read(AbstractNioByteChannel.java:151)
	at io.netty.channel.nio.NioEventLoop.processSelectedKey(NioEventLoop.java:722)
	at io.netty.channel.nio.NioEventLoop.processSelectedKeysOptimized(NioEventLoop.java:658)
	at io.netty.channel.nio.NioEventLoop.processSelectedKeys(NioEventLoop.java:584)
	at io.netty.channel.nio.NioEventLoop.run(NioEventLoop.java:496)
	at io.netty.util.concurrent.SingleThreadEventExecutor$4.run(SingleThreadEventExecutor.java:986)
	at io.netty.util.internal.ThreadExecutorMap$2.run(ThreadExecutorMap.java:74)
	at io.netty.util.concurrent.FastThreadLocalRunnable.run(FastThreadLocalRunnable.java:30)
	at java.lang.Thread.run(Thread.java:748)
16:05:47.941 [AsyncHttpClient-1-11] DEBUG org.asynchttpclient.netty.channel.ChannelManager - Closing Channel [id: 0xf67153c7, L:/127.0.0.1:53703 - R:localhost/127.0.0.1:53697] 
16:05:47.941 [AsyncHttpClient-1-11] DEBUG org.asynchttpclient.netty.handler.HttpHandler - Channel Closed: [id: 0xf67153c7, L:/127.0.0.1:53703 ! R:localhost/127.0.0.1:53697] with attribute DISCARD
16:05:47.962 [AsyncHttpClient-1-10] DEBUG org.asynchttpclient.netty.handler.HttpHandler - 

Request DefaultFullHttpRequest(decodeResult: success, version: HTTP/1.1, content: EmptyByteBufBE)
DELETE /session/66f9b6d0c23a96a8babe1a93f2c1b644 HTTP/1.1
User-Agent: selenium/4.1.2 (java windows)
Content-Type: application/json; charset=utf-8
host: localhost:63379
accept: */*

Response DefaultHttpResponse(decodeResult: success, version: HTTP/1.1)
HTTP/1.1 200 OK
Content-Type: application/json; charset=utf-8
cache-control: no-cache
content-length: 14

16:05:47.963 [AsyncHttpClient-1-10] DEBUG org.asynchttpclient.netty.channel.ChannelManager - Adding key: http://localhost:63379 for channel [id: 0x7b71ce15, L:/127.0.0.1:53696 - R:localhost/127.0.0.1:63379]
16:05:48.044 [AsyncHttpClient-1-10] DEBUG org.asynchttpclient.netty.handler.HttpHandler - Channel Closed: [id: 0x7b71ce15, L:/127.0.0.1:53696 ! R:localhost/127.0.0.1:63379] with attribute DISCARD
16:05:48.171 [AsyncHttpClient-1-1] DEBUG org.asynchttpclient.netty.channel.DefaultChannelPool - Entry count for : http://localhost:63379 : 1
16:05:48.171 [AsyncHttpClient-1-1] DEBUG org.asynchttpclient.netty.channel.DefaultChannelPool - Entry count for : http://localhost:53697 : 1
16:05:48.171 [AsyncHttpClient-1-1] DEBUG org.asynchttpclient.netty.channel.DefaultChannelPool - Adding Candidate expired Channel [id: 0x7b71ce15, L:/127.0.0.1:53696 ! R:localhost/127.0.0.1:63379] isIdleTimeoutExpired=false isRemotelyClosed=true isTtlExpired=false
16:05:48.171 [AsyncHttpClient-1-1] DEBUG org.asynchttpclient.netty.channel.DefaultChannelPool - Closing Idle Channel [id: 0x7b71ce15, L:/127.0.0.1:53696 ! R:localhost/127.0.0.1:63379]
16:05:48.171 [AsyncHttpClient-1-1] DEBUG org.asynchttpclient.netty.channel.DefaultChannelPool - Adding Candidate expired Channel [id: 0xf67153c7, L:/127.0.0.1:53703 ! R:localhost/127.0.0.1:53697] isIdleTimeoutExpired=false isRemotelyClosed=true isTtlExpired=false
16:05:48.171 [AsyncHttpClient-1-1] DEBUG org.asynchttpclient.netty.channel.DefaultChannelPool - Closing Idle Channel [id: 0xf67153c7, L:/127.0.0.1:53703 ! R:localhost/127.0.0.1:53697]
16:05:48.171 [AsyncHttpClient-1-1] DEBUG org.asynchttpclient.netty.channel.DefaultChannelPool - Closed 2 connections out of 2 in 0 ms
16:05:48.568 [Test worker] DEBUG net.thucydides.core.reports.ReportService - Reporting formats: [JSON, HTML]
16:05:48.673 [Test worker] DEBUG net.thucydides.core.reports.ReportService - Reporting formats: [JSON, HTML]
16:05:48.732 [Test worker] DEBUG net.thucydides.core.reports.ReportService - Generating reports for 2 test outcomes using: net.thucydides.core.reports.json.JSONTestOutcomeReporter@ea84346
16:05:48.734 [pool-1-thread-2] DEBUG net.thucydides.core.reports.ReportService - Processing test outcome verificar el login con diferentes usuarios:Verificar el ingreso de un usuario de manera erronea
16:05:48.734 [pool-1-thread-1] DEBUG net.thucydides.core.reports.ReportService - Processing test outcome verificar el login con diferentes usuarios:Verificar el ingreso correcto con uno o diferentes usuarios
16:05:48.734 [pool-1-thread-2] DEBUG net.thucydides.core.reports.ReportService - net.thucydides.core.reports.json.JSONTestOutcomeReporter@ea84346: Generating report for test outcome: verificar el login con diferentes usuarios:Verificar el ingreso de un usuario de manera erronea
16:05:48.734 [pool-1-thread-1] DEBUG net.thucydides.core.reports.ReportService - net.thucydides.core.reports.json.JSONTestOutcomeReporter@ea84346: Generating report for test outcome: verificar el login con diferentes usuarios:Verificar el ingreso correcto con uno o diferentes usuarios
16:05:48.737 [pool-1-thread-1] DEBUG net.thucydides.core.reports.json.JSONTestOutcomeReporter - Generating JSON report for Verificar el ingreso correcto con uno o diferentes usuarios to file C:\Users\johan\OneDrive\Documentos\KONEX\Pruebas automatizadas\automatizacion_login_backoffice_1v\target\e69a953e887e5e68cb900cedf3e98bf4f309fd5644e08f8b18b4645419db7fc9.json (using temp file C:\Users\johan\OneDrive\Documentos\KONEX\Pruebas automatizadas\automatizacion_login_backoffice_1v\target\e69a953e887e5e68cb900cedf3e98bf4f309fd5644e08f8b18b4645419db7fc9.jsonca1b7101-6698-4834-9126-09d5a91cb6c9)
16:05:48.737 [pool-1-thread-2] DEBUG net.thucydides.core.reports.json.JSONTestOutcomeReporter - Generating JSON report for Verificar el ingreso de un usuario de manera erronea to file C:\Users\johan\OneDrive\Documentos\KONEX\Pruebas automatizadas\automatizacion_login_backoffice_1v\target\06a83cd0ba7416cecf3ba474937b7cbfdeee19864a20a3dab795534546924a36.json (using temp file C:\Users\johan\OneDrive\Documentos\KONEX\Pruebas automatizadas\automatizacion_login_backoffice_1v\target\06a83cd0ba7416cecf3ba474937b7cbfdeee19864a20a3dab795534546924a36.jsonfe80db5e-54dd-4234-b8dc-104d44a11682)
16:05:48.803 [pool-1-thread-2] DEBUG net.thucydides.core.reports.ReportService - Processing test outcome verificar el login con diferentes usuarios:Verificar el ingreso de un usuario de manera erronea done
16:05:48.804 [pool-1-thread-1] DEBUG net.thucydides.core.reports.ReportService - Processing test outcome verificar el login con diferentes usuarios:Verificar el ingreso correcto con uno o diferentes usuarios done
16:05:48.804 [Test worker] DEBUG net.thucydides.core.reports.ReportService - Shutting down executor service
16:05:48.804 [Test worker] DEBUG net.thucydides.core.reports.ReportService - Reports generated in: 72 ms
16:05:48.804 [Test worker] DEBUG net.thucydides.core.reports.ReportService - Generating reports for 2 test outcomes using: net.thucydides.core.reports.html.HtmlAcceptanceTestReporter@27048db3
16:05:48.807 [pool-2-thread-1] DEBUG net.thucydides.core.reports.ReportService - Processing test outcome verificar el login con diferentes usuarios:Verificar el ingreso correcto con uno o diferentes usuarios
16:05:48.807 [pool-2-thread-1] DEBUG net.thucydides.core.reports.ReportService - net.thucydides.core.reports.html.HtmlAcceptanceTestReporter@27048db3: Generating report for test outcome: verificar el login con diferentes usuarios:Verificar el ingreso correcto con uno o diferentes usuarios
16:05:48.811 [pool-2-thread-2] DEBUG net.thucydides.core.reports.ReportService - Processing test outcome verificar el login con diferentes usuarios:Verificar el ingreso de un usuario de manera erronea
16:05:48.811 [pool-2-thread-2] DEBUG net.thucydides.core.reports.ReportService - net.thucydides.core.reports.html.HtmlAcceptanceTestReporter@27048db3: Generating report for test outcome: verificar el login con diferentes usuarios:Verificar el ingreso de un usuario de manera erronea
16:05:56.047 [pool-2-thread-1] DEBUG net.thucydides.core.reports.ReportService - Processing test outcome verificar el login con diferentes usuarios:Verificar el ingreso correcto con uno o diferentes usuarios done
16:06:00.064 [pool-2-thread-2] DEBUG net.thucydides.core.reports.ReportService - Processing test outcome verificar el login con diferentes usuarios:Verificar el ingreso de un usuario de manera erronea done
16:06:00.064 [Test worker] DEBUG net.thucydides.core.reports.ReportService - Shutting down executor service
16:06:00.064 [Test worker] DEBUG net.thucydides.core.reports.ReportService - Reports generated in: 11260 ms
16:06:00.414 [Test worker] DEBUG net.serenitybdd.core.photography.Darkroom - Closing darkroom
16:06:00.414 [Darkroom Processing Line] DEBUG net.serenitybdd.core.photography.DarkroomProcessingLine - Darkroom processing line shutting down
16:06:00.419 [Test worker] DEBUG net.serenitybdd.core.photography.Darkroom - Closing darkroom
]]></system-out>
  <system-err><![CDATA[Starting ChromeDriver 112.0.5615.49 (bd2a7bcb881c11e8cfe3078709382934e3916914-refs/branch-heads/5615@{#936}) on port 56023
Only local connections are allowed.
Please see https://chromedriver.chromium.org/security-considerations for suggestions on keeping ChromeDriver safe.
ChromeDriver was started successfully.
abr 20, 2023 4:03:42 PM org.openqa.selenium.remote.ProtocolHandshake createSession
INFORMACIÓN: Detected dialect: W3C
abr 20, 2023 4:03:42 PM org.openqa.selenium.devtools.CdpVersionFinder findNearestMatch
ADVERTENCIA: Unable to find an exact match for CDP version 112, so returning the closest version found: a no-op implementation
abr 20, 2023 4:03:42 PM org.openqa.selenium.devtools.CdpVersionFinder findNearestMatch
INFORMACIÓN: Unable to find CDP implementation matching 112.
abr 20, 2023 4:03:42 PM org.openqa.selenium.chromium.ChromiumDriver lambda$new$3
ADVERTENCIA: Unable to find version of CDP to use for . You may need to include a dependency on a specific version of the CDP using something similar to `org.seleniumhq.selenium:selenium-devtools-v86:4.1.2` where the version ("v86") matches the version of the chromium-based browser you're using and the version number of the artifact is the same as Selenium's.
Starting ChromeDriver 112.0.5615.49 (bd2a7bcb881c11e8cfe3078709382934e3916914-refs/branch-heads/5615@{#936}) on port 54993
Only local connections are allowed.
Please see https://chromedriver.chromium.org/security-considerations for suggestions on keeping ChromeDriver safe.
ChromeDriver was started successfully.
abr 20, 2023 4:04:03 PM org.openqa.selenium.remote.ProtocolHandshake createSession
INFORMACIÓN: Detected dialect: W3C
abr 20, 2023 4:04:03 PM org.openqa.selenium.devtools.CdpVersionFinder findNearestMatch
ADVERTENCIA: Unable to find an exact match for CDP version 112, so returning the closest version found: a no-op implementation
abr 20, 2023 4:04:03 PM org.openqa.selenium.devtools.CdpVersionFinder findNearestMatch
INFORMACIÓN: Unable to find CDP implementation matching 112.
abr 20, 2023 4:04:03 PM org.openqa.selenium.chromium.ChromiumDriver lambda$new$3
ADVERTENCIA: Unable to find version of CDP to use for . You may need to include a dependency on a specific version of the CDP using something similar to `org.seleniumhq.selenium:selenium-devtools-v86:4.1.2` where the version ("v86") matches the version of the chromium-based browser you're using and the version number of the artifact is the same as Selenium's.
Starting ChromeDriver 112.0.5615.49 (bd2a7bcb881c11e8cfe3078709382934e3916914-refs/branch-heads/5615@{#936}) on port 57737
Only local connections are allowed.
Please see https://chromedriver.chromium.org/security-considerations for suggestions on keeping ChromeDriver safe.
ChromeDriver was started successfully.
abr 20, 2023 4:04:20 PM org.openqa.selenium.remote.ProtocolHandshake createSession
INFORMACIÓN: Detected dialect: W3C
abr 20, 2023 4:04:20 PM org.openqa.selenium.devtools.CdpVersionFinder findNearestMatch
ADVERTENCIA: Unable to find an exact match for CDP version 112, so returning the closest version found: a no-op implementation
abr 20, 2023 4:04:20 PM org.openqa.selenium.devtools.CdpVersionFinder findNearestMatch
INFORMACIÓN: Unable to find CDP implementation matching 112.
abr 20, 2023 4:04:20 PM org.openqa.selenium.chromium.ChromiumDriver lambda$new$3
ADVERTENCIA: Unable to find version of CDP to use for . You may need to include a dependency on a specific version of the CDP using something similar to `org.seleniumhq.selenium:selenium-devtools-v86:4.1.2` where the version ("v86") matches the version of the chromium-based browser you're using and the version number of the artifact is the same as Selenium's.
Starting ChromeDriver 112.0.5615.49 (bd2a7bcb881c11e8cfe3078709382934e3916914-refs/branch-heads/5615@{#936}) on port 53200
Only local connections are allowed.
Please see https://chromedriver.chromium.org/security-considerations for suggestions on keeping ChromeDriver safe.
ChromeDriver was started successfully.
abr 20, 2023 4:04:37 PM org.openqa.selenium.remote.ProtocolHandshake createSession
INFORMACIÓN: Detected dialect: W3C
abr 20, 2023 4:04:37 PM org.openqa.selenium.devtools.CdpVersionFinder findNearestMatch
ADVERTENCIA: Unable to find an exact match for CDP version 112, so returning the closest version found: a no-op implementation
abr 20, 2023 4:04:37 PM org.openqa.selenium.devtools.CdpVersionFinder findNearestMatch
INFORMACIÓN: Unable to find CDP implementation matching 112.
abr 20, 2023 4:04:37 PM org.openqa.selenium.chromium.ChromiumDriver lambda$new$3
ADVERTENCIA: Unable to find version of CDP to use for . You may need to include a dependency on a specific version of the CDP using something similar to `org.seleniumhq.selenium:selenium-devtools-v86:4.1.2` where the version ("v86") matches the version of the chromium-based browser you're using and the version number of the artifact is the same as Selenium's.
Starting ChromeDriver 112.0.5615.49 (bd2a7bcb881c11e8cfe3078709382934e3916914-refs/branch-heads/5615@{#936}) on port 55061
Only local connections are allowed.
Please see https://chromedriver.chromium.org/security-considerations for suggestions on keeping ChromeDriver safe.
ChromeDriver was started successfully.
abr 20, 2023 4:04:48 PM org.openqa.selenium.remote.ProtocolHandshake createSession
INFORMACIÓN: Detected dialect: W3C
abr 20, 2023 4:04:48 PM org.openqa.selenium.devtools.CdpVersionFinder findNearestMatch
ADVERTENCIA: Unable to find an exact match for CDP version 112, so returning the closest version found: a no-op implementation
abr 20, 2023 4:04:48 PM org.openqa.selenium.devtools.CdpVersionFinder findNearestMatch
INFORMACIÓN: Unable to find CDP implementation matching 112.
abr 20, 2023 4:04:48 PM org.openqa.selenium.chromium.ChromiumDriver lambda$new$3
ADVERTENCIA: Unable to find version of CDP to use for . You may need to include a dependency on a specific version of the CDP using something similar to `org.seleniumhq.selenium:selenium-devtools-v86:4.1.2` where the version ("v86") matches the version of the chromium-based browser you're using and the version number of the artifact is the same as Selenium's.
Starting ChromeDriver 112.0.5615.49 (bd2a7bcb881c11e8cfe3078709382934e3916914-refs/branch-heads/5615@{#936}) on port 54513
Only local connections are allowed.
Please see https://chromedriver.chromium.org/security-considerations for suggestions on keeping ChromeDriver safe.
ChromeDriver was started successfully.
abr 20, 2023 4:05:01 PM org.openqa.selenium.remote.ProtocolHandshake createSession
INFORMACIÓN: Detected dialect: W3C
abr 20, 2023 4:05:01 PM org.openqa.selenium.devtools.CdpVersionFinder findNearestMatch
ADVERTENCIA: Unable to find an exact match for CDP version 112, so returning the closest version found: a no-op implementation
abr 20, 2023 4:05:01 PM org.openqa.selenium.devtools.CdpVersionFinder findNearestMatch
INFORMACIÓN: Unable to find CDP implementation matching 112.
abr 20, 2023 4:05:01 PM org.openqa.selenium.chromium.ChromiumDriver lambda$new$3
ADVERTENCIA: Unable to find version of CDP to use for . You may need to include a dependency on a specific version of the CDP using something similar to `org.seleniumhq.selenium:selenium-devtools-v86:4.1.2` where the version ("v86") matches the version of the chromium-based browser you're using and the version number of the artifact is the same as Selenium's.
Starting ChromeDriver 112.0.5615.49 (bd2a7bcb881c11e8cfe3078709382934e3916914-refs/branch-heads/5615@{#936}) on port 49711
Only local connections are allowed.
Please see https://chromedriver.chromium.org/security-considerations for suggestions on keeping ChromeDriver safe.
ChromeDriver was started successfully.
abr 20, 2023 4:05:13 PM org.openqa.selenium.remote.ProtocolHandshake createSession
INFORMACIÓN: Detected dialect: W3C
abr 20, 2023 4:05:13 PM org.openqa.selenium.devtools.CdpVersionFinder findNearestMatch
ADVERTENCIA: Unable to find an exact match for CDP version 112, so returning the closest version found: a no-op implementation
abr 20, 2023 4:05:13 PM org.openqa.selenium.devtools.CdpVersionFinder findNearestMatch
INFORMACIÓN: Unable to find CDP implementation matching 112.
abr 20, 2023 4:05:13 PM org.openqa.selenium.chromium.ChromiumDriver lambda$new$3
ADVERTENCIA: Unable to find version of CDP to use for . You may need to include a dependency on a specific version of the CDP using something similar to `org.seleniumhq.selenium:selenium-devtools-v86:4.1.2` where the version ("v86") matches the version of the chromium-based browser you're using and the version number of the artifact is the same as Selenium's.
Starting ChromeDriver 112.0.5615.49 (bd2a7bcb881c11e8cfe3078709382934e3916914-refs/branch-heads/5615@{#936}) on port 54450
Only local connections are allowed.
Please see https://chromedriver.chromium.org/security-considerations for suggestions on keeping ChromeDriver safe.
ChromeDriver was started successfully.
abr 20, 2023 4:05:26 PM org.openqa.selenium.remote.ProtocolHandshake createSession
INFORMACIÓN: Detected dialect: W3C
abr 20, 2023 4:05:26 PM org.openqa.selenium.devtools.CdpVersionFinder findNearestMatch
ADVERTENCIA: Unable to find an exact match for CDP version 112, so returning the closest version found: a no-op implementation
abr 20, 2023 4:05:26 PM org.openqa.selenium.devtools.CdpVersionFinder findNearestMatch
INFORMACIÓN: Unable to find CDP implementation matching 112.
abr 20, 2023 4:05:26 PM org.openqa.selenium.chromium.ChromiumDriver lambda$new$3
ADVERTENCIA: Unable to find version of CDP to use for . You may need to include a dependency on a specific version of the CDP using something similar to `org.seleniumhq.selenium:selenium-devtools-v86:4.1.2` where the version ("v86") matches the version of the chromium-based browser you're using and the version number of the artifact is the same as Selenium's.
Starting ChromeDriver 112.0.5615.49 (bd2a7bcb881c11e8cfe3078709382934e3916914-refs/branch-heads/5615@{#936}) on port 63379
Only local connections are allowed.
Please see https://chromedriver.chromium.org/security-considerations for suggestions on keeping ChromeDriver safe.
ChromeDriver was started successfully.
abr 20, 2023 4:05:38 PM org.openqa.selenium.remote.ProtocolHandshake createSession
INFORMACIÓN: Detected dialect: W3C
abr 20, 2023 4:05:38 PM org.openqa.selenium.devtools.CdpVersionFinder findNearestMatch
ADVERTENCIA: Unable to find an exact match for CDP version 112, so returning the closest version found: a no-op implementation
abr 20, 2023 4:05:38 PM org.openqa.selenium.devtools.CdpVersionFinder findNearestMatch
INFORMACIÓN: Unable to find CDP implementation matching 112.
abr 20, 2023 4:05:38 PM org.openqa.selenium.chromium.ChromiumDriver lambda$new$3
ADVERTENCIA: Unable to find version of CDP to use for . You may need to include a dependency on a specific version of the CDP using something similar to `org.seleniumhq.selenium:selenium-devtools-v86:4.1.2` where the version ("v86") matches the version of the chromium-based browser you're using and the version number of the artifact is the same as Selenium's.
]]></system-err>
</testsuite>
