<?xml version="1.0" encoding="UTF-8"?>
<testsuite name="co.com.konex.certification.login.backoffice.runners.RunnerTags" tests="1" skipped="0" failures="0" errors="0" timestamp="2023-04-14T14:44:49" hostname="DESKTOP-SECB7O7" time="35.005">
  <properties/>
  <testcase name="Validar la creacion correcta de un sorteo" classname="co.com.konex.certification.login.backoffice.runners.RunnerTags" time="35.005"/>
  <system-out><![CDATA[09:44:49.224 [Test worker] INFO io.cucumber.core.plugin.SerenityReporter - Running feature from file:///C:/Users/johan/OneDrive/Documentos/KONEX/Pruebas%20automatizadas/automatizacion_login_backoffice_1v/src/test/resources/features/admin_sorteo.feature
09:44:49.381 [Test worker] INFO  - 

-------------------------------------------------------------------------------------
     _______. _______ .______       _______ .__   __.  __  .___________.____    ____ 
    /       ||   ____||   _  \     |   ____||  \ |  | |  | |           |\   \  /   / 
   |   (----`|  |__   |  |_)  |    |  |__   |   \|  | |  | `---|  |----` \   \/   /  
    \   \    |   __|  |      /     |   __|  |  . `  | |  |     |  |       \_    _/   
.----)   |   |  |____ |  |\  \----.|  |____ |  |\   | |  |     |  |         |  |     
|_______/    |_______|| _| `._____||_______||__| \__| |__|     |__|         |__|    
                                                                                     
 News and tutorials at http://www.serenity-bdd.info                                  
 Documentation at https://wakaleo.gitbooks.io/the-serenity-book/content/             
 Join the Serenity Community on Gitter: https://gitter.im/serenity-bdd/serenity-core 
 Serenity BDD Support and Training at http://serenity-bdd.info/#/trainingandsupport  
-------------------------------------------------------------------------------------

09:44:49.391 [Test worker] DEBUG net.thucydides.core.steps.StepEventBus - Test suite started for story net.thucydides.core.model.Story@43db9883
09:44:49.398 [Test worker] INFO  - Test Suite Started: Administracion de sorteos
09:44:49.449 [Test worker] INFO io.cucumber.core.plugin.SerenityReporter - Running feature from file:///C:/Users/johan/OneDrive/Documentos/KONEX/Pruebas%20automatizadas/automatizacion_login_backoffice_1v/src/test/resources/features/admin_sorteo.feature
09:44:49.454 [Test worker] DEBUG net.thucydides.core.steps.StepEventBus - Test suite started for story net.thucydides.core.model.Story@43db9883
09:44:49.456 [Test worker] INFO  - Test Suite Started: Administracion de sorteos
09:44:49.637 [Test worker] INFO io.cucumber.core.plugin.SerenityReporter - Running feature from file:///C:/Users/johan/OneDrive/Documentos/KONEX/Pruebas%20automatizadas/automatizacion_login_backoffice_1v/src/test/resources/features/admin_sorteo.feature
09:44:49.674 [Test worker] INFO  - 
  _____   ___   ___   _____     ___   _____     _     ___   _____   ___   ___  
 |_   _| | __| / __| |_   _|   / __| |_   _|   /_\   | _ \ |_   _| | __| |   \ 
   | |   | _|  \__ \   | |     \__ \   | |    / _ \  |   /   | |   | _|  | |) |
   |_|   |___| |___/   |_|     |___/   |_|   /_/ \_\ |_|_\   |_|   |___| |___/ 

Validar la creacion correcta de un sorteo(administracion-de-sorteos;validar-la-creacion-correcta-de-un-sorteo)
--------------------------------------------------------------------------------
09:44:50.683 [Test worker] DEBUG net.thucydides.core.steps.StepInterceptor - STARTING STEP: AdminSorteoStepdefinitions.queElAdministradorSeEncuentreEnElBackoffice - performAs
09:44:50.723 [Test worker] DEBUG net.thucydides.core.steps.StepInterceptor - STARTING STEP: Abrir.performAs - {0} opens the #targetPage
09:44:50.852 [Test worker] INFO net.serenitybdd.core.webdriver.driverproviders.ChromeDriverProvider - Using automatically driver download
09:44:52.462 [Test worker] DEBUG io.github.bonigarcia.wdm.cache.ResolutionCache - Resolution chrome=112 in cache (valid until 10:19:53 14/04/2023 COT)
09:44:52.462 [Test worker] DEBUG io.github.bonigarcia.wdm.cache.ResolutionCache - Resolution chrome112=112.0.5615.49 in cache (valid until 14:07:42 14/04/2023 COT)
09:44:52.463 [Test worker] INFO io.github.bonigarcia.wdm.WebDriverManager - Using chromedriver 112.0.5615.49 (resolved driver for Chrome 112)
09:44:52.468 [Test worker] DEBUG io.github.bonigarcia.wdm.WebDriverManager - Driver chromedriver 112.0.5615.49 found in cache
09:44:52.469 [Test worker] INFO io.github.bonigarcia.wdm.WebDriverManager - Exporting webdriver.chrome.driver as C:\Users\johan\.cache\selenium\chromedriver\win32\112.0.5615.49\chromedriver.exe
09:44:52.591 [Test worker] DEBUG net.thucydides.core.reflection.ClassFinder - Could not load class .co.com.konex.certification.login.backoffice.runners.RunnerTags
09:44:52.591 [Test worker] DEBUG net.thucydides.core.reflection.ClassFinder - Could not load class .co.com.konex.certification.login.backoffice.stepdefinitions.AdminLoteriaStepdefinitions
09:44:52.591 [Test worker] DEBUG net.thucydides.core.reflection.ClassFinder - Could not load class .co.com.konex.certification.login.backoffice.stepdefinitions.AdminSorteoStepdefinitions
09:44:52.591 [Test worker] DEBUG net.thucydides.core.reflection.ClassFinder - Could not load class .co.com.konex.certification.login.backoffice.stepdefinitions.MyStepdefinitions
09:44:52.591 [Test worker] DEBUG net.thucydides.core.reflection.ClassFinder - Could not load class .co.com.konex.cetificacion.login.backoffice.Main
09:44:52.591 [Test worker] DEBUG net.thucydides.core.reflection.ClassFinder - Could not load class .co.com.konex.cetificacion.login.backoffice.model.TablaCrearSorteo
09:44:52.592 [Test worker] DEBUG net.thucydides.core.reflection.ClassFinder - Could not load class .co.com.konex.cetificacion.login.backoffice.model.TablaLoterias
09:44:52.592 [Test worker] DEBUG net.thucydides.core.reflection.ClassFinder - Could not load class .co.com.konex.cetificacion.login.backoffice.model.TablaUsuarios
09:44:52.592 [Test worker] DEBUG net.thucydides.core.reflection.ClassFinder - Could not load class .co.com.konex.cetificacion.login.backoffice.questions.Revisar
09:44:52.592 [Test worker] DEBUG net.thucydides.core.reflection.ClassFinder - Could not load class .co.com.konex.cetificacion.login.backoffice.questions.Validar
09:44:52.592 [Test worker] DEBUG net.thucydides.core.reflection.ClassFinder - Could not load class .co.com.konex.cetificacion.login.backoffice.questions.Verificar
09:44:52.593 [Test worker] DEBUG net.thucydides.core.reflection.ClassFinder - Could not load class .co.com.konex.cetificacion.login.backoffice.tasks.Abrir
09:44:52.593 [Test worker] DEBUG net.thucydides.core.reflection.ClassFinder - Could not load class .co.com.konex.cetificacion.login.backoffice.tasks.Clickear
09:44:52.593 [Test worker] DEBUG net.thucydides.core.reflection.ClassFinder - Could not load class .co.com.konex.cetificacion.login.backoffice.tasks.Crear
09:44:52.593 [Test worker] DEBUG net.thucydides.core.reflection.ClassFinder - Could not load class .co.com.konex.cetificacion.login.backoffice.tasks.Digitar
09:44:52.593 [Test worker] DEBUG net.thucydides.core.reflection.ClassFinder - Could not load class .co.com.konex.cetificacion.login.backoffice.tasks.Ingresar
09:44:52.593 [Test worker] DEBUG net.thucydides.core.reflection.ClassFinder - Could not load class .co.com.konex.cetificacion.login.backoffice.tasks.Llenar
09:44:52.594 [Test worker] DEBUG net.thucydides.core.reflection.ClassFinder - Could not load class .co.com.konex.cetificacion.login.backoffice.tasks.Presionar
09:44:52.594 [Test worker] DEBUG net.thucydides.core.reflection.ClassFinder - Could not load class .co.com.konex.cetificacion.login.backoffice.userinterfaces.ContenedorDeObjetosLogin
09:44:52.594 [Test worker] DEBUG net.thucydides.core.reflection.ClassFinder - Could not load class .co.com.konex.cetificacion.login.backoffice.userinterfaces.ContenedordeObjetosLoteria
09:44:52.594 [Test worker] DEBUG net.thucydides.core.reflection.ClassFinder - Could not load class .co.com.konex.cetificacion.login.backoffice.userinterfaces.ContenedordeObjetosSorteo
09:44:52.594 [Test worker] DEBUG net.thucydides.core.reflection.ClassFinder - Could not load class .co.com.konex.cetificacion.login.backoffice.userinterfaces.PaginaBackoffice
09:44:52.691 [Test worker] DEBUG net.serenitybdd.core.webdriver.driverproviders.ProvideNewDriver - Instantiating driver
09:44:52.691 [Test worker] DEBUG net.serenitybdd.core.webdriver.driverproviders.ProvideNewDriver - Driver capabilities: Capabilities {acceptInsecureCerts: false, autodownload: true, browserName: chrome, chrome.silentOutput: true, driver: chrome, goog:chromeOptions: {args: [--start-maximized --disable...], extensions: []}}
09:44:52.768 [Test worker] DEBUG io.netty.util.internal.logging.InternalLoggerFactory - Using SLF4J as the default logging framework
09:44:52.772 [Test worker] DEBUG io.netty.util.ResourceLeakDetector - -Dio.netty.leakDetection.level: simple
09:44:52.772 [Test worker] DEBUG io.netty.util.ResourceLeakDetector - -Dio.netty.leakDetection.targetRecords: 4
09:44:52.777 [Test worker] DEBUG io.netty.util.ResourceLeakDetectorFactory - Loaded default ResourceLeakDetector: io.netty.util.ResourceLeakDetector@2921199d
09:44:52.805 [Test worker] DEBUG io.netty.util.internal.PlatformDependent0 - -Dio.netty.noUnsafe: false
09:44:52.805 [Test worker] DEBUG io.netty.util.internal.PlatformDependent0 - Java version: 8
09:44:52.806 [Test worker] DEBUG io.netty.util.internal.PlatformDependent0 - sun.misc.Unsafe.theUnsafe: available
09:44:52.807 [Test worker] DEBUG io.netty.util.internal.PlatformDependent0 - sun.misc.Unsafe.copyMemory: available
09:44:52.808 [Test worker] DEBUG io.netty.util.internal.PlatformDependent0 - java.nio.Buffer.address: available
09:44:52.809 [Test worker] DEBUG io.netty.util.internal.PlatformDependent0 - direct buffer constructor: available
09:44:52.810 [Test worker] DEBUG io.netty.util.internal.PlatformDependent0 - java.nio.Bits.unaligned: available, true
09:44:52.810 [Test worker] DEBUG io.netty.util.internal.PlatformDependent0 - jdk.internal.misc.Unsafe.allocateUninitializedArray(int): unavailable prior to Java9
09:44:52.810 [Test worker] DEBUG io.netty.util.internal.PlatformDependent0 - java.nio.DirectByteBuffer.<init>(long, int): available
09:44:52.810 [Test worker] DEBUG io.netty.util.internal.PlatformDependent - sun.misc.Unsafe: available
09:44:52.811 [Test worker] DEBUG io.netty.util.internal.PlatformDependent - -Dio.netty.tmpdir: C:\Users\johan\AppData\Local\Temp (java.io.tmpdir)
09:44:52.811 [Test worker] DEBUG io.netty.util.internal.PlatformDependent - -Dio.netty.bitMode: 64 (sun.arch.data.model)
09:44:52.811 [Test worker] DEBUG io.netty.util.internal.PlatformDependent - Platform: Windows
09:44:52.813 [Test worker] DEBUG io.netty.util.internal.PlatformDependent - -Dio.netty.maxDirectMemory: 477626368 bytes
09:44:52.813 [Test worker] DEBUG io.netty.util.internal.PlatformDependent - -Dio.netty.uninitializedArrayAllocationThreshold: -1
09:44:52.815 [Test worker] DEBUG io.netty.util.internal.CleanerJava6 - java.nio.ByteBuffer.cleaner(): available
09:44:52.815 [Test worker] DEBUG io.netty.util.internal.PlatformDependent - -Dio.netty.noPreferDirect: false
09:44:52.828 [Test worker] DEBUG io.netty.util.internal.PlatformDependent - org.jctools-core.MpscChunkedArrayQueue: available
09:44:52.856 [Test worker] DEBUG io.netty.util.internal.InternalThreadLocalMap - -Dio.netty.threadLocalMap.stringBuilder.initialSize: 1024
09:44:52.856 [Test worker] DEBUG io.netty.util.internal.InternalThreadLocalMap - -Dio.netty.threadLocalMap.stringBuilder.maxSize: 4096
09:44:52.891 [Test worker] DEBUG io.netty.handler.ssl.JdkSslContext - Default protocols (JDK): [TLSv1.2, TLSv1.1, TLSv1] 
09:44:52.891 [Test worker] DEBUG io.netty.handler.ssl.JdkSslContext - Default cipher suites (JDK): [TLS_ECDHE_ECDSA_WITH_AES_256_GCM_SHA384, TLS_ECDHE_ECDSA_WITH_AES_128_GCM_SHA256, TLS_ECDHE_RSA_WITH_AES_128_GCM_SHA256, TLS_ECDHE_RSA_WITH_AES_256_GCM_SHA384, TLS_ECDHE_RSA_WITH_AES_128_CBC_SHA, TLS_ECDHE_RSA_WITH_AES_256_CBC_SHA, TLS_RSA_WITH_AES_128_GCM_SHA256, TLS_RSA_WITH_AES_128_CBC_SHA, TLS_RSA_WITH_AES_256_CBC_SHA]
09:44:52.928 [Test worker] DEBUG io.netty.channel.MultithreadEventLoopGroup - -Dio.netty.eventLoopThreads: 16
09:44:52.938 [Test worker] DEBUG io.netty.channel.nio.NioEventLoop - -Dio.netty.noKeySetOptimization: false
09:44:52.938 [Test worker] DEBUG io.netty.channel.nio.NioEventLoop - -Dio.netty.selectorAutoRebuildThreshold: 512
09:44:52.993 [Test worker] DEBUG io.netty.buffer.PooledByteBufAllocator - -Dio.netty.allocator.numHeapArenas: 1
09:44:52.993 [Test worker] DEBUG io.netty.buffer.PooledByteBufAllocator - -Dio.netty.allocator.numDirectArenas: 1
09:44:52.993 [Test worker] DEBUG io.netty.buffer.PooledByteBufAllocator - -Dio.netty.allocator.pageSize: 8192
09:44:52.993 [Test worker] DEBUG io.netty.buffer.PooledByteBufAllocator - -Dio.netty.allocator.maxOrder: 11
09:44:52.993 [Test worker] DEBUG io.netty.buffer.PooledByteBufAllocator - -Dio.netty.allocator.chunkSize: 16777216
09:44:52.993 [Test worker] DEBUG io.netty.buffer.PooledByteBufAllocator - -Dio.netty.allocator.smallCacheSize: 256
09:44:52.993 [Test worker] DEBUG io.netty.buffer.PooledByteBufAllocator - -Dio.netty.allocator.normalCacheSize: 64
09:44:52.994 [Test worker] DEBUG io.netty.buffer.PooledByteBufAllocator - -Dio.netty.allocator.maxCachedBufferCapacity: 32768
09:44:52.994 [Test worker] DEBUG io.netty.buffer.PooledByteBufAllocator - -Dio.netty.allocator.cacheTrimInterval: 8192
09:44:52.994 [Test worker] DEBUG io.netty.buffer.PooledByteBufAllocator - -Dio.netty.allocator.cacheTrimIntervalMillis: 600000
09:44:52.994 [Test worker] DEBUG io.netty.buffer.PooledByteBufAllocator - -Dio.netty.allocator.useCacheForAllThreads: false
09:44:52.994 [Test worker] DEBUG io.netty.buffer.PooledByteBufAllocator - -Dio.netty.allocator.maxCachedByteBuffersPerChunk: 1023
09:44:53.019 [Test worker] DEBUG io.netty.buffer.ByteBufUtil - -Dio.netty.allocator.type: pooled
09:44:53.019 [Test worker] DEBUG io.netty.buffer.ByteBufUtil - -Dio.netty.threadLocalDirectBufferSize: 0
09:44:53.019 [Test worker] DEBUG io.netty.buffer.ByteBufUtil - -Dio.netty.maxThreadLocalCharBufferSize: 16384
09:44:54.819 [Forwarding newSession on session null to remote] DEBUG io.netty.channel.DefaultChannelId - -Dio.netty.processId: 6785 (user-set)
09:44:54.821 [Forwarding newSession on session null to remote] DEBUG io.netty.channel.DefaultChannelId - -Dio.netty.machineId: 28:f0:76:ff:fe:16:65:0e (user-set)
09:44:55.033 [AsyncHttpClient-1-2] DEBUG io.netty.buffer.AbstractByteBuf - -Dio.netty.buffer.checkAccessible: true
09:44:55.034 [AsyncHttpClient-1-2] DEBUG io.netty.buffer.AbstractByteBuf - -Dio.netty.buffer.checkBounds: true
09:44:55.034 [AsyncHttpClient-1-2] DEBUG io.netty.util.ResourceLeakDetectorFactory - Loaded default ResourceLeakDetector: io.netty.util.ResourceLeakDetector@576fa768
09:44:55.086 [AsyncHttpClient-1-2] DEBUG org.asynchttpclient.netty.channel.NettyConnectListener - Using new Channel '[id: 0x1a7bf238, L:/127.0.0.1:52501 - R:localhost/127.0.0.1:51630]' for 'POST' to '/session'
09:44:55.154 [AsyncHttpClient-1-2] DEBUG io.netty.util.Recycler - -Dio.netty.recycler.maxCapacityPerThread: 4096
09:44:55.154 [AsyncHttpClient-1-2] DEBUG io.netty.util.Recycler - -Dio.netty.recycler.ratio: 8
09:44:55.154 [AsyncHttpClient-1-2] DEBUG io.netty.util.Recycler - -Dio.netty.recycler.chunkSize: 32
09:44:55.154 [AsyncHttpClient-1-2] DEBUG io.netty.util.Recycler - -Dio.netty.recycler.blocking: false
09:44:56.764 [AsyncHttpClient-1-2] DEBUG io.netty.handler.codec.compression.Brotli - brotli4j not in the classpath; Brotli support will be unavailable.
09:44:56.764 [AsyncHttpClient-1-2] DEBUG org.asynchttpclient.netty.handler.HttpHandler - 

Request DefaultHttpRequest(decodeResult: success, version: HTTP/1.1)
POST /session HTTP/1.1
User-Agent: selenium/4.1.2 (java windows)
Content-Length: 776
Content-Type: application/json; charset=utf-8
host: localhost:51630
accept: */*

Response DefaultHttpResponse(decodeResult: success, version: HTTP/1.1)
HTTP/1.1 200 OK
Content-Type: application/json; charset=utf-8
cache-control: no-cache
content-length: 859

09:44:56.777 [AsyncHttpClient-1-2] DEBUG org.asynchttpclient.netty.channel.ChannelManager - Adding key: http://localhost:51630 for channel [id: 0x1a7bf238, L:/127.0.0.1:52501 - R:localhost/127.0.0.1:51630]
09:44:56.888 [AsyncHttpClient-1-3] DEBUG org.asynchttpclient.netty.channel.NettyConnectListener - Using new Channel '[id: 0x21857ee2, L:/127.0.0.1:52509 - R:localhost/127.0.0.1:52503]' for 'GET' to '/json/version'
09:44:56.890 [AsyncHttpClient-1-3] DEBUG org.asynchttpclient.netty.handler.HttpHandler - 

Request DefaultFullHttpRequest(decodeResult: success, version: HTTP/1.1, content: EmptyByteBufBE)
GET /json/version HTTP/1.1
User-Agent: selenium/4.1.2 (java windows)
host: localhost:52503
accept: */*

Response DefaultHttpResponse(decodeResult: success, version: HTTP/1.1)
HTTP/1.1 200 OK
Content-Security-Policy: frame-ancestors 'none'
Content-Type: application/json; charset=UTF-8
content-length: 422

09:44:56.890 [AsyncHttpClient-1-3] DEBUG org.asynchttpclient.netty.channel.ChannelManager - Adding key: http://localhost:52503 for channel [id: 0x21857ee2, L:/127.0.0.1:52509 - R:localhost/127.0.0.1:52503]
09:44:56.900 [Test worker] DEBUG io.netty.util.internal.ThreadLocalRandom - -Dio.netty.initialSeedUniquifier: 0x0edd0148118e3a55
09:44:56.907 [AsyncHttpClient-1-4] DEBUG org.asynchttpclient.netty.channel.NettyConnectListener - Using new Channel '[id: 0xbbd944df, L:/127.0.0.1:52510 - R:localhost/127.0.0.1:52503]' for 'GET' to '/devtools/browser/5886a848-268a-4abb-afc4-f48a91480b73'
09:44:56.908 [AsyncHttpClient-1-4] DEBUG org.asynchttpclient.netty.handler.WebSocketHandler - 

Request DefaultFullHttpRequest(decodeResult: success, version: HTTP/1.1, content: EmptyByteBufBE)
GET /devtools/browser/5886a848-268a-4abb-afc4-f48a91480b73 HTTP/1.1
upgrade: websocket
connection: upgrade
sec-websocket-key: QKe/rCcjs6aNtaas20CXiA==
sec-websocket-version: 13
origin: http://localhost:52503
host: localhost:52503
accept: */*
user-agent: AHC/2.1

Response DefaultHttpResponse(decodeResult: success, version: HTTP/1.1)
HTTP/1.1 101 WebSocket Protocol Handshake
Upgrade: WebSocket
Connection: Upgrade
Sec-WebSocket-Accept: CAWDQRBs2p9IjEa1czrp5ZS5BoM=

09:44:57.115 [Test worker] DEBUG net.thucydides.core.reflection.ClassFinder - Could not load class .co.com.konex.certification.login.backoffice.runners.RunnerTags
09:44:57.116 [Test worker] DEBUG net.thucydides.core.reflection.ClassFinder - Could not load class .co.com.konex.certification.login.backoffice.stepdefinitions.AdminLoteriaStepdefinitions
09:44:57.116 [Test worker] DEBUG net.thucydides.core.reflection.ClassFinder - Could not load class .co.com.konex.certification.login.backoffice.stepdefinitions.AdminSorteoStepdefinitions
09:44:57.116 [Test worker] DEBUG net.thucydides.core.reflection.ClassFinder - Could not load class .co.com.konex.certification.login.backoffice.stepdefinitions.MyStepdefinitions
09:44:57.116 [Test worker] DEBUG net.thucydides.core.reflection.ClassFinder - Could not load class .co.com.konex.cetificacion.login.backoffice.Main
09:44:57.116 [Test worker] DEBUG net.thucydides.core.reflection.ClassFinder - Could not load class .co.com.konex.cetificacion.login.backoffice.model.TablaCrearSorteo
09:44:57.116 [Test worker] DEBUG net.thucydides.core.reflection.ClassFinder - Could not load class .co.com.konex.cetificacion.login.backoffice.model.TablaLoterias
09:44:57.116 [Test worker] DEBUG net.thucydides.core.reflection.ClassFinder - Could not load class .co.com.konex.cetificacion.login.backoffice.model.TablaUsuarios
09:44:57.116 [Test worker] DEBUG net.thucydides.core.reflection.ClassFinder - Could not load class .co.com.konex.cetificacion.login.backoffice.questions.Revisar
09:44:57.117 [Test worker] DEBUG net.thucydides.core.reflection.ClassFinder - Could not load class .co.com.konex.cetificacion.login.backoffice.questions.Validar
09:44:57.117 [Test worker] DEBUG net.thucydides.core.reflection.ClassFinder - Could not load class .co.com.konex.cetificacion.login.backoffice.questions.Verificar
09:44:57.117 [Test worker] DEBUG net.thucydides.core.reflection.ClassFinder - Could not load class .co.com.konex.cetificacion.login.backoffice.tasks.Abrir
09:44:57.117 [Test worker] DEBUG net.thucydides.core.reflection.ClassFinder - Could not load class .co.com.konex.cetificacion.login.backoffice.tasks.Clickear
09:44:57.117 [Test worker] DEBUG net.thucydides.core.reflection.ClassFinder - Could not load class .co.com.konex.cetificacion.login.backoffice.tasks.Crear
09:44:57.117 [Test worker] DEBUG net.thucydides.core.reflection.ClassFinder - Could not load class .co.com.konex.cetificacion.login.backoffice.tasks.Digitar
09:44:57.117 [Test worker] DEBUG net.thucydides.core.reflection.ClassFinder - Could not load class .co.com.konex.cetificacion.login.backoffice.tasks.Ingresar
09:44:57.118 [Test worker] DEBUG net.thucydides.core.reflection.ClassFinder - Could not load class .co.com.konex.cetificacion.login.backoffice.tasks.Llenar
09:44:57.118 [Test worker] DEBUG net.thucydides.core.reflection.ClassFinder - Could not load class .co.com.konex.cetificacion.login.backoffice.tasks.Presionar
09:44:57.118 [Test worker] DEBUG net.thucydides.core.reflection.ClassFinder - Could not load class .co.com.konex.cetificacion.login.backoffice.userinterfaces.ContenedorDeObjetosLogin
09:44:57.118 [Test worker] DEBUG net.thucydides.core.reflection.ClassFinder - Could not load class .co.com.konex.cetificacion.login.backoffice.userinterfaces.ContenedordeObjetosLoteria
09:44:57.118 [Test worker] DEBUG net.thucydides.core.reflection.ClassFinder - Could not load class .co.com.konex.cetificacion.login.backoffice.userinterfaces.ContenedordeObjetosSorteo
09:44:57.118 [Test worker] DEBUG net.thucydides.core.reflection.ClassFinder - Could not load class .co.com.konex.cetificacion.login.backoffice.userinterfaces.PaginaBackoffice
09:44:57.125 [Forwarding get on session 6626572912d7dee2ecd67c17986ddc0f to remote] DEBUG org.asynchttpclient.netty.request.NettyRequestSender - Using pooled Channel '[id: 0x1a7bf238, L:/127.0.0.1:52501 - R:localhost/127.0.0.1:51630]' for 'POST' to 'http://localhost:51630/session/6626572912d7dee2ecd67c17986ddc0f/url'
09:44:57.126 [Forwarding get on session 6626572912d7dee2ecd67c17986ddc0f to remote] DEBUG org.asynchttpclient.netty.request.NettyRequestSender - Using open Channel [id: 0x1a7bf238, L:/127.0.0.1:52501 - R:localhost/127.0.0.1:51630] for POST '/session/6626572912d7dee2ecd67c17986ddc0f/url'
09:44:57.242 [AsyncHttpClient-1-1] DEBUG org.asynchttpclient.netty.channel.DefaultChannelPool - Entry count for : http://localhost:52503 : 1
09:44:58.535 [AsyncHttpClient-1-1] DEBUG org.asynchttpclient.netty.channel.DefaultChannelPool - Entry count for : http://localhost:52503 : 1
09:44:58.631 [AsyncHttpClient-1-2] DEBUG org.asynchttpclient.netty.handler.HttpHandler - 

Request DefaultHttpRequest(decodeResult: success, version: HTTP/1.1)
POST /session/6626572912d7dee2ecd67c17986ddc0f/url HTTP/1.1
User-Agent: selenium/4.1.2 (java windows)
Content-Length: 80
Content-Type: application/json; charset=utf-8
host: localhost:51630
accept: */*

Response DefaultHttpResponse(decodeResult: success, version: HTTP/1.1)
HTTP/1.1 200 OK
Content-Type: application/json; charset=utf-8
cache-control: no-cache
content-length: 14

09:44:58.633 [AsyncHttpClient-1-2] DEBUG org.asynchttpclient.netty.channel.ChannelManager - Adding key: http://localhost:51630 for channel [id: 0x1a7bf238, L:/127.0.0.1:52501 - R:localhost/127.0.0.1:51630]
09:44:58.642 [Forwarding setTimeout on session 6626572912d7dee2ecd67c17986ddc0f to remote] DEBUG org.asynchttpclient.netty.request.NettyRequestSender - Using pooled Channel '[id: 0x1a7bf238, L:/127.0.0.1:52501 - R:localhost/127.0.0.1:51630]' for 'POST' to 'http://localhost:51630/session/6626572912d7dee2ecd67c17986ddc0f/timeouts'
09:44:58.642 [Forwarding setTimeout on session 6626572912d7dee2ecd67c17986ddc0f to remote] DEBUG org.asynchttpclient.netty.request.NettyRequestSender - Using open Channel [id: 0x1a7bf238, L:/127.0.0.1:52501 - R:localhost/127.0.0.1:51630] for POST '/session/6626572912d7dee2ecd67c17986ddc0f/timeouts'
09:44:58.645 [AsyncHttpClient-1-2] DEBUG org.asynchttpclient.netty.handler.HttpHandler - 

Request DefaultHttpRequest(decodeResult: success, version: HTTP/1.1)
POST /session/6626572912d7dee2ecd67c17986ddc0f/timeouts HTTP/1.1
User-Agent: selenium/4.1.2 (java windows)
Content-Length: 22
Content-Type: application/json; charset=utf-8
host: localhost:51630
accept: */*

Response DefaultHttpResponse(decodeResult: success, version: HTTP/1.1)
HTTP/1.1 200 OK
Content-Type: application/json; charset=utf-8
cache-control: no-cache
content-length: 14

09:44:58.646 [AsyncHttpClient-1-2] DEBUG org.asynchttpclient.netty.channel.ChannelManager - Adding key: http://localhost:51630 for channel [id: 0x1a7bf238, L:/127.0.0.1:52501 - R:localhost/127.0.0.1:51630]
09:44:58.694 [Forwarding getCurrentUrl on session 6626572912d7dee2ecd67c17986ddc0f to remote] DEBUG org.asynchttpclient.netty.request.NettyRequestSender - Using pooled Channel '[id: 0x1a7bf238, L:/127.0.0.1:52501 - R:localhost/127.0.0.1:51630]' for 'GET' to 'http://localhost:51630/session/6626572912d7dee2ecd67c17986ddc0f/url'
09:44:58.694 [Forwarding getCurrentUrl on session 6626572912d7dee2ecd67c17986ddc0f to remote] DEBUG org.asynchttpclient.netty.request.NettyRequestSender - Using open Channel [id: 0x1a7bf238, L:/127.0.0.1:52501 - R:localhost/127.0.0.1:51630] for GET '/session/6626572912d7dee2ecd67c17986ddc0f/url'
09:44:58.704 [AsyncHttpClient-1-2] DEBUG org.asynchttpclient.netty.handler.HttpHandler - 

Request DefaultFullHttpRequest(decodeResult: success, version: HTTP/1.1, content: EmptyByteBufBE)
GET /session/6626572912d7dee2ecd67c17986ddc0f/url HTTP/1.1
User-Agent: selenium/4.1.2 (java windows)
Cache-Control: no-cache
Content-Type: application/json; charset=utf-8
host: localhost:51630
accept: */*

Response DefaultHttpResponse(decodeResult: success, version: HTTP/1.1)
HTTP/1.1 200 OK
Content-Type: application/json; charset=utf-8
cache-control: no-cache
content-length: 57

09:44:58.705 [AsyncHttpClient-1-2] DEBUG org.asynchttpclient.netty.channel.ChannelManager - Adding key: http://localhost:51630 for channel [id: 0x1a7bf238, L:/127.0.0.1:52501 - R:localhost/127.0.0.1:51630]
09:44:58.749 [Forwarding getCurrentUrl on session 6626572912d7dee2ecd67c17986ddc0f to remote] DEBUG org.asynchttpclient.netty.request.NettyRequestSender - Using pooled Channel '[id: 0x1a7bf238, L:/127.0.0.1:52501 - R:localhost/127.0.0.1:51630]' for 'GET' to 'http://localhost:51630/session/6626572912d7dee2ecd67c17986ddc0f/url'
09:44:58.750 [Forwarding getCurrentUrl on session 6626572912d7dee2ecd67c17986ddc0f to remote] DEBUG org.asynchttpclient.netty.request.NettyRequestSender - Using open Channel [id: 0x1a7bf238, L:/127.0.0.1:52501 - R:localhost/127.0.0.1:51630] for GET '/session/6626572912d7dee2ecd67c17986ddc0f/url'
09:44:58.757 [AsyncHttpClient-1-2] DEBUG org.asynchttpclient.netty.handler.HttpHandler - 

Request DefaultFullHttpRequest(decodeResult: success, version: HTTP/1.1, content: EmptyByteBufBE)
GET /session/6626572912d7dee2ecd67c17986ddc0f/url HTTP/1.1
User-Agent: selenium/4.1.2 (java windows)
Cache-Control: no-cache
Content-Type: application/json; charset=utf-8
host: localhost:51630
accept: */*

Response DefaultHttpResponse(decodeResult: success, version: HTTP/1.1)
HTTP/1.1 200 OK
Content-Type: application/json; charset=utf-8
cache-control: no-cache
content-length: 57

09:44:58.758 [AsyncHttpClient-1-2] DEBUG org.asynchttpclient.netty.channel.ChannelManager - Adding key: http://localhost:51630 for channel [id: 0x1a7bf238, L:/127.0.0.1:52501 - R:localhost/127.0.0.1:51630]
09:44:58.819 [Test worker] DEBUG net.serenitybdd.core.photography.Darkroom - Opening darkroom
09:44:58.820 [Darkroom Processing Line] DEBUG net.serenitybdd.core.photography.DarkroomProcessingLine - Darkroom processing line starting up
09:44:58.824 [Forwarding screenshot on session 6626572912d7dee2ecd67c17986ddc0f to remote] DEBUG org.asynchttpclient.netty.request.NettyRequestSender - Using pooled Channel '[id: 0x1a7bf238, L:/127.0.0.1:52501 - R:localhost/127.0.0.1:51630]' for 'GET' to 'http://localhost:51630/session/6626572912d7dee2ecd67c17986ddc0f/screenshot'
09:44:58.825 [Forwarding screenshot on session 6626572912d7dee2ecd67c17986ddc0f to remote] DEBUG org.asynchttpclient.netty.request.NettyRequestSender - Using open Channel [id: 0x1a7bf238, L:/127.0.0.1:52501 - R:localhost/127.0.0.1:51630] for GET '/session/6626572912d7dee2ecd67c17986ddc0f/screenshot'
09:44:59.248 [AsyncHttpClient-1-2] DEBUG org.asynchttpclient.netty.handler.HttpHandler - 

Request DefaultFullHttpRequest(decodeResult: success, version: HTTP/1.1, content: EmptyByteBufBE)
GET /session/6626572912d7dee2ecd67c17986ddc0f/screenshot HTTP/1.1
User-Agent: selenium/4.1.2 (java windows)
Cache-Control: no-cache
Content-Type: application/json; charset=utf-8
host: localhost:51630
accept: */*

Response DefaultHttpResponse(decodeResult: success, version: HTTP/1.1)
HTTP/1.1 200 OK
Content-Type: application/json; charset=utf-8
cache-control: no-cache
content-length: 379740

09:44:59.257 [AsyncHttpClient-1-2] DEBUG org.asynchttpclient.netty.channel.ChannelManager - Adding key: http://localhost:51630 for channel [id: 0x1a7bf238, L:/127.0.0.1:52501 - R:localhost/127.0.0.1:51630]
09:44:59.517 [Test worker] DEBUG net.serenitybdd.core.photography.Darkroom - Send negative for processing for C:\Users\johan\OneDrive\Documentos\KONEX\Pruebas automatizadas\automatizacion_login_backoffice_1v\target\site\serenity\2906e0e514c90d11ffaf03067b12110de544ee879fa76ed63b517fad1e2e3380.png
09:44:59.525 [Test worker] DEBUG net.thucydides.core.steps.StepInterceptor - STEP DONE: {0} opens the #targetPage
09:44:59.582 [Forwarding screenshot on session 6626572912d7dee2ecd67c17986ddc0f to remote] DEBUG org.asynchttpclient.netty.request.NettyRequestSender - Using pooled Channel '[id: 0x1a7bf238, L:/127.0.0.1:52501 - R:localhost/127.0.0.1:51630]' for 'GET' to 'http://localhost:51630/session/6626572912d7dee2ecd67c17986ddc0f/screenshot'
09:44:59.582 [Forwarding screenshot on session 6626572912d7dee2ecd67c17986ddc0f to remote] DEBUG org.asynchttpclient.netty.request.NettyRequestSender - Using open Channel [id: 0x1a7bf238, L:/127.0.0.1:52501 - R:localhost/127.0.0.1:51630] for GET '/session/6626572912d7dee2ecd67c17986ddc0f/screenshot'
09:44:59.636 [AsyncHttpClient-1-1] DEBUG org.asynchttpclient.netty.channel.DefaultChannelPool - Entry count for : http://localhost:52503 : 1
09:44:59.952 [AsyncHttpClient-1-2] DEBUG org.asynchttpclient.netty.handler.HttpHandler - 

Request DefaultFullHttpRequest(decodeResult: success, version: HTTP/1.1, content: EmptyByteBufBE)
GET /session/6626572912d7dee2ecd67c17986ddc0f/screenshot HTTP/1.1
User-Agent: selenium/4.1.2 (java windows)
Cache-Control: no-cache
Content-Type: application/json; charset=utf-8
host: localhost:51630
accept: */*

Response DefaultHttpResponse(decodeResult: success, version: HTTP/1.1)
HTTP/1.1 200 OK
Content-Type: application/json; charset=utf-8
cache-control: no-cache
content-length: 379772

09:44:59.958 [AsyncHttpClient-1-2] DEBUG org.asynchttpclient.netty.channel.ChannelManager - Adding key: http://localhost:51630 for channel [id: 0x1a7bf238, L:/127.0.0.1:52501 - R:localhost/127.0.0.1:51630]
09:44:59.989 [Test worker] DEBUG net.serenitybdd.core.photography.Darkroom - Send negative for processing for C:\Users\johan\OneDrive\Documentos\KONEX\Pruebas automatizadas\automatizacion_login_backoffice_1v\target\site\serenity\827eba772fc8c0a7b9dfb33684fbbfab2dbf1f790c8339d229e180e243a6dda7.png
09:44:59.989 [Test worker] DEBUG net.thucydides.core.steps.StepInterceptor - STEP DONE: performAs
09:45:00.049 [Forwarding screenshot on session 6626572912d7dee2ecd67c17986ddc0f to remote] DEBUG org.asynchttpclient.netty.request.NettyRequestSender - Using pooled Channel '[id: 0x1a7bf238, L:/127.0.0.1:52501 - R:localhost/127.0.0.1:51630]' for 'GET' to 'http://localhost:51630/session/6626572912d7dee2ecd67c17986ddc0f/screenshot'
09:45:00.049 [Forwarding screenshot on session 6626572912d7dee2ecd67c17986ddc0f to remote] DEBUG org.asynchttpclient.netty.request.NettyRequestSender - Using open Channel [id: 0x1a7bf238, L:/127.0.0.1:52501 - R:localhost/127.0.0.1:51630] for GET '/session/6626572912d7dee2ecd67c17986ddc0f/screenshot'
09:45:00.428 [AsyncHttpClient-1-2] DEBUG org.asynchttpclient.netty.handler.HttpHandler - 

Request DefaultFullHttpRequest(decodeResult: success, version: HTTP/1.1, content: EmptyByteBufBE)
GET /session/6626572912d7dee2ecd67c17986ddc0f/screenshot HTTP/1.1
User-Agent: selenium/4.1.2 (java windows)
Cache-Control: no-cache
Content-Type: application/json; charset=utf-8
host: localhost:51630
accept: */*

Response DefaultHttpResponse(decodeResult: success, version: HTTP/1.1)
HTTP/1.1 200 OK
Content-Type: application/json; charset=utf-8
cache-control: no-cache
content-length: 379740

09:45:00.434 [AsyncHttpClient-1-2] DEBUG org.asynchttpclient.netty.channel.ChannelManager - Adding key: http://localhost:51630 for channel [id: 0x1a7bf238, L:/127.0.0.1:52501 - R:localhost/127.0.0.1:51630]
09:45:00.462 [Test worker] DEBUG net.serenitybdd.core.photography.Darkroom - Send negative for processing for C:\Users\johan\OneDrive\Documentos\KONEX\Pruebas automatizadas\automatizacion_login_backoffice_1v\target\site\serenity\2906e0e514c90d11ffaf03067b12110de544ee879fa76ed63b517fad1e2e3380.png
09:45:00.545 [Forwarding screenshot on session 6626572912d7dee2ecd67c17986ddc0f to remote] DEBUG org.asynchttpclient.netty.request.NettyRequestSender - Using pooled Channel '[id: 0x1a7bf238, L:/127.0.0.1:52501 - R:localhost/127.0.0.1:51630]' for 'GET' to 'http://localhost:51630/session/6626572912d7dee2ecd67c17986ddc0f/screenshot'
09:45:00.545 [Forwarding screenshot on session 6626572912d7dee2ecd67c17986ddc0f to remote] DEBUG org.asynchttpclient.netty.request.NettyRequestSender - Using open Channel [id: 0x1a7bf238, L:/127.0.0.1:52501 - R:localhost/127.0.0.1:51630] for GET '/session/6626572912d7dee2ecd67c17986ddc0f/screenshot'
09:45:00.744 [AsyncHttpClient-1-1] DEBUG org.asynchttpclient.netty.channel.DefaultChannelPool - Entry count for : http://localhost:52503 : 1
09:45:00.945 [AsyncHttpClient-1-2] DEBUG org.asynchttpclient.netty.handler.HttpHandler - 

Request DefaultFullHttpRequest(decodeResult: success, version: HTTP/1.1, content: EmptyByteBufBE)
GET /session/6626572912d7dee2ecd67c17986ddc0f/screenshot HTTP/1.1
User-Agent: selenium/4.1.2 (java windows)
Cache-Control: no-cache
Content-Type: application/json; charset=utf-8
host: localhost:51630
accept: */*

Response DefaultHttpResponse(decodeResult: success, version: HTTP/1.1)
HTTP/1.1 200 OK
Content-Type: application/json; charset=utf-8
cache-control: no-cache
content-length: 379772

09:45:00.955 [AsyncHttpClient-1-2] DEBUG org.asynchttpclient.netty.channel.ChannelManager - Adding key: http://localhost:51630 for channel [id: 0x1a7bf238, L:/127.0.0.1:52501 - R:localhost/127.0.0.1:51630]
09:45:01.028 [Test worker] DEBUG net.serenitybdd.core.photography.Darkroom - Send negative for processing for C:\Users\johan\OneDrive\Documentos\KONEX\Pruebas automatizadas\automatizacion_login_backoffice_1v\target\site\serenity\827eba772fc8c0a7b9dfb33684fbbfab2dbf1f790c8339d229e180e243a6dda7.png
09:45:01.031 [Test worker] DEBUG net.thucydides.core.steps.StepInterceptor - STARTING STEP: AdminSorteoStepdefinitions.seLogueaConUsuarioYContrasenna - performAs
09:45:01.308 [Forwarding screenshot on session 6626572912d7dee2ecd67c17986ddc0f to remote] DEBUG org.asynchttpclient.netty.request.NettyRequestSender - Using pooled Channel '[id: 0x1a7bf238, L:/127.0.0.1:52501 - R:localhost/127.0.0.1:51630]' for 'GET' to 'http://localhost:51630/session/6626572912d7dee2ecd67c17986ddc0f/screenshot'
09:45:01.308 [Forwarding screenshot on session 6626572912d7dee2ecd67c17986ddc0f to remote] DEBUG org.asynchttpclient.netty.request.NettyRequestSender - Using open Channel [id: 0x1a7bf238, L:/127.0.0.1:52501 - R:localhost/127.0.0.1:51630] for GET '/session/6626572912d7dee2ecd67c17986ddc0f/screenshot'
09:45:01.502 [AsyncHttpClient-1-2] DEBUG org.asynchttpclient.netty.handler.HttpHandler - 

Request DefaultFullHttpRequest(decodeResult: success, version: HTTP/1.1, content: EmptyByteBufBE)
GET /session/6626572912d7dee2ecd67c17986ddc0f/screenshot HTTP/1.1
User-Agent: selenium/4.1.2 (java windows)
Cache-Control: no-cache
Content-Type: application/json; charset=utf-8
host: localhost:51630
accept: */*

Response DefaultHttpResponse(decodeResult: success, version: HTTP/1.1)
HTTP/1.1 200 OK
Content-Type: application/json; charset=utf-8
cache-control: no-cache
content-length: 379772

09:45:01.504 [AsyncHttpClient-1-2] DEBUG org.asynchttpclient.netty.channel.ChannelManager - Adding key: http://localhost:51630 for channel [id: 0x1a7bf238, L:/127.0.0.1:52501 - R:localhost/127.0.0.1:51630]
09:45:01.517 [Test worker] DEBUG net.serenitybdd.core.photography.Darkroom - Send negative for processing for C:\Users\johan\OneDrive\Documentos\KONEX\Pruebas automatizadas\automatizacion_login_backoffice_1v\target\site\serenity\827eba772fc8c0a7b9dfb33684fbbfab2dbf1f790c8339d229e180e243a6dda7.png
09:45:01.518 [Test worker] DEBUG net.thucydides.core.steps.StepInterceptor - STARTING STEP: Ingresar.performAs - {0} enters #theTextAsAString into #target
09:45:01.582 [Test worker] DEBUG net.serenitybdd.screenplay.targets.IFrameSwitcher - default content already selected for Datos para campo de usuario
09:45:01.619 [Forwarding findElement on session 6626572912d7dee2ecd67c17986ddc0f to remote] DEBUG org.asynchttpclient.netty.request.NettyRequestSender - Using pooled Channel '[id: 0x1a7bf238, L:/127.0.0.1:52501 - R:localhost/127.0.0.1:51630]' for 'POST' to 'http://localhost:51630/session/6626572912d7dee2ecd67c17986ddc0f/element'
09:45:01.619 [Forwarding findElement on session 6626572912d7dee2ecd67c17986ddc0f to remote] DEBUG org.asynchttpclient.netty.request.NettyRequestSender - Using open Channel [id: 0x1a7bf238, L:/127.0.0.1:52501 - R:localhost/127.0.0.1:51630] for POST '/session/6626572912d7dee2ecd67c17986ddc0f/element'
09:45:01.633 [AsyncHttpClient-1-2] DEBUG org.asynchttpclient.netty.handler.HttpHandler - 

Request DefaultHttpRequest(decodeResult: success, version: HTTP/1.1)
POST /session/6626572912d7dee2ecd67c17986ddc0f/element HTTP/1.1
User-Agent: selenium/4.1.2 (java windows)
Content-Length: 53
Content-Type: application/json; charset=utf-8
host: localhost:51630
accept: */*

Response DefaultHttpResponse(decodeResult: success, version: HTTP/1.1)
HTTP/1.1 200 OK
Content-Type: application/json; charset=utf-8
cache-control: no-cache
content-length: 88

09:45:01.633 [AsyncHttpClient-1-2] DEBUG org.asynchttpclient.netty.channel.ChannelManager - Adding key: http://localhost:51630 for channel [id: 0x1a7bf238, L:/127.0.0.1:52501 - R:localhost/127.0.0.1:51630]
09:45:01.638 [Forwarding clearElement on session 6626572912d7dee2ecd67c17986ddc0f to remote] DEBUG org.asynchttpclient.netty.request.NettyRequestSender - Using pooled Channel '[id: 0x1a7bf238, L:/127.0.0.1:52501 - R:localhost/127.0.0.1:51630]' for 'POST' to 'http://localhost:51630/session/6626572912d7dee2ecd67c17986ddc0f/element/e96ac659-30d5-4407-90bd-d63d2fbe7817/clear'
09:45:01.638 [Forwarding clearElement on session 6626572912d7dee2ecd67c17986ddc0f to remote] DEBUG org.asynchttpclient.netty.request.NettyRequestSender - Using open Channel [id: 0x1a7bf238, L:/127.0.0.1:52501 - R:localhost/127.0.0.1:51630] for POST '/session/6626572912d7dee2ecd67c17986ddc0f/element/e96ac659-30d5-4407-90bd-d63d2fbe7817/clear'
09:45:01.676 [AsyncHttpClient-1-2] DEBUG org.asynchttpclient.netty.handler.HttpHandler - 

Request DefaultHttpRequest(decodeResult: success, version: HTTP/1.1)
POST /session/6626572912d7dee2ecd67c17986ddc0f/element/e96ac659-30d5-4407-90bd-d63d2fbe7817/clear HTTP/1.1
User-Agent: selenium/4.1.2 (java windows)
Content-Length: 50
Content-Type: application/json; charset=utf-8
host: localhost:51630
accept: */*

Response DefaultHttpResponse(decodeResult: success, version: HTTP/1.1)
HTTP/1.1 200 OK
Content-Type: application/json; charset=utf-8
cache-control: no-cache
content-length: 14

09:45:01.676 [AsyncHttpClient-1-2] DEBUG org.asynchttpclient.netty.channel.ChannelManager - Adding key: http://localhost:51630 for channel [id: 0x1a7bf238, L:/127.0.0.1:52501 - R:localhost/127.0.0.1:51630]
09:45:01.690 [Forwarding sendKeysToElement on session 6626572912d7dee2ecd67c17986ddc0f to remote] DEBUG org.asynchttpclient.netty.request.NettyRequestSender - Using pooled Channel '[id: 0x1a7bf238, L:/127.0.0.1:52501 - R:localhost/127.0.0.1:51630]' for 'POST' to 'http://localhost:51630/session/6626572912d7dee2ecd67c17986ddc0f/element/e96ac659-30d5-4407-90bd-d63d2fbe7817/value'
09:45:01.690 [Forwarding sendKeysToElement on session 6626572912d7dee2ecd67c17986ddc0f to remote] DEBUG org.asynchttpclient.netty.request.NettyRequestSender - Using open Channel [id: 0x1a7bf238, L:/127.0.0.1:52501 - R:localhost/127.0.0.1:51630] for POST '/session/6626572912d7dee2ecd67c17986ddc0f/element/e96ac659-30d5-4407-90bd-d63d2fbe7817/value'
09:45:01.724 [AsyncHttpClient-1-2] DEBUG org.asynchttpclient.netty.handler.HttpHandler - 

Request DefaultHttpRequest(decodeResult: success, version: HTTP/1.1)
POST /session/6626572912d7dee2ecd67c17986ddc0f/element/e96ac659-30d5-4407-90bd-d63d2fbe7817/value HTTP/1.1
User-Agent: selenium/4.1.2 (java windows)
Content-Length: 191
Content-Type: application/json; charset=utf-8
host: localhost:51630
accept: */*

Response DefaultHttpResponse(decodeResult: success, version: HTTP/1.1)
HTTP/1.1 200 OK
Content-Type: application/json; charset=utf-8
cache-control: no-cache
content-length: 14

09:45:01.725 [AsyncHttpClient-1-2] DEBUG org.asynchttpclient.netty.channel.ChannelManager - Adding key: http://localhost:51630 for channel [id: 0x1a7bf238, L:/127.0.0.1:52501 - R:localhost/127.0.0.1:51630]
09:45:01.743 [Forwarding screenshot on session 6626572912d7dee2ecd67c17986ddc0f to remote] DEBUG org.asynchttpclient.netty.request.NettyRequestSender - Using pooled Channel '[id: 0x1a7bf238, L:/127.0.0.1:52501 - R:localhost/127.0.0.1:51630]' for 'GET' to 'http://localhost:51630/session/6626572912d7dee2ecd67c17986ddc0f/screenshot'
09:45:01.744 [Forwarding screenshot on session 6626572912d7dee2ecd67c17986ddc0f to remote] DEBUG org.asynchttpclient.netty.request.NettyRequestSender - Using open Channel [id: 0x1a7bf238, L:/127.0.0.1:52501 - R:localhost/127.0.0.1:51630] for GET '/session/6626572912d7dee2ecd67c17986ddc0f/screenshot'
09:45:01.839 [AsyncHttpClient-1-1] DEBUG org.asynchttpclient.netty.channel.DefaultChannelPool - Entry count for : http://localhost:52503 : 1
09:45:01.952 [AsyncHttpClient-1-2] DEBUG org.asynchttpclient.netty.handler.HttpHandler - 

Request DefaultFullHttpRequest(decodeResult: success, version: HTTP/1.1, content: EmptyByteBufBE)
GET /session/6626572912d7dee2ecd67c17986ddc0f/screenshot HTTP/1.1
User-Agent: selenium/4.1.2 (java windows)
Cache-Control: no-cache
Content-Type: application/json; charset=utf-8
host: localhost:51630
accept: */*

Response DefaultHttpResponse(decodeResult: success, version: HTTP/1.1)
HTTP/1.1 200 OK
Content-Type: application/json; charset=utf-8
cache-control: no-cache
content-length: 378572

09:45:01.955 [AsyncHttpClient-1-2] DEBUG org.asynchttpclient.netty.channel.ChannelManager - Adding key: http://localhost:51630 for channel [id: 0x1a7bf238, L:/127.0.0.1:52501 - R:localhost/127.0.0.1:51630]
09:45:01.968 [Test worker] DEBUG net.serenitybdd.core.photography.Darkroom - Send negative for processing for C:\Users\johan\OneDrive\Documentos\KONEX\Pruebas automatizadas\automatizacion_login_backoffice_1v\target\site\serenity\006b24e5412277c5de3e2de51cd21d98827689b6fa88dab4e7de0ed1afc6cbb1.png
09:45:01.994 [Test worker] DEBUG net.thucydides.core.steps.StepInterceptor - STEP DONE: {0} enters #theTextAsAString into #target
09:45:02.011 [Test worker] DEBUG net.thucydides.core.steps.StepInterceptor - STARTING STEP: Ingresar.performAs - {0} enters #theTextAsAString into #target
09:45:02.023 [Test worker] DEBUG net.serenitybdd.screenplay.targets.IFrameSwitcher - default content already selected for Datos para campo contrasenna
09:45:02.064 [Forwarding findElement on session 6626572912d7dee2ecd67c17986ddc0f to remote] DEBUG org.asynchttpclient.netty.request.NettyRequestSender - Using pooled Channel '[id: 0x1a7bf238, L:/127.0.0.1:52501 - R:localhost/127.0.0.1:51630]' for 'POST' to 'http://localhost:51630/session/6626572912d7dee2ecd67c17986ddc0f/element'
09:45:02.064 [Forwarding findElement on session 6626572912d7dee2ecd67c17986ddc0f to remote] DEBUG org.asynchttpclient.netty.request.NettyRequestSender - Using open Channel [id: 0x1a7bf238, L:/127.0.0.1:52501 - R:localhost/127.0.0.1:51630] for POST '/session/6626572912d7dee2ecd67c17986ddc0f/element'
09:45:02.075 [AsyncHttpClient-1-2] DEBUG org.asynchttpclient.netty.handler.HttpHandler - 

Request DefaultHttpRequest(decodeResult: success, version: HTTP/1.1)
POST /session/6626572912d7dee2ecd67c17986ddc0f/element HTTP/1.1
User-Agent: selenium/4.1.2 (java windows)
Content-Length: 50
Content-Type: application/json; charset=utf-8
host: localhost:51630
accept: */*

Response DefaultHttpResponse(decodeResult: success, version: HTTP/1.1)
HTTP/1.1 200 OK
Content-Type: application/json; charset=utf-8
cache-control: no-cache
content-length: 88

09:45:02.075 [AsyncHttpClient-1-2] DEBUG org.asynchttpclient.netty.channel.ChannelManager - Adding key: http://localhost:51630 for channel [id: 0x1a7bf238, L:/127.0.0.1:52501 - R:localhost/127.0.0.1:51630]
09:45:02.077 [Forwarding clearElement on session 6626572912d7dee2ecd67c17986ddc0f to remote] DEBUG org.asynchttpclient.netty.request.NettyRequestSender - Using pooled Channel '[id: 0x1a7bf238, L:/127.0.0.1:52501 - R:localhost/127.0.0.1:51630]' for 'POST' to 'http://localhost:51630/session/6626572912d7dee2ecd67c17986ddc0f/element/1686bd90-ee00-4143-aee0-febf5d119ff4/clear'
09:45:02.077 [Forwarding clearElement on session 6626572912d7dee2ecd67c17986ddc0f to remote] DEBUG org.asynchttpclient.netty.request.NettyRequestSender - Using open Channel [id: 0x1a7bf238, L:/127.0.0.1:52501 - R:localhost/127.0.0.1:51630] for POST '/session/6626572912d7dee2ecd67c17986ddc0f/element/1686bd90-ee00-4143-aee0-febf5d119ff4/clear'
09:45:02.103 [AsyncHttpClient-1-2] DEBUG org.asynchttpclient.netty.handler.HttpHandler - 

Request DefaultHttpRequest(decodeResult: success, version: HTTP/1.1)
POST /session/6626572912d7dee2ecd67c17986ddc0f/element/1686bd90-ee00-4143-aee0-febf5d119ff4/clear HTTP/1.1
User-Agent: selenium/4.1.2 (java windows)
Content-Length: 50
Content-Type: application/json; charset=utf-8
host: localhost:51630
accept: */*

Response DefaultHttpResponse(decodeResult: success, version: HTTP/1.1)
HTTP/1.1 200 OK
Content-Type: application/json; charset=utf-8
cache-control: no-cache
content-length: 14

09:45:02.104 [AsyncHttpClient-1-2] DEBUG org.asynchttpclient.netty.channel.ChannelManager - Adding key: http://localhost:51630 for channel [id: 0x1a7bf238, L:/127.0.0.1:52501 - R:localhost/127.0.0.1:51630]
09:45:02.114 [Forwarding sendKeysToElement on session 6626572912d7dee2ecd67c17986ddc0f to remote] DEBUG org.asynchttpclient.netty.request.NettyRequestSender - Using pooled Channel '[id: 0x1a7bf238, L:/127.0.0.1:52501 - R:localhost/127.0.0.1:51630]' for 'POST' to 'http://localhost:51630/session/6626572912d7dee2ecd67c17986ddc0f/element/1686bd90-ee00-4143-aee0-febf5d119ff4/value'
09:45:02.114 [Forwarding sendKeysToElement on session 6626572912d7dee2ecd67c17986ddc0f to remote] DEBUG org.asynchttpclient.netty.request.NettyRequestSender - Using open Channel [id: 0x1a7bf238, L:/127.0.0.1:52501 - R:localhost/127.0.0.1:51630] for POST '/session/6626572912d7dee2ecd67c17986ddc0f/element/1686bd90-ee00-4143-aee0-febf5d119ff4/value'
09:45:02.161 [AsyncHttpClient-1-2] DEBUG org.asynchttpclient.netty.handler.HttpHandler - 

Request DefaultHttpRequest(decodeResult: success, version: HTTP/1.1)
POST /session/6626572912d7dee2ecd67c17986ddc0f/element/1686bd90-ee00-4143-aee0-febf5d119ff4/value HTTP/1.1
User-Agent: selenium/4.1.2 (java windows)
Content-Length: 181
Content-Type: application/json; charset=utf-8
host: localhost:51630
accept: */*

Response DefaultHttpResponse(decodeResult: success, version: HTTP/1.1)
HTTP/1.1 200 OK
Content-Type: application/json; charset=utf-8
cache-control: no-cache
content-length: 14

09:45:02.161 [AsyncHttpClient-1-2] DEBUG org.asynchttpclient.netty.channel.ChannelManager - Adding key: http://localhost:51630 for channel [id: 0x1a7bf238, L:/127.0.0.1:52501 - R:localhost/127.0.0.1:51630]
09:45:02.179 [Forwarding screenshot on session 6626572912d7dee2ecd67c17986ddc0f to remote] DEBUG org.asynchttpclient.netty.request.NettyRequestSender - Using pooled Channel '[id: 0x1a7bf238, L:/127.0.0.1:52501 - R:localhost/127.0.0.1:51630]' for 'GET' to 'http://localhost:51630/session/6626572912d7dee2ecd67c17986ddc0f/screenshot'
09:45:02.179 [Forwarding screenshot on session 6626572912d7dee2ecd67c17986ddc0f to remote] DEBUG org.asynchttpclient.netty.request.NettyRequestSender - Using open Channel [id: 0x1a7bf238, L:/127.0.0.1:52501 - R:localhost/127.0.0.1:51630] for GET '/session/6626572912d7dee2ecd67c17986ddc0f/screenshot'
09:45:02.389 [AsyncHttpClient-1-2] DEBUG org.asynchttpclient.netty.handler.HttpHandler - 

Request DefaultFullHttpRequest(decodeResult: success, version: HTTP/1.1, content: EmptyByteBufBE)
GET /session/6626572912d7dee2ecd67c17986ddc0f/screenshot HTTP/1.1
User-Agent: selenium/4.1.2 (java windows)
Cache-Control: no-cache
Content-Type: application/json; charset=utf-8
host: localhost:51630
accept: */*

Response DefaultHttpResponse(decodeResult: success, version: HTTP/1.1)
HTTP/1.1 200 OK
Content-Type: application/json; charset=utf-8
cache-control: no-cache
content-length: 376452

09:45:02.391 [AsyncHttpClient-1-2] DEBUG org.asynchttpclient.netty.channel.ChannelManager - Adding key: http://localhost:51630 for channel [id: 0x1a7bf238, L:/127.0.0.1:52501 - R:localhost/127.0.0.1:51630]
09:45:02.403 [Test worker] DEBUG net.serenitybdd.core.photography.Darkroom - Send negative for processing for C:\Users\johan\OneDrive\Documentos\KONEX\Pruebas automatizadas\automatizacion_login_backoffice_1v\target\site\serenity\6409296d25c248aedb7da1477f84c275db0599f87c2e3eeb6f484850a149a03f.png
09:45:02.425 [Test worker] DEBUG net.thucydides.core.steps.StepInterceptor - STEP DONE: {0} enters #theTextAsAString into #target
09:45:02.448 [Test worker] DEBUG net.thucydides.core.steps.StepInterceptor - STARTING STEP: Ingresar.performAs - {0} clicks on #target
09:45:02.448 [Test worker] DEBUG net.serenitybdd.screenplay.targets.IFrameSwitcher - default content already selected for Verificar contrasenna
09:45:02.510 [Forwarding findElement on session 6626572912d7dee2ecd67c17986ddc0f to remote] DEBUG org.asynchttpclient.netty.request.NettyRequestSender - Using pooled Channel '[id: 0x1a7bf238, L:/127.0.0.1:52501 - R:localhost/127.0.0.1:51630]' for 'POST' to 'http://localhost:51630/session/6626572912d7dee2ecd67c17986ddc0f/element'
09:45:02.510 [Forwarding findElement on session 6626572912d7dee2ecd67c17986ddc0f to remote] DEBUG org.asynchttpclient.netty.request.NettyRequestSender - Using open Channel [id: 0x1a7bf238, L:/127.0.0.1:52501 - R:localhost/127.0.0.1:51630] for POST '/session/6626572912d7dee2ecd67c17986ddc0f/element'
09:45:02.524 [AsyncHttpClient-1-2] DEBUG org.asynchttpclient.netty.handler.HttpHandler - 

Request DefaultHttpRequest(decodeResult: success, version: HTTP/1.1)
POST /session/6626572912d7dee2ecd67c17986ddc0f/element HTTP/1.1
User-Agent: selenium/4.1.2 (java windows)
Content-Length: 93
Content-Type: application/json; charset=utf-8
host: localhost:51630
accept: */*

Response DefaultHttpResponse(decodeResult: success, version: HTTP/1.1)
HTTP/1.1 200 OK
Content-Type: application/json; charset=utf-8
cache-control: no-cache
content-length: 88

09:45:02.524 [AsyncHttpClient-1-2] DEBUG org.asynchttpclient.netty.channel.ChannelManager - Adding key: http://localhost:51630 for channel [id: 0x1a7bf238, L:/127.0.0.1:52501 - R:localhost/127.0.0.1:51630]
09:45:02.549 [Forwarding isElementDisplayed on session 6626572912d7dee2ecd67c17986ddc0f to remote] DEBUG org.asynchttpclient.netty.request.NettyRequestSender - Using pooled Channel '[id: 0x1a7bf238, L:/127.0.0.1:52501 - R:localhost/127.0.0.1:51630]' for 'POST' to 'http://localhost:51630/session/6626572912d7dee2ecd67c17986ddc0f/execute/sync'
09:45:02.549 [Forwarding isElementDisplayed on session 6626572912d7dee2ecd67c17986ddc0f to remote] DEBUG org.asynchttpclient.netty.request.NettyRequestSender - Using open Channel [id: 0x1a7bf238, L:/127.0.0.1:52501 - R:localhost/127.0.0.1:51630] for POST '/session/6626572912d7dee2ecd67c17986ddc0f/execute/sync'
09:45:02.564 [AsyncHttpClient-1-2] DEBUG org.asynchttpclient.netty.handler.HttpHandler - 

Request DefaultHttpRequest(decodeResult: success, version: HTTP/1.1)
POST /session/6626572912d7dee2ecd67c17986ddc0f/execute/sync HTTP/1.1
User-Agent: selenium/4.1.2 (java windows)
Content-Length: 48780
Content-Type: application/json; charset=utf-8
host: localhost:51630
accept: */*

Response DefaultHttpResponse(decodeResult: success, version: HTTP/1.1)
HTTP/1.1 200 OK
Content-Type: application/json; charset=utf-8
cache-control: no-cache
content-length: 14

09:45:02.564 [AsyncHttpClient-1-2] DEBUG org.asynchttpclient.netty.channel.ChannelManager - Adding key: http://localhost:51630 for channel [id: 0x1a7bf238, L:/127.0.0.1:52501 - R:localhost/127.0.0.1:51630]
09:45:02.584 [Forwarding findElement on session 6626572912d7dee2ecd67c17986ddc0f to remote] DEBUG org.asynchttpclient.netty.request.NettyRequestSender - Using pooled Channel '[id: 0x1a7bf238, L:/127.0.0.1:52501 - R:localhost/127.0.0.1:51630]' for 'POST' to 'http://localhost:51630/session/6626572912d7dee2ecd67c17986ddc0f/element'
09:45:02.584 [Forwarding findElement on session 6626572912d7dee2ecd67c17986ddc0f to remote] DEBUG org.asynchttpclient.netty.request.NettyRequestSender - Using open Channel [id: 0x1a7bf238, L:/127.0.0.1:52501 - R:localhost/127.0.0.1:51630] for POST '/session/6626572912d7dee2ecd67c17986ddc0f/element'
09:45:02.590 [AsyncHttpClient-1-2] DEBUG org.asynchttpclient.netty.handler.HttpHandler - 

Request DefaultHttpRequest(decodeResult: success, version: HTTP/1.1)
POST /session/6626572912d7dee2ecd67c17986ddc0f/element HTTP/1.1
User-Agent: selenium/4.1.2 (java windows)
Content-Length: 93
Content-Type: application/json; charset=utf-8
host: localhost:51630
accept: */*

Response DefaultHttpResponse(decodeResult: success, version: HTTP/1.1)
HTTP/1.1 200 OK
Content-Type: application/json; charset=utf-8
cache-control: no-cache
content-length: 88

09:45:02.590 [AsyncHttpClient-1-2] DEBUG org.asynchttpclient.netty.channel.ChannelManager - Adding key: http://localhost:51630 for channel [id: 0x1a7bf238, L:/127.0.0.1:52501 - R:localhost/127.0.0.1:51630]
09:45:02.592 [Forwarding clickElement on session 6626572912d7dee2ecd67c17986ddc0f to remote] DEBUG org.asynchttpclient.netty.request.NettyRequestSender - Using pooled Channel '[id: 0x1a7bf238, L:/127.0.0.1:52501 - R:localhost/127.0.0.1:51630]' for 'POST' to 'http://localhost:51630/session/6626572912d7dee2ecd67c17986ddc0f/element/31e57e99-38af-4260-994a-23284bf8885b/click'
09:45:02.592 [Forwarding clickElement on session 6626572912d7dee2ecd67c17986ddc0f to remote] DEBUG org.asynchttpclient.netty.request.NettyRequestSender - Using open Channel [id: 0x1a7bf238, L:/127.0.0.1:52501 - R:localhost/127.0.0.1:51630] for POST '/session/6626572912d7dee2ecd67c17986ddc0f/element/31e57e99-38af-4260-994a-23284bf8885b/click'
09:45:02.624 [AsyncHttpClient-1-2] DEBUG org.asynchttpclient.netty.handler.HttpHandler - 

Request DefaultHttpRequest(decodeResult: success, version: HTTP/1.1)
POST /session/6626572912d7dee2ecd67c17986ddc0f/element/31e57e99-38af-4260-994a-23284bf8885b/click HTTP/1.1
User-Agent: selenium/4.1.2 (java windows)
Content-Length: 50
Content-Type: application/json; charset=utf-8
host: localhost:51630
accept: */*

Response DefaultHttpResponse(decodeResult: success, version: HTTP/1.1)
HTTP/1.1 200 OK
Content-Type: application/json; charset=utf-8
cache-control: no-cache
content-length: 14

09:45:02.624 [AsyncHttpClient-1-2] DEBUG org.asynchttpclient.netty.channel.ChannelManager - Adding key: http://localhost:51630 for channel [id: 0x1a7bf238, L:/127.0.0.1:52501 - R:localhost/127.0.0.1:51630]
09:45:02.642 [Forwarding screenshot on session 6626572912d7dee2ecd67c17986ddc0f to remote] DEBUG org.asynchttpclient.netty.request.NettyRequestSender - Using pooled Channel '[id: 0x1a7bf238, L:/127.0.0.1:52501 - R:localhost/127.0.0.1:51630]' for 'GET' to 'http://localhost:51630/session/6626572912d7dee2ecd67c17986ddc0f/screenshot'
09:45:02.642 [Forwarding screenshot on session 6626572912d7dee2ecd67c17986ddc0f to remote] DEBUG org.asynchttpclient.netty.request.NettyRequestSender - Using open Channel [id: 0x1a7bf238, L:/127.0.0.1:52501 - R:localhost/127.0.0.1:51630] for GET '/session/6626572912d7dee2ecd67c17986ddc0f/screenshot'
09:45:02.861 [AsyncHttpClient-1-2] DEBUG org.asynchttpclient.netty.handler.HttpHandler - 

Request DefaultFullHttpRequest(decodeResult: success, version: HTTP/1.1, content: EmptyByteBufBE)
GET /session/6626572912d7dee2ecd67c17986ddc0f/screenshot HTTP/1.1
User-Agent: selenium/4.1.2 (java windows)
Cache-Control: no-cache
Content-Type: application/json; charset=utf-8
host: localhost:51630
accept: */*

Response DefaultHttpResponse(decodeResult: success, version: HTTP/1.1)
HTTP/1.1 200 OK
Content-Type: application/json; charset=utf-8
cache-control: no-cache
content-length: 376324

09:45:02.863 [AsyncHttpClient-1-2] DEBUG org.asynchttpclient.netty.channel.ChannelManager - Adding key: http://localhost:51630 for channel [id: 0x1a7bf238, L:/127.0.0.1:52501 - R:localhost/127.0.0.1:51630]
09:45:02.880 [Test worker] DEBUG net.serenitybdd.core.photography.Darkroom - Send negative for processing for C:\Users\johan\OneDrive\Documentos\KONEX\Pruebas automatizadas\automatizacion_login_backoffice_1v\target\site\serenity\5a6ba8c2df8388bd4966dd7ccc4272c7a0ff783bc6367d82021d23e044e03244.png
09:45:02.894 [Test worker] DEBUG net.thucydides.core.steps.StepInterceptor - STEP DONE: {0} clicks on #target
09:45:02.912 [Test worker] DEBUG net.thucydides.core.steps.StepInterceptor - STARTING STEP: Ingresar.performAs - {0} clicks on #target
09:45:02.912 [Test worker] DEBUG net.serenitybdd.screenplay.targets.IFrameSwitcher - default content already selected for Boton iniciar sesion
09:45:02.934 [AsyncHttpClient-1-1] DEBUG org.asynchttpclient.netty.channel.DefaultChannelPool - Entry count for : http://localhost:52503 : 1
09:45:02.934 [AsyncHttpClient-1-1] DEBUG org.asynchttpclient.netty.channel.DefaultChannelPool - Entry count for : http://localhost:51630 : 1
09:45:03.016 [Forwarding findElement on session 6626572912d7dee2ecd67c17986ddc0f to remote] DEBUG org.asynchttpclient.netty.request.NettyRequestSender - Using pooled Channel '[id: 0x1a7bf238, L:/127.0.0.1:52501 - R:localhost/127.0.0.1:51630]' for 'POST' to 'http://localhost:51630/session/6626572912d7dee2ecd67c17986ddc0f/element'
09:45:03.016 [Forwarding findElement on session 6626572912d7dee2ecd67c17986ddc0f to remote] DEBUG org.asynchttpclient.netty.request.NettyRequestSender - Using open Channel [id: 0x1a7bf238, L:/127.0.0.1:52501 - R:localhost/127.0.0.1:51630] for POST '/session/6626572912d7dee2ecd67c17986ddc0f/element'
09:45:03.028 [AsyncHttpClient-1-2] DEBUG org.asynchttpclient.netty.handler.HttpHandler - 

Request DefaultHttpRequest(decodeResult: success, version: HTTP/1.1)
POST /session/6626572912d7dee2ecd67c17986ddc0f/element HTTP/1.1
User-Agent: selenium/4.1.2 (java windows)
Content-Length: 89
Content-Type: application/json; charset=utf-8
host: localhost:51630
accept: */*

Response DefaultHttpResponse(decodeResult: success, version: HTTP/1.1)
HTTP/1.1 200 OK
Content-Type: application/json; charset=utf-8
cache-control: no-cache
content-length: 88

09:45:03.028 [AsyncHttpClient-1-2] DEBUG org.asynchttpclient.netty.channel.ChannelManager - Adding key: http://localhost:51630 for channel [id: 0x1a7bf238, L:/127.0.0.1:52501 - R:localhost/127.0.0.1:51630]
09:45:03.046 [Forwarding isElementDisplayed on session 6626572912d7dee2ecd67c17986ddc0f to remote] DEBUG org.asynchttpclient.netty.request.NettyRequestSender - Using pooled Channel '[id: 0x1a7bf238, L:/127.0.0.1:52501 - R:localhost/127.0.0.1:51630]' for 'POST' to 'http://localhost:51630/session/6626572912d7dee2ecd67c17986ddc0f/execute/sync'
09:45:03.046 [Forwarding isElementDisplayed on session 6626572912d7dee2ecd67c17986ddc0f to remote] DEBUG org.asynchttpclient.netty.request.NettyRequestSender - Using open Channel [id: 0x1a7bf238, L:/127.0.0.1:52501 - R:localhost/127.0.0.1:51630] for POST '/session/6626572912d7dee2ecd67c17986ddc0f/execute/sync'
09:45:03.058 [AsyncHttpClient-1-2] DEBUG org.asynchttpclient.netty.handler.HttpHandler - 

Request DefaultHttpRequest(decodeResult: success, version: HTTP/1.1)
POST /session/6626572912d7dee2ecd67c17986ddc0f/execute/sync HTTP/1.1
User-Agent: selenium/4.1.2 (java windows)
Content-Length: 48780
Content-Type: application/json; charset=utf-8
host: localhost:51630
accept: */*

Response DefaultHttpResponse(decodeResult: success, version: HTTP/1.1)
HTTP/1.1 200 OK
Content-Type: application/json; charset=utf-8
cache-control: no-cache
content-length: 14

09:45:03.058 [AsyncHttpClient-1-2] DEBUG org.asynchttpclient.netty.channel.ChannelManager - Adding key: http://localhost:51630 for channel [id: 0x1a7bf238, L:/127.0.0.1:52501 - R:localhost/127.0.0.1:51630]
09:45:03.078 [Forwarding findElement on session 6626572912d7dee2ecd67c17986ddc0f to remote] DEBUG org.asynchttpclient.netty.request.NettyRequestSender - Using pooled Channel '[id: 0x1a7bf238, L:/127.0.0.1:52501 - R:localhost/127.0.0.1:51630]' for 'POST' to 'http://localhost:51630/session/6626572912d7dee2ecd67c17986ddc0f/element'
09:45:03.078 [Forwarding findElement on session 6626572912d7dee2ecd67c17986ddc0f to remote] DEBUG org.asynchttpclient.netty.request.NettyRequestSender - Using open Channel [id: 0x1a7bf238, L:/127.0.0.1:52501 - R:localhost/127.0.0.1:51630] for POST '/session/6626572912d7dee2ecd67c17986ddc0f/element'
09:45:03.086 [AsyncHttpClient-1-2] DEBUG org.asynchttpclient.netty.handler.HttpHandler - 

Request DefaultHttpRequest(decodeResult: success, version: HTTP/1.1)
POST /session/6626572912d7dee2ecd67c17986ddc0f/element HTTP/1.1
User-Agent: selenium/4.1.2 (java windows)
Content-Length: 89
Content-Type: application/json; charset=utf-8
host: localhost:51630
accept: */*

Response DefaultHttpResponse(decodeResult: success, version: HTTP/1.1)
HTTP/1.1 200 OK
Content-Type: application/json; charset=utf-8
cache-control: no-cache
content-length: 88

09:45:03.087 [AsyncHttpClient-1-2] DEBUG org.asynchttpclient.netty.channel.ChannelManager - Adding key: http://localhost:51630 for channel [id: 0x1a7bf238, L:/127.0.0.1:52501 - R:localhost/127.0.0.1:51630]
09:45:03.089 [Forwarding clickElement on session 6626572912d7dee2ecd67c17986ddc0f to remote] DEBUG org.asynchttpclient.netty.request.NettyRequestSender - Using pooled Channel '[id: 0x1a7bf238, L:/127.0.0.1:52501 - R:localhost/127.0.0.1:51630]' for 'POST' to 'http://localhost:51630/session/6626572912d7dee2ecd67c17986ddc0f/element/90434424-30ed-4fa8-a006-1e876cd6af03/click'
09:45:03.090 [Forwarding clickElement on session 6626572912d7dee2ecd67c17986ddc0f to remote] DEBUG org.asynchttpclient.netty.request.NettyRequestSender - Using open Channel [id: 0x1a7bf238, L:/127.0.0.1:52501 - R:localhost/127.0.0.1:51630] for POST '/session/6626572912d7dee2ecd67c17986ddc0f/element/90434424-30ed-4fa8-a006-1e876cd6af03/click'
09:45:03.130 [AsyncHttpClient-1-2] DEBUG org.asynchttpclient.netty.handler.HttpHandler - 

Request DefaultHttpRequest(decodeResult: success, version: HTTP/1.1)
POST /session/6626572912d7dee2ecd67c17986ddc0f/element/90434424-30ed-4fa8-a006-1e876cd6af03/click HTTP/1.1
User-Agent: selenium/4.1.2 (java windows)
Content-Length: 50
Content-Type: application/json; charset=utf-8
host: localhost:51630
accept: */*

Response DefaultHttpResponse(decodeResult: success, version: HTTP/1.1)
HTTP/1.1 200 OK
Content-Type: application/json; charset=utf-8
cache-control: no-cache
content-length: 14

09:45:03.130 [AsyncHttpClient-1-2] DEBUG org.asynchttpclient.netty.channel.ChannelManager - Adding key: http://localhost:51630 for channel [id: 0x1a7bf238, L:/127.0.0.1:52501 - R:localhost/127.0.0.1:51630]
09:45:03.162 [Forwarding screenshot on session 6626572912d7dee2ecd67c17986ddc0f to remote] DEBUG org.asynchttpclient.netty.request.NettyRequestSender - Using pooled Channel '[id: 0x1a7bf238, L:/127.0.0.1:52501 - R:localhost/127.0.0.1:51630]' for 'GET' to 'http://localhost:51630/session/6626572912d7dee2ecd67c17986ddc0f/screenshot'
09:45:03.163 [Forwarding screenshot on session 6626572912d7dee2ecd67c17986ddc0f to remote] DEBUG org.asynchttpclient.netty.request.NettyRequestSender - Using open Channel [id: 0x1a7bf238, L:/127.0.0.1:52501 - R:localhost/127.0.0.1:51630] for GET '/session/6626572912d7dee2ecd67c17986ddc0f/screenshot'
09:45:03.693 [AsyncHttpClient-1-2] DEBUG org.asynchttpclient.netty.handler.HttpHandler - 

Request DefaultFullHttpRequest(decodeResult: success, version: HTTP/1.1, content: EmptyByteBufBE)
GET /session/6626572912d7dee2ecd67c17986ddc0f/screenshot HTTP/1.1
User-Agent: selenium/4.1.2 (java windows)
Cache-Control: no-cache
Content-Type: application/json; charset=utf-8
host: localhost:51630
accept: */*

Response DefaultHttpResponse(decodeResult: success, version: HTTP/1.1)
HTTP/1.1 200 OK
Content-Type: application/json; charset=utf-8
cache-control: no-cache
content-length: 356292

09:45:03.699 [AsyncHttpClient-1-2] DEBUG org.asynchttpclient.netty.channel.ChannelManager - Adding key: http://localhost:51630 for channel [id: 0x1a7bf238, L:/127.0.0.1:52501 - R:localhost/127.0.0.1:51630]
09:45:03.781 [Test worker] DEBUG net.serenitybdd.core.photography.Darkroom - Send negative for processing for C:\Users\johan\OneDrive\Documentos\KONEX\Pruebas automatizadas\automatizacion_login_backoffice_1v\target\site\serenity\7ca8e1b57829c19636e6ed8bae08dbdbced8b7157d5dca80e47894e941ba3fc0.png
09:45:03.859 [Forwarding screenshot on session 6626572912d7dee2ecd67c17986ddc0f to remote] DEBUG org.asynchttpclient.netty.request.NettyRequestSender - Using pooled Channel '[id: 0x1a7bf238, L:/127.0.0.1:52501 - R:localhost/127.0.0.1:51630]' for 'GET' to 'http://localhost:51630/session/6626572912d7dee2ecd67c17986ddc0f/screenshot'
09:45:03.859 [Forwarding screenshot on session 6626572912d7dee2ecd67c17986ddc0f to remote] DEBUG org.asynchttpclient.netty.request.NettyRequestSender - Using open Channel [id: 0x1a7bf238, L:/127.0.0.1:52501 - R:localhost/127.0.0.1:51630] for GET '/session/6626572912d7dee2ecd67c17986ddc0f/screenshot'
09:45:04.035 [AsyncHttpClient-1-1] DEBUG org.asynchttpclient.netty.channel.DefaultChannelPool - Entry count for : http://localhost:52503 : 1
09:45:04.300 [AsyncHttpClient-1-2] DEBUG org.asynchttpclient.netty.handler.HttpHandler - 

Request DefaultFullHttpRequest(decodeResult: success, version: HTTP/1.1, content: EmptyByteBufBE)
GET /session/6626572912d7dee2ecd67c17986ddc0f/screenshot HTTP/1.1
User-Agent: selenium/4.1.2 (java windows)
Cache-Control: no-cache
Content-Type: application/json; charset=utf-8
host: localhost:51630
accept: */*

Response DefaultHttpResponse(decodeResult: success, version: HTTP/1.1)
HTTP/1.1 200 OK
Content-Type: application/json; charset=utf-8
cache-control: no-cache
content-length: 356016

09:45:04.304 [AsyncHttpClient-1-2] DEBUG org.asynchttpclient.netty.channel.ChannelManager - Adding key: http://localhost:51630 for channel [id: 0x1a7bf238, L:/127.0.0.1:52501 - R:localhost/127.0.0.1:51630]
09:45:04.331 [Test worker] DEBUG net.serenitybdd.core.photography.Darkroom - Send negative for processing for C:\Users\johan\OneDrive\Documentos\KONEX\Pruebas automatizadas\automatizacion_login_backoffice_1v\target\site\serenity\74d307cad5d1f5a1c5d63c1e5ad15f7b77bb700e53963cd67fafc50c30b6ce85.png
09:45:04.331 [Test worker] DEBUG net.thucydides.core.steps.StepInterceptor - STEP DONE: {0} clicks on #target
09:45:04.368 [Test worker] DEBUG net.thucydides.core.steps.StepInterceptor - STARTING STEP: Ingresar.performAs - {0} clicks on #target
09:45:04.369 [Test worker] DEBUG net.serenitybdd.screenplay.targets.IFrameSwitcher - default content already selected for Opcion empresa
09:45:04.521 [Forwarding findElement on session 6626572912d7dee2ecd67c17986ddc0f to remote] DEBUG org.asynchttpclient.netty.request.NettyRequestSender - Using pooled Channel '[id: 0x1a7bf238, L:/127.0.0.1:52501 - R:localhost/127.0.0.1:51630]' for 'POST' to 'http://localhost:51630/session/6626572912d7dee2ecd67c17986ddc0f/element'
09:45:04.522 [Forwarding findElement on session 6626572912d7dee2ecd67c17986ddc0f to remote] DEBUG org.asynchttpclient.netty.request.NettyRequestSender - Using open Channel [id: 0x1a7bf238, L:/127.0.0.1:52501 - R:localhost/127.0.0.1:51630] for POST '/session/6626572912d7dee2ecd67c17986ddc0f/element'
09:45:04.549 [AsyncHttpClient-1-2] DEBUG org.asynchttpclient.netty.handler.HttpHandler - 

Request DefaultHttpRequest(decodeResult: success, version: HTTP/1.1)
POST /session/6626572912d7dee2ecd67c17986ddc0f/element HTTP/1.1
User-Agent: selenium/4.1.2 (java windows)
Content-Length: 78
Content-Type: application/json; charset=utf-8
host: localhost:51630
accept: */*

Response DefaultHttpResponse(decodeResult: success, version: HTTP/1.1)
HTTP/1.1 200 OK
Content-Type: application/json; charset=utf-8
cache-control: no-cache
content-length: 88

09:45:04.549 [AsyncHttpClient-1-2] DEBUG org.asynchttpclient.netty.channel.ChannelManager - Adding key: http://localhost:51630 for channel [id: 0x1a7bf238, L:/127.0.0.1:52501 - R:localhost/127.0.0.1:51630]
09:45:04.581 [Forwarding isElementDisplayed on session 6626572912d7dee2ecd67c17986ddc0f to remote] DEBUG org.asynchttpclient.netty.request.NettyRequestSender - Using pooled Channel '[id: 0x1a7bf238, L:/127.0.0.1:52501 - R:localhost/127.0.0.1:51630]' for 'POST' to 'http://localhost:51630/session/6626572912d7dee2ecd67c17986ddc0f/execute/sync'
09:45:04.581 [Forwarding isElementDisplayed on session 6626572912d7dee2ecd67c17986ddc0f to remote] DEBUG org.asynchttpclient.netty.request.NettyRequestSender - Using open Channel [id: 0x1a7bf238, L:/127.0.0.1:52501 - R:localhost/127.0.0.1:51630] for POST '/session/6626572912d7dee2ecd67c17986ddc0f/execute/sync'
09:45:04.601 [AsyncHttpClient-1-2] DEBUG org.asynchttpclient.netty.handler.HttpHandler - 

Request DefaultHttpRequest(decodeResult: success, version: HTTP/1.1)
POST /session/6626572912d7dee2ecd67c17986ddc0f/execute/sync HTTP/1.1
User-Agent: selenium/4.1.2 (java windows)
Content-Length: 48780
Content-Type: application/json; charset=utf-8
host: localhost:51630
accept: */*

Response DefaultHttpResponse(decodeResult: success, version: HTTP/1.1)
HTTP/1.1 200 OK
Content-Type: application/json; charset=utf-8
cache-control: no-cache
content-length: 14

09:45:04.601 [AsyncHttpClient-1-2] DEBUG org.asynchttpclient.netty.channel.ChannelManager - Adding key: http://localhost:51630 for channel [id: 0x1a7bf238, L:/127.0.0.1:52501 - R:localhost/127.0.0.1:51630]
09:45:04.665 [Forwarding findElement on session 6626572912d7dee2ecd67c17986ddc0f to remote] DEBUG org.asynchttpclient.netty.request.NettyRequestSender - Using pooled Channel '[id: 0x1a7bf238, L:/127.0.0.1:52501 - R:localhost/127.0.0.1:51630]' for 'POST' to 'http://localhost:51630/session/6626572912d7dee2ecd67c17986ddc0f/element'
09:45:04.665 [Forwarding findElement on session 6626572912d7dee2ecd67c17986ddc0f to remote] DEBUG org.asynchttpclient.netty.request.NettyRequestSender - Using open Channel [id: 0x1a7bf238, L:/127.0.0.1:52501 - R:localhost/127.0.0.1:51630] for POST '/session/6626572912d7dee2ecd67c17986ddc0f/element'
09:45:04.681 [AsyncHttpClient-1-2] DEBUG org.asynchttpclient.netty.handler.HttpHandler - 

Request DefaultHttpRequest(decodeResult: success, version: HTTP/1.1)
POST /session/6626572912d7dee2ecd67c17986ddc0f/element HTTP/1.1
User-Agent: selenium/4.1.2 (java windows)
Content-Length: 78
Content-Type: application/json; charset=utf-8
host: localhost:51630
accept: */*

Response DefaultHttpResponse(decodeResult: success, version: HTTP/1.1)
HTTP/1.1 200 OK
Content-Type: application/json; charset=utf-8
cache-control: no-cache
content-length: 88

09:45:04.682 [AsyncHttpClient-1-2] DEBUG org.asynchttpclient.netty.channel.ChannelManager - Adding key: http://localhost:51630 for channel [id: 0x1a7bf238, L:/127.0.0.1:52501 - R:localhost/127.0.0.1:51630]
09:45:04.686 [Forwarding clickElement on session 6626572912d7dee2ecd67c17986ddc0f to remote] DEBUG org.asynchttpclient.netty.request.NettyRequestSender - Using pooled Channel '[id: 0x1a7bf238, L:/127.0.0.1:52501 - R:localhost/127.0.0.1:51630]' for 'POST' to 'http://localhost:51630/session/6626572912d7dee2ecd67c17986ddc0f/element/d72e1035-8a86-4154-b9b7-12a676c20f93/click'
09:45:04.686 [Forwarding clickElement on session 6626572912d7dee2ecd67c17986ddc0f to remote] DEBUG org.asynchttpclient.netty.request.NettyRequestSender - Using open Channel [id: 0x1a7bf238, L:/127.0.0.1:52501 - R:localhost/127.0.0.1:51630] for POST '/session/6626572912d7dee2ecd67c17986ddc0f/element/d72e1035-8a86-4154-b9b7-12a676c20f93/click'
09:45:04.756 [AsyncHttpClient-1-2] DEBUG org.asynchttpclient.netty.handler.HttpHandler - 

Request DefaultHttpRequest(decodeResult: success, version: HTTP/1.1)
POST /session/6626572912d7dee2ecd67c17986ddc0f/element/d72e1035-8a86-4154-b9b7-12a676c20f93/click HTTP/1.1
User-Agent: selenium/4.1.2 (java windows)
Content-Length: 50
Content-Type: application/json; charset=utf-8
host: localhost:51630
accept: */*

Response DefaultHttpResponse(decodeResult: success, version: HTTP/1.1)
HTTP/1.1 200 OK
Content-Type: application/json; charset=utf-8
cache-control: no-cache
content-length: 14

09:45:04.756 [AsyncHttpClient-1-2] DEBUG org.asynchttpclient.netty.channel.ChannelManager - Adding key: http://localhost:51630 for channel [id: 0x1a7bf238, L:/127.0.0.1:52501 - R:localhost/127.0.0.1:51630]
09:45:04.794 [Forwarding screenshot on session 6626572912d7dee2ecd67c17986ddc0f to remote] DEBUG org.asynchttpclient.netty.request.NettyRequestSender - Using pooled Channel '[id: 0x1a7bf238, L:/127.0.0.1:52501 - R:localhost/127.0.0.1:51630]' for 'GET' to 'http://localhost:51630/session/6626572912d7dee2ecd67c17986ddc0f/screenshot'
09:45:04.794 [Forwarding screenshot on session 6626572912d7dee2ecd67c17986ddc0f to remote] DEBUG org.asynchttpclient.netty.request.NettyRequestSender - Using open Channel [id: 0x1a7bf238, L:/127.0.0.1:52501 - R:localhost/127.0.0.1:51630] for GET '/session/6626572912d7dee2ecd67c17986ddc0f/screenshot'
09:45:05.135 [AsyncHttpClient-1-1] DEBUG org.asynchttpclient.netty.channel.DefaultChannelPool - Entry count for : http://localhost:52503 : 1
09:45:05.191 [AsyncHttpClient-1-2] DEBUG org.asynchttpclient.netty.handler.HttpHandler - 

Request DefaultFullHttpRequest(decodeResult: success, version: HTTP/1.1, content: EmptyByteBufBE)
GET /session/6626572912d7dee2ecd67c17986ddc0f/screenshot HTTP/1.1
User-Agent: selenium/4.1.2 (java windows)
Cache-Control: no-cache
Content-Type: application/json; charset=utf-8
host: localhost:51630
accept: */*

Response DefaultHttpResponse(decodeResult: success, version: HTTP/1.1)
HTTP/1.1 200 OK
Content-Type: application/json; charset=utf-8
cache-control: no-cache
content-length: 338272

09:45:05.195 [AsyncHttpClient-1-2] DEBUG org.asynchttpclient.netty.channel.ChannelManager - Adding key: http://localhost:51630 for channel [id: 0x1a7bf238, L:/127.0.0.1:52501 - R:localhost/127.0.0.1:51630]
09:45:05.219 [Test worker] DEBUG net.serenitybdd.core.photography.Darkroom - Send negative for processing for C:\Users\johan\OneDrive\Documentos\KONEX\Pruebas automatizadas\automatizacion_login_backoffice_1v\target\site\serenity\c6290637268dab11d9720b92905ffeb5dc68755659dce6cf11fd67be245c985d.png
09:45:05.248 [Test worker] DEBUG net.thucydides.core.steps.StepInterceptor - STEP DONE: {0} clicks on #target
09:45:05.280 [Forwarding screenshot on session 6626572912d7dee2ecd67c17986ddc0f to remote] DEBUG org.asynchttpclient.netty.request.NettyRequestSender - Using pooled Channel '[id: 0x1a7bf238, L:/127.0.0.1:52501 - R:localhost/127.0.0.1:51630]' for 'GET' to 'http://localhost:51630/session/6626572912d7dee2ecd67c17986ddc0f/screenshot'
09:45:05.280 [Forwarding screenshot on session 6626572912d7dee2ecd67c17986ddc0f to remote] DEBUG org.asynchttpclient.netty.request.NettyRequestSender - Using open Channel [id: 0x1a7bf238, L:/127.0.0.1:52501 - R:localhost/127.0.0.1:51630] for GET '/session/6626572912d7dee2ecd67c17986ddc0f/screenshot'
09:45:05.651 [AsyncHttpClient-1-2] DEBUG org.asynchttpclient.netty.handler.HttpHandler - 

Request DefaultFullHttpRequest(decodeResult: success, version: HTTP/1.1, content: EmptyByteBufBE)
GET /session/6626572912d7dee2ecd67c17986ddc0f/screenshot HTTP/1.1
User-Agent: selenium/4.1.2 (java windows)
Cache-Control: no-cache
Content-Type: application/json; charset=utf-8
host: localhost:51630
accept: */*

Response DefaultHttpResponse(decodeResult: success, version: HTTP/1.1)
HTTP/1.1 200 OK
Content-Type: application/json; charset=utf-8
cache-control: no-cache
content-length: 357780

09:45:05.654 [AsyncHttpClient-1-2] DEBUG org.asynchttpclient.netty.channel.ChannelManager - Adding key: http://localhost:51630 for channel [id: 0x1a7bf238, L:/127.0.0.1:52501 - R:localhost/127.0.0.1:51630]
09:45:05.678 [Test worker] DEBUG net.serenitybdd.core.photography.Darkroom - Send negative for processing for C:\Users\johan\OneDrive\Documentos\KONEX\Pruebas automatizadas\automatizacion_login_backoffice_1v\target\site\serenity\9c022d68cccc6bf16f8f387ef313c533d9ff6b48c8b1660750298df8a324807f.png
09:45:05.679 [Test worker] DEBUG net.thucydides.core.steps.StepInterceptor - STARTING STEP: Ingresar.performAs - {0} clicks on #target
09:45:05.681 [Test worker] DEBUG net.serenitybdd.screenplay.targets.IFrameSwitcher - default content already selected for Boton Aceptar
09:45:05.809 [Forwarding findElement on session 6626572912d7dee2ecd67c17986ddc0f to remote] DEBUG org.asynchttpclient.netty.request.NettyRequestSender - Using pooled Channel '[id: 0x1a7bf238, L:/127.0.0.1:52501 - R:localhost/127.0.0.1:51630]' for 'POST' to 'http://localhost:51630/session/6626572912d7dee2ecd67c17986ddc0f/element'
09:45:05.809 [Forwarding findElement on session 6626572912d7dee2ecd67c17986ddc0f to remote] DEBUG org.asynchttpclient.netty.request.NettyRequestSender - Using open Channel [id: 0x1a7bf238, L:/127.0.0.1:52501 - R:localhost/127.0.0.1:51630] for POST '/session/6626572912d7dee2ecd67c17986ddc0f/element'
09:45:05.829 [AsyncHttpClient-1-2] DEBUG org.asynchttpclient.netty.handler.HttpHandler - 

Request DefaultHttpRequest(decodeResult: success, version: HTTP/1.1)
POST /session/6626572912d7dee2ecd67c17986ddc0f/element HTTP/1.1
User-Agent: selenium/4.1.2 (java windows)
Content-Length: 89
Content-Type: application/json; charset=utf-8
host: localhost:51630
accept: */*

Response DefaultHttpResponse(decodeResult: success, version: HTTP/1.1)
HTTP/1.1 200 OK
Content-Type: application/json; charset=utf-8
cache-control: no-cache
content-length: 88

09:45:05.830 [AsyncHttpClient-1-2] DEBUG org.asynchttpclient.netty.channel.ChannelManager - Adding key: http://localhost:51630 for channel [id: 0x1a7bf238, L:/127.0.0.1:52501 - R:localhost/127.0.0.1:51630]
09:45:05.864 [Forwarding isElementDisplayed on session 6626572912d7dee2ecd67c17986ddc0f to remote] DEBUG org.asynchttpclient.netty.request.NettyRequestSender - Using pooled Channel '[id: 0x1a7bf238, L:/127.0.0.1:52501 - R:localhost/127.0.0.1:51630]' for 'POST' to 'http://localhost:51630/session/6626572912d7dee2ecd67c17986ddc0f/execute/sync'
[...]
09:45:22.735 [AsyncHttpClient-1-1] DEBUG org.asynchttpclient.netty.channel.DefaultChannelPool - Entry count for : http://localhost:52503 : 1
09:45:22.813 [AsyncHttpClient-1-2] DEBUG org.asynchttpclient.netty.handler.HttpHandler - 

Request DefaultFullHttpRequest(decodeResult: success, version: HTTP/1.1, content: EmptyByteBufBE)
GET /session/6626572912d7dee2ecd67c17986ddc0f/screenshot HTTP/1.1
User-Agent: selenium/4.1.2 (java windows)
Cache-Control: no-cache
Content-Type: application/json; charset=utf-8
host: localhost:51630
accept: */*

Response DefaultHttpResponse(decodeResult: success, version: HTTP/1.1)
HTTP/1.1 200 OK
Content-Type: application/json; charset=utf-8
cache-control: no-cache
content-length: 205712

09:45:22.814 [AsyncHttpClient-1-2] DEBUG org.asynchttpclient.netty.channel.ChannelManager - Adding key: http://localhost:51630 for channel [id: 0x1a7bf238, L:/127.0.0.1:52501 - R:localhost/127.0.0.1:51630]
09:45:22.821 [Test worker] DEBUG net.serenitybdd.core.photography.Darkroom - Send negative for processing for C:\Users\johan\OneDrive\Documentos\KONEX\Pruebas automatizadas\automatizacion_login_backoffice_1v\target\site\serenity\8ec3ed0b823dc90b14f7824177b3c6db512eaa4179a7d70309cd483ed005689a.png
09:45:22.822 [Darkroom Processing Line] DEBUG net.serenitybdd.core.photography.DarkroomProcessingLine - Processing screenshot image in /var/screenshots/screenshot-4515249473808880278
09:45:22.822 [Darkroom Processing Line] DEBUG net.serenitybdd.core.photography.DarkroomProcessingLine - Saving screenshot to C:\Users\johan\OneDrive\Documentos\KONEX\Pruebas automatizadas\automatizacion_login_backoffice_1v\target\site\serenity\8ec3ed0b823dc90b14f7824177b3c6db512eaa4179a7d70309cd483ed005689a.png
09:45:22.989 [Forwarding screenshot on session 6626572912d7dee2ecd67c17986ddc0f to remote] DEBUG org.asynchttpclient.netty.request.NettyRequestSender - Using pooled Channel '[id: 0x1a7bf238, L:/127.0.0.1:52501 - R:localhost/127.0.0.1:51630]' for 'GET' to 'http://localhost:51630/session/6626572912d7dee2ecd67c17986ddc0f/screenshot'
09:45:22.989 [Forwarding screenshot on session 6626572912d7dee2ecd67c17986ddc0f to remote] DEBUG org.asynchttpclient.netty.request.NettyRequestSender - Using open Channel [id: 0x1a7bf238, L:/127.0.0.1:52501 - R:localhost/127.0.0.1:51630] for GET '/session/6626572912d7dee2ecd67c17986ddc0f/screenshot'
09:45:23.146 [AsyncHttpClient-1-2] DEBUG org.asynchttpclient.netty.handler.HttpHandler - 

Request DefaultFullHttpRequest(decodeResult: success, version: HTTP/1.1, content: EmptyByteBufBE)
GET /session/6626572912d7dee2ecd67c17986ddc0f/screenshot HTTP/1.1
User-Agent: selenium/4.1.2 (java windows)
Cache-Control: no-cache
Content-Type: application/json; charset=utf-8
host: localhost:51630
accept: */*

Response DefaultHttpResponse(decodeResult: success, version: HTTP/1.1)
HTTP/1.1 200 OK
Content-Type: application/json; charset=utf-8
cache-control: no-cache
content-length: 205408

09:45:23.146 [AsyncHttpClient-1-2] DEBUG org.asynchttpclient.netty.channel.ChannelManager - Adding key: http://localhost:51630 for channel [id: 0x1a7bf238, L:/127.0.0.1:52501 - R:localhost/127.0.0.1:51630]
09:45:23.156 [Test worker] DEBUG net.serenitybdd.core.photography.Darkroom - Send negative for processing for C:\Users\johan\OneDrive\Documentos\KONEX\Pruebas automatizadas\automatizacion_login_backoffice_1v\target\site\serenity\00c1a90c05768efb87d259f6183aae820b0bf798b1a8202459bcae33e58baab4.png
09:45:23.157 [Darkroom Processing Line] DEBUG net.serenitybdd.core.photography.DarkroomProcessingLine - Processing screenshot image in /var/screenshots/screenshot-243253506557220763
09:45:23.157 [Darkroom Processing Line] DEBUG net.serenitybdd.core.photography.DarkroomProcessingLine - Saving screenshot to C:\Users\johan\OneDrive\Documentos\KONEX\Pruebas automatizadas\automatizacion_login_backoffice_1v\target\site\serenity\00c1a90c05768efb87d259f6183aae820b0bf798b1a8202459bcae33e58baab4.png
09:45:23.177 [Test worker] DEBUG net.serenitybdd.screenplay.targets.IFrameSwitcher - default content already selected for mensaje de solicitud enviada exitosamente
09:45:23.188 [Forwarding findElements on session 6626572912d7dee2ecd67c17986ddc0f to remote] DEBUG org.asynchttpclient.netty.request.NettyRequestSender - Using pooled Channel '[id: 0x1a7bf238, L:/127.0.0.1:52501 - R:localhost/127.0.0.1:51630]' for 'POST' to 'http://localhost:51630/session/6626572912d7dee2ecd67c17986ddc0f/elements'
09:45:23.188 [Forwarding findElements on session 6626572912d7dee2ecd67c17986ddc0f to remote] DEBUG org.asynchttpclient.netty.request.NettyRequestSender - Using open Channel [id: 0x1a7bf238, L:/127.0.0.1:52501 - R:localhost/127.0.0.1:51630] for POST '/session/6626572912d7dee2ecd67c17986ddc0f/elements'
09:45:23.475 [AsyncHttpClient-1-2] DEBUG org.asynchttpclient.netty.handler.HttpHandler - 

Request DefaultHttpRequest(decodeResult: success, version: HTTP/1.1)
POST /session/6626572912d7dee2ecd67c17986ddc0f/elements HTTP/1.1
User-Agent: selenium/4.1.2 (java windows)
Content-Length: 158
Content-Type: application/json; charset=utf-8
host: localhost:51630
accept: */*

Response DefaultHttpResponse(decodeResult: success, version: HTTP/1.1)
HTTP/1.1 200 OK
Content-Type: application/json; charset=utf-8
cache-control: no-cache
content-length: 90

09:45:23.475 [AsyncHttpClient-1-2] DEBUG org.asynchttpclient.netty.channel.ChannelManager - Adding key: http://localhost:51630 for channel [id: 0x1a7bf238, L:/127.0.0.1:52501 - R:localhost/127.0.0.1:51630]
09:45:23.496 [Forwarding getElementText on session 6626572912d7dee2ecd67c17986ddc0f to remote] DEBUG org.asynchttpclient.netty.request.NettyRequestSender - Using pooled Channel '[id: 0x1a7bf238, L:/127.0.0.1:52501 - R:localhost/127.0.0.1:51630]' for 'GET' to 'http://localhost:51630/session/6626572912d7dee2ecd67c17986ddc0f/element/d7b5a3da-34a9-4f8e-b413-62c483cd67c1/text'
09:45:23.497 [Forwarding getElementText on session 6626572912d7dee2ecd67c17986ddc0f to remote] DEBUG org.asynchttpclient.netty.request.NettyRequestSender - Using open Channel [id: 0x1a7bf238, L:/127.0.0.1:52501 - R:localhost/127.0.0.1:51630] for GET '/session/6626572912d7dee2ecd67c17986ddc0f/element/d7b5a3da-34a9-4f8e-b413-62c483cd67c1/text'
09:45:23.511 [AsyncHttpClient-1-2] DEBUG org.asynchttpclient.netty.handler.HttpHandler - 

Request DefaultFullHttpRequest(decodeResult: success, version: HTTP/1.1, content: EmptyByteBufBE)
GET /session/6626572912d7dee2ecd67c17986ddc0f/element/d7b5a3da-34a9-4f8e-b413-62c483cd67c1/text HTTP/1.1
User-Agent: selenium/4.1.2 (java windows)
Cache-Control: no-cache
Content-Type: application/json; charset=utf-8
host: localhost:51630
accept: */*

Response DefaultHttpResponse(decodeResult: success, version: HTTP/1.1)
HTTP/1.1 200 OK
Content-Type: application/json; charset=utf-8
cache-control: no-cache
content-length: 97

09:45:23.511 [AsyncHttpClient-1-2] DEBUG org.asynchttpclient.netty.channel.ChannelManager - Adding key: http://localhost:51630 for channel [id: 0x1a7bf238, L:/127.0.0.1:52501 - R:localhost/127.0.0.1:51630]
09:45:23.525 [Forwarding screenshot on session 6626572912d7dee2ecd67c17986ddc0f to remote] DEBUG org.asynchttpclient.netty.request.NettyRequestSender - Using pooled Channel '[id: 0x1a7bf238, L:/127.0.0.1:52501 - R:localhost/127.0.0.1:51630]' for 'GET' to 'http://localhost:51630/session/6626572912d7dee2ecd67c17986ddc0f/screenshot'
09:45:23.525 [Forwarding screenshot on session 6626572912d7dee2ecd67c17986ddc0f to remote] DEBUG org.asynchttpclient.netty.request.NettyRequestSender - Using open Channel [id: 0x1a7bf238, L:/127.0.0.1:52501 - R:localhost/127.0.0.1:51630] for GET '/session/6626572912d7dee2ecd67c17986ddc0f/screenshot'
09:45:23.676 [AsyncHttpClient-1-2] DEBUG org.asynchttpclient.netty.handler.HttpHandler - 

Request DefaultFullHttpRequest(decodeResult: success, version: HTTP/1.1, content: EmptyByteBufBE)
GET /session/6626572912d7dee2ecd67c17986ddc0f/screenshot HTTP/1.1
User-Agent: selenium/4.1.2 (java windows)
Cache-Control: no-cache
Content-Type: application/json; charset=utf-8
host: localhost:51630
accept: */*

Response DefaultHttpResponse(decodeResult: success, version: HTTP/1.1)
HTTP/1.1 200 OK
Content-Type: application/json; charset=utf-8
cache-control: no-cache
content-length: 145956

09:45:23.676 [AsyncHttpClient-1-2] DEBUG org.asynchttpclient.netty.channel.ChannelManager - Adding key: http://localhost:51630 for channel [id: 0x1a7bf238, L:/127.0.0.1:52501 - R:localhost/127.0.0.1:51630]
09:45:23.681 [Test worker] DEBUG net.serenitybdd.core.photography.Darkroom - Send negative for processing for C:\Users\johan\OneDrive\Documentos\KONEX\Pruebas automatizadas\automatizacion_login_backoffice_1v\target\site\serenity\66faffb5459285da82d5c81ff6490319edc8bf5c45511e4ec91c303b2dbeddd0.png
09:45:23.682 [Darkroom Processing Line] DEBUG net.serenitybdd.core.photography.DarkroomProcessingLine - Processing screenshot image in /var/screenshots/screenshot-8053750896055459174
09:45:23.682 [Darkroom Processing Line] DEBUG net.serenitybdd.core.photography.DarkroomProcessingLine - Saving screenshot to C:\Users\johan\OneDrive\Documentos\KONEX\Pruebas automatizadas\automatizacion_login_backoffice_1v\target\site\serenity\66faffb5459285da82d5c81ff6490319edc8bf5c45511e4ec91c303b2dbeddd0.png
09:45:23.705 [Test worker] INFO  - 
  _____   ___   ___   _____     ___     _     ___   ___   ___   ___  
 |_   _| | __| / __| |_   _|   | _ \   /_\   / __| / __| | __| |   \ 
   | |   | _|  \__ \   | |     |  _/  / _ \  \__ \ \__ \ | _|  | |) |
   |_|   |___| |___/   |_|     |_|   /_/ \_\ |___/ |___/ |___| |___/ 

Validar la creacion correcta de un sorteo
----------------------------------------------------------------------
09:45:23.801 [Driver Command Executor] DEBUG org.asynchttpclient.netty.request.NettyRequestSender - Using pooled Channel '[id: 0x1a7bf238, L:/127.0.0.1:52501 - R:localhost/127.0.0.1:51630]' for 'DELETE' to 'http://localhost:51630/session/6626572912d7dee2ecd67c17986ddc0f'
09:45:23.801 [Driver Command Executor] DEBUG org.asynchttpclient.netty.request.NettyRequestSender - Using open Channel [id: 0x1a7bf238, L:/127.0.0.1:52501 - R:localhost/127.0.0.1:51630] for DELETE '/session/6626572912d7dee2ecd67c17986ddc0f'
09:45:23.805 [AsyncHttpClient-1-4] DEBUG org.asynchttpclient.netty.handler.WebSocketHandler - Channel Closed: [id: 0xbbd944df, L:/127.0.0.1:52510 ! R:localhost/127.0.0.1:52503] with attribute NettyResponseFuture{currentRetry=5,
	isDone=1,
	isCancelled=0,
	asyncHandler=org.asynchttpclient.ws.WebSocketUpgradeHandler@33bc67d2,
	nettyRequest=org.asynchttpclient.netty.request.NettyRequest@4a4e790f,
	future=java.util.concurrent.CompletableFuture@6419cc5e[Completed normally],
	uri=ws://localhost:52503/devtools/browser/5886a848-268a-4abb-afc4-f48a91480b73,
	keepAlive=true,
	redirectCount=0,
	timeoutsHolder=null,
	inAuth=0,
	touch=1681483496933}
09:45:23.806 [AsyncHttpClient-1-4] DEBUG org.asynchttpclient.netty.channel.ChannelManager - Closing Channel [id: 0xbbd944df, L:/127.0.0.1:52510 ! R:localhost/127.0.0.1:52503] 
09:45:23.839 [AsyncHttpClient-1-1] DEBUG org.asynchttpclient.netty.channel.DefaultChannelPool - Entry count for : http://localhost:52503 : 1
09:45:23.848 [AsyncHttpClient-1-3] DEBUG org.asynchttpclient.netty.handler.HttpHandler - Unexpected I/O exception on channel [id: 0x21857ee2, L:/127.0.0.1:52509 - R:localhost/127.0.0.1:52503]
java.io.IOException: Se ha forzado la interrupción de una conexión existente por el host remoto
	at sun.nio.ch.SocketDispatcher.read0(Native Method)
	at sun.nio.ch.SocketDispatcher.read(SocketDispatcher.java:43)
	at sun.nio.ch.IOUtil.readIntoNativeBuffer(IOUtil.java:223)
	at sun.nio.ch.IOUtil.read(IOUtil.java:192)
	at sun.nio.ch.SocketChannelImpl.read(SocketChannelImpl.java:380)
	at io.netty.buffer.PooledByteBuf.setBytes(PooledByteBuf.java:258)
	at io.netty.buffer.AbstractByteBuf.writeBytes(AbstractByteBuf.java:1132)
	at io.netty.channel.socket.nio.NioSocketChannel.doReadBytes(NioSocketChannel.java:350)
	at io.netty.channel.nio.AbstractNioByteChannel$NioByteUnsafe.read(AbstractNioByteChannel.java:151)
	at io.netty.channel.nio.NioEventLoop.processSelectedKey(NioEventLoop.java:722)
	at io.netty.channel.nio.NioEventLoop.processSelectedKeysOptimized(NioEventLoop.java:658)
	at io.netty.channel.nio.NioEventLoop.processSelectedKeys(NioEventLoop.java:584)
	at io.netty.channel.nio.NioEventLoop.run(NioEventLoop.java:496)
	at io.netty.util.concurrent.SingleThreadEventExecutor$4.run(SingleThreadEventExecutor.java:986)
	at io.netty.util.internal.ThreadExecutorMap$2.run(ThreadExecutorMap.java:74)
	at io.netty.util.concurrent.FastThreadLocalRunnable.run(FastThreadLocalRunnable.java:30)
	at java.lang.Thread.run(Thread.java:748)
09:45:23.848 [AsyncHttpClient-1-3] DEBUG org.asynchttpclient.netty.channel.ChannelManager - Closing Channel [id: 0x21857ee2, L:/127.0.0.1:52509 - R:localhost/127.0.0.1:52503] 
09:45:23.851 [AsyncHttpClient-1-3] DEBUG org.asynchttpclient.netty.handler.HttpHandler - Channel Closed: [id: 0x21857ee2, L:/127.0.0.1:52509 ! R:localhost/127.0.0.1:52503] with attribute DISCARD
09:45:23.864 [AsyncHttpClient-1-2] DEBUG org.asynchttpclient.netty.handler.HttpHandler - 

Request DefaultFullHttpRequest(decodeResult: success, version: HTTP/1.1, content: EmptyByteBufBE)
DELETE /session/6626572912d7dee2ecd67c17986ddc0f HTTP/1.1
User-Agent: selenium/4.1.2 (java windows)
Content-Type: application/json; charset=utf-8
host: localhost:51630
accept: */*

Response DefaultHttpResponse(decodeResult: success, version: HTTP/1.1)
HTTP/1.1 200 OK
Content-Type: application/json; charset=utf-8
cache-control: no-cache
content-length: 14

09:45:23.865 [AsyncHttpClient-1-2] DEBUG org.asynchttpclient.netty.channel.ChannelManager - Adding key: http://localhost:51630 for channel [id: 0x1a7bf238, L:/127.0.0.1:52501 - R:localhost/127.0.0.1:51630]
09:45:23.947 [AsyncHttpClient-1-2] DEBUG org.asynchttpclient.netty.handler.HttpHandler - Channel Closed: [id: 0x1a7bf238, L:/127.0.0.1:52501 ! R:localhost/127.0.0.1:51630] with attribute DISCARD
09:45:24.475 [Test worker] DEBUG net.thucydides.core.reports.ReportService - Reporting formats: [JSON, HTML]
09:45:24.591 [Test worker] DEBUG net.thucydides.core.reports.ReportService - Reporting formats: [JSON, HTML]
09:45:24.641 [Test worker] DEBUG net.thucydides.core.reports.ReportService - Generating reports for 1 test outcomes using: net.thucydides.core.reports.json.JSONTestOutcomeReporter@aee05f4
09:45:24.648 [pool-1-thread-1] DEBUG net.thucydides.core.reports.ReportService - Processing test outcome Administracion de sorteos:Validar la creacion correcta de un sorteo
09:45:24.649 [pool-1-thread-1] DEBUG net.thucydides.core.reports.ReportService - net.thucydides.core.reports.json.JSONTestOutcomeReporter@aee05f4: Generating report for test outcome: Administracion de sorteos:Validar la creacion correcta de un sorteo
09:45:24.655 [pool-1-thread-1] DEBUG net.thucydides.core.reports.json.JSONTestOutcomeReporter - Generating JSON report for Validar la creacion correcta de un sorteo to file C:\Users\johan\OneDrive\Documentos\KONEX\Pruebas automatizadas\automatizacion_login_backoffice_1v\target\site\serenity\caf3e313004110f476018879aa0d15d9a347af50dffde77f9edea79176581963.json (using temp file C:\Users\johan\OneDrive\Documentos\KONEX\Pruebas automatizadas\automatizacion_login_backoffice_1v\target\site\serenity\caf3e313004110f476018879aa0d15d9a347af50dffde77f9edea79176581963.json9511e9a1-d994-47b5-8c83-ef8c93bbddc0)
09:45:24.750 [pool-1-thread-1] DEBUG net.thucydides.core.reports.ReportService - Processing test outcome Administracion de sorteos:Validar la creacion correcta de un sorteo done
09:45:24.750 [Test worker] DEBUG net.thucydides.core.reports.ReportService - Shutting down executor service
09:45:24.750 [Test worker] DEBUG net.thucydides.core.reports.ReportService - Reports generated in: 109 ms
09:45:24.750 [Test worker] DEBUG net.thucydides.core.reports.ReportService - Generating reports for 1 test outcomes using: net.thucydides.core.reports.html.HtmlAcceptanceTestReporter@6b7c4734
09:45:24.751 [pool-2-thread-1] DEBUG net.thucydides.core.reports.ReportService - Processing test outcome Administracion de sorteos:Validar la creacion correcta de un sorteo
09:45:24.751 [pool-2-thread-1] DEBUG net.thucydides.core.reports.ReportService - net.thucydides.core.reports.html.HtmlAcceptanceTestReporter@6b7c4734: Generating report for test outcome: Administracion de sorteos:Validar la creacion correcta de un sorteo
09:45:24.934 [AsyncHttpClient-1-1] DEBUG org.asynchttpclient.netty.channel.DefaultChannelPool - Entry count for : http://localhost:52503 : 1
09:45:24.934 [AsyncHttpClient-1-1] DEBUG org.asynchttpclient.netty.channel.DefaultChannelPool - Entry count for : http://localhost:51630 : 1
09:45:24.934 [AsyncHttpClient-1-1] DEBUG org.asynchttpclient.netty.channel.DefaultChannelPool - Adding Candidate expired Channel [id: 0x21857ee2, L:/127.0.0.1:52509 ! R:localhost/127.0.0.1:52503] isIdleTimeoutExpired=false isRemotelyClosed=true isTtlExpired=false
09:45:24.934 [AsyncHttpClient-1-1] DEBUG org.asynchttpclient.netty.channel.DefaultChannelPool - Closing Idle Channel [id: 0x21857ee2, L:/127.0.0.1:52509 ! R:localhost/127.0.0.1:52503]
09:45:24.934 [AsyncHttpClient-1-1] DEBUG org.asynchttpclient.netty.channel.DefaultChannelPool - Adding Candidate expired Channel [id: 0x1a7bf238, L:/127.0.0.1:52501 ! R:localhost/127.0.0.1:51630] isIdleTimeoutExpired=false isRemotelyClosed=true isTtlExpired=false
09:45:24.934 [AsyncHttpClient-1-1] DEBUG org.asynchttpclient.netty.channel.DefaultChannelPool - Closing Idle Channel [id: 0x1a7bf238, L:/127.0.0.1:52501 ! R:localhost/127.0.0.1:51630]
09:45:24.934 [AsyncHttpClient-1-1] DEBUG org.asynchttpclient.netty.channel.DefaultChannelPool - Closed 2 connections out of 2 in 0 ms
09:45:29.986 [pool-2-thread-1] DEBUG net.thucydides.core.reports.ReportService - Processing test outcome Administracion de sorteos:Validar la creacion correcta de un sorteo done
09:45:29.987 [Test worker] DEBUG net.thucydides.core.reports.ReportService - Shutting down executor service
09:45:29.987 [Test worker] DEBUG net.thucydides.core.reports.ReportService - Reports generated in: 5237 ms
09:45:30.297 [Test worker] DEBUG net.serenitybdd.core.photography.Darkroom - Closing darkroom
09:45:30.297 [Darkroom Processing Line] DEBUG net.serenitybdd.core.photography.DarkroomProcessingLine - Darkroom processing line shutting down
09:45:30.302 [Test worker] DEBUG net.serenitybdd.core.photography.Darkroom - Closing darkroom
]]></system-out>
  <system-err><![CDATA[Starting ChromeDriver 112.0.5615.49 (bd2a7bcb881c11e8cfe3078709382934e3916914-refs/branch-heads/5615@{#936}) on port 51630
Only local connections are allowed.
Please see https://chromedriver.chromium.org/security-considerations for suggestions on keeping ChromeDriver safe.
ChromeDriver was started successfully.
abr 14, 2023 9:44:56 AM org.openqa.selenium.remote.ProtocolHandshake createSession
INFORMACIÓN: Detected dialect: W3C
abr 14, 2023 9:44:56 AM org.openqa.selenium.devtools.CdpVersionFinder findNearestMatch
ADVERTENCIA: Unable to find an exact match for CDP version 112, so returning the closest version found: a no-op implementation
abr 14, 2023 9:44:56 AM org.openqa.selenium.devtools.CdpVersionFinder findNearestMatch
INFORMACIÓN: Unable to find CDP implementation matching 112.
abr 14, 2023 9:44:56 AM org.openqa.selenium.chromium.ChromiumDriver lambda$new$3
ADVERTENCIA: Unable to find version of CDP to use for . You may need to include a dependency on a specific version of the CDP using something similar to `org.seleniumhq.selenium:selenium-devtools-v86:4.1.2` where the version ("v86") matches the version of the chromium-based browser you're using and the version number of the artifact is the same as Selenium's.
]]></system-err>
</testsuite>
